#
# There is insufficient memory for the Java Runtime Environment to continue.
# Native memory allocation (malloc) failed to allocate 1947808 bytes for Chunk::new
# Possible reasons:
#   The system is out of physical RAM or swap space
#   The process is running with CompressedOops enabled, and the Java Heap may be blocking the growth of the native heap
# Possible solutions:
#   Reduce memory load on the system
#   Increase physical memory or swap space
#   Check if swap backing store is full
#   Decrease Java heap size (-Xmx/-Xms)
#   Decrease number of Java threads
#   Decrease Java thread stack sizes (-Xss)
#   Set larger code cache with -XX:ReservedCodeCacheSize=
#   JVM is running with Unscaled Compressed Oops mode in which the Java heap is
#     placed in the first 4GB address space. The Java Heap base address is the
#     maximum limit for the native heap growth. Please use -XX:HeapBaseMinAddress
#     to set the Java Heap base and to place the Java Heap above 4GB virtual address.
# This output file may be truncated or incomplete.
#
#  Out of Memory Error (arena.cpp:189), pid=17088, tid=14524
#
# JRE version: OpenJDK Runtime Environment (17.0.7) (build 17.0.7+0-b2043.56-10550314)
# Java VM: OpenJDK 64-Bit Server VM (17.0.7+0-b2043.56-10550314, mixed mode, tiered, compressed oops, compressed class ptrs, g1 gc, windows-amd64)
# No core dump will be written. Minidumps are not enabled by default on client versions of Windows
#

---------------  S U M M A R Y ------------

Command Line: --add-opens=java.base/java.util=ALL-UNNAMED --add-opens=java.base/java.lang=ALL-UNNAMED --add-opens=java.base/java.lang.invoke=ALL-UNNAMED --add-opens=java.prefs/java.util.prefs=ALL-UNNAMED --add-opens=java.base/java.nio.charset=ALL-UNNAMED --add-opens=java.base/java.net=ALL-UNNAMED --add-opens=java.base/java.util.concurrent.atomic=ALL-UNNAMED -Xmx2048m -Dfile.encoding=UTF-8 -Duser.country=US -Duser.language=en -Duser.variant org.gradle.launcher.daemon.bootstrap.GradleDaemon 8.0

Host: 12th Gen Intel(R) Core(TM) i5-1235U, 12 cores, 7G,  Windows 11 , 64 bit Build 22621 (10.0.22621.2506)
Time: Tue Dec 19 18:37:40 2023 Pakistan Standard Time elapsed time: 7.926965 seconds (0d 0h 0m 7s)

---------------  T H R E A D  ---------------

Current thread (0x00000260cfe98f40):  JavaThread "C2 CompilerThread1" daemon [_thread_in_native, id=14524, stack(0x0000009b74700000,0x0000009b74800000)]


Current CompileTask:
C2:   7927 2883   !   4       java.lang.ClassLoader::loadClass (121 bytes)

Stack: [0x0000009b74700000,0x0000009b74800000]
Native frames: (J=compiled Java code, j=interpreted, Vv=VM code, C=native code)
V  [jvm.dll+0x683bfa]
V  [jvm.dll+0x8430a4]
V  [jvm.dll+0x8449be]
V  [jvm.dll+0x845023]
V  [jvm.dll+0x24ad2f]
V  [jvm.dll+0xac25c]
V  [jvm.dll+0xac82c]
V  [jvm.dll+0x36a187]
V  [jvm.dll+0x1be138]
V  [jvm.dll+0x21d3a9]
V  [jvm.dll+0x21c671]
V  [jvm.dll+0x1a605d]
V  [jvm.dll+0x22c148]
V  [jvm.dll+0x22a209]
V  [jvm.dll+0x7f858c]
V  [jvm.dll+0x7f2aea]
V  [jvm.dll+0x682a35]
C  [ucrtbase.dll+0x29363]
C  [KERNEL32.DLL+0x1257d]
C  [ntdll.dll+0x5aa58]


---------------  P R O C E S S  ---------------

Threads class SMR info:
_java_thread_list=0x00000260d01adf30, length=46, elements={
0x00000260af509920, 0x00000260c9924270, 0x00000260c9924ee0, 0x00000260c97d99b0,
0x00000260c97db4d0, 0x00000260c97de6b0, 0x00000260c9966440, 0x00000260c99735d0,
0x00000260c9976080, 0x00000260c9980980, 0x00000260c9964760, 0x00000260c9965f70,
0x00000260c9965100, 0x00000260c99638f0, 0x00000260c9966910, 0x00000260c9965aa0,
0x00000260c9966de0, 0x00000260c9964290, 0x00000260c9964c30, 0x00000260c99655d0,
0x00000260c99672b0, 0x00000260d0b83e20, 0x00000260d0b85fd0, 0x00000260d0b812d0,
0x00000260d0b864a0, 0x00000260d0b83950, 0x00000260d0b82ae0, 0x00000260d0b85b00,
0x00000260d0b82fb0, 0x00000260d0b80930, 0x00000260d0b817a0, 0x00000260d0b86e40,
0x00000260d0b80e00, 0x00000260d0b86970, 0x00000260d0b85630, 0x00000260d0b842f0,
0x00000260d0b87cb0, 0x00000260d0b87310, 0x00000260d0b877e0, 0x00000260d0b81c70,
0x00000260d0b847c0, 0x00000260cfe98f40, 0x00000260d0b88180, 0x00000260d0b82140,
0x00000260d0b82610, 0x00000260d0b60970
}

Java Threads: ( => current thread )
  0x00000260af509920 JavaThread "main" [_thread_blocked, id=14632, stack(0x0000009b70c00000,0x0000009b70d00000)]
  0x00000260c9924270 JavaThread "Reference Handler" daemon [_thread_blocked, id=10912, stack(0x0000009b71300000,0x0000009b71400000)]
  0x00000260c9924ee0 JavaThread "Finalizer" daemon [_thread_blocked, id=3224, stack(0x0000009b71400000,0x0000009b71500000)]
  0x00000260c97d99b0 JavaThread "Signal Dispatcher" daemon [_thread_blocked, id=12824, stack(0x0000009b71500000,0x0000009b71600000)]
  0x00000260c97db4d0 JavaThread "Attach Listener" daemon [_thread_blocked, id=8312, stack(0x0000009b71600000,0x0000009b71700000)]
  0x00000260c97de6b0 JavaThread "Service Thread" daemon [_thread_blocked, id=17240, stack(0x0000009b71700000,0x0000009b71800000)]
  0x00000260c9966440 JavaThread "Monitor Deflation Thread" daemon [_thread_blocked, id=2936, stack(0x0000009b71800000,0x0000009b71900000)]
  0x00000260c99735d0 JavaThread "C2 CompilerThread0" daemon [_thread_in_native, id=400, stack(0x0000009b71900000,0x0000009b71a00000)]
  0x00000260c9976080 JavaThread "C1 CompilerThread0" daemon [_thread_blocked, id=11628, stack(0x0000009b71a00000,0x0000009b71b00000)]
  0x00000260c9980980 JavaThread "Sweeper thread" daemon [_thread_blocked, id=7344, stack(0x0000009b71b00000,0x0000009b71c00000)]
  0x00000260c9964760 JavaThread "Common-Cleaner" daemon [_thread_blocked, id=5400, stack(0x0000009b71c00000,0x0000009b71d00000)]
  0x00000260c9965f70 JavaThread "Notification Thread" daemon [_thread_blocked, id=2972, stack(0x0000009b71d00000,0x0000009b71e00000)]
  0x00000260c9965100 JavaThread "Daemon health stats" [_thread_blocked, id=5656, stack(0x0000009b72500000,0x0000009b72600000)]
  0x00000260c99638f0 JavaThread "Incoming local TCP Connector on port 50049" [_thread_in_native, id=6296, stack(0x0000009b72000000,0x0000009b72100000)]
  0x00000260c9966910 JavaThread "Daemon periodic checks" [_thread_blocked, id=6284, stack(0x0000009b72400000,0x0000009b72500000)]
  0x00000260c9965aa0 JavaThread "Daemon" [_thread_blocked, id=12068, stack(0x0000009b72700000,0x0000009b72800000)]
  0x00000260c9966de0 JavaThread "Handler for socket connection from /127.0.0.1:50049 to /127.0.0.1:50050" [_thread_in_native, id=5936, stack(0x0000009b72800000,0x0000009b72900000)]
  0x00000260c9964290 JavaThread "Cancel handler" [_thread_blocked, id=15936, stack(0x0000009b72900000,0x0000009b72a00000)]
  0x00000260c9964c30 JavaThread "Daemon worker" [_thread_in_vm, id=7612, stack(0x0000009b72a00000,0x0000009b72b00000)]
  0x00000260c99655d0 JavaThread "Asynchronous log dispatcher for DefaultDaemonConnection: socket connection from /127.0.0.1:50049 to /127.0.0.1:50050" [_thread_blocked, id=5308, stack(0x0000009b72b00000,0x0000009b72c00000)]
  0x00000260c99672b0 JavaThread "Stdin handler" [_thread_blocked, id=10496, stack(0x0000009b72c00000,0x0000009b72d00000)]
  0x00000260d0b83e20 JavaThread "Daemon client event forwarder" [_thread_blocked, id=7912, stack(0x0000009b72d00000,0x0000009b72e00000)]
  0x00000260d0b85fd0 JavaThread "Cache worker for journal cache (C:\Users\PMLS\.gradle\caches\journal-1)" [_thread_blocked, id=13580, stack(0x0000009b72600000,0x0000009b72700000)]
  0x00000260d0b812d0 JavaThread "File lock request listener" [_thread_in_native, id=5848, stack(0x0000009b73500000,0x0000009b73600000)]
  0x00000260d0b864a0 JavaThread "Cache worker for file hash cache (C:\Users\PMLS\.gradle\caches\8.0\fileHashes)" [_thread_blocked, id=9372, stack(0x0000009b73600000,0x0000009b73700000)]
  0x00000260d0b83950 JavaThread "File watcher server" daemon [_thread_in_native, id=6816, stack(0x0000009b73900000,0x0000009b73a00000)]
  0x00000260d0b82ae0 JavaThread "File watcher consumer" daemon [_thread_blocked, id=9392, stack(0x0000009b73a00000,0x0000009b73b00000)]
  0x00000260d0b85b00 JavaThread "jar transforms" [_thread_blocked, id=7744, stack(0x0000009b73b00000,0x0000009b73c00000)]
  0x00000260d0b82fb0 JavaThread "jar transforms Thread 2" [_thread_blocked, id=9844, stack(0x0000009b73c00000,0x0000009b73d00000)]
  0x00000260d0b80930 JavaThread "jar transforms Thread 3" [_thread_blocked, id=9072, stack(0x0000009b73d00000,0x0000009b73e00000)]
  0x00000260d0b817a0 JavaThread "jar transforms Thread 4" [_thread_blocked, id=15624, stack(0x0000009b73e00000,0x0000009b73f00000)]
  0x00000260d0b86e40 JavaThread "jar transforms Thread 5" [_thread_blocked, id=2260, stack(0x0000009b73f00000,0x0000009b74000000)]
  0x00000260d0b80e00 JavaThread "jar transforms Thread 6" [_thread_blocked, id=2760, stack(0x0000009b74000000,0x0000009b74100000)]
  0x00000260d0b86970 JavaThread "jar transforms Thread 7" [_thread_blocked, id=12044, stack(0x0000009b74100000,0x0000009b74200000)]
  0x00000260d0b85630 JavaThread "jar transforms Thread 8" [_thread_blocked, id=16832, stack(0x0000009b74200000,0x0000009b74300000)]
  0x00000260d0b842f0 JavaThread "jar transforms Thread 9" [_thread_blocked, id=2000, stack(0x0000009b74300000,0x0000009b74400000)]
  0x00000260d0b87cb0 JavaThread "jar transforms Thread 10" [_thread_blocked, id=12808, stack(0x0000009b74400000,0x0000009b74500000)]
  0x00000260d0b87310 JavaThread "jar transforms Thread 11" [_thread_blocked, id=1180, stack(0x0000009b74500000,0x0000009b74600000)]
  0x00000260d0b877e0 JavaThread "jar transforms Thread 12" [_thread_blocked, id=12244, stack(0x0000009b74600000,0x0000009b74700000)]
  0x00000260d0b81c70 JavaThread "Cache worker for checksums cache (C:\Androidproject\SocialMediaApp\.gradle\8.0\checksums)" [_thread_blocked, id=12924, stack(0x0000009b73700000,0x0000009b73800000)]
  0x00000260d0b847c0 JavaThread "Cache worker for cache directory md-rule (C:\Users\PMLS\.gradle\caches\8.0\md-rule)" [_thread_blocked, id=14252, stack(0x0000009b73800000,0x0000009b73900000)]
=>0x00000260cfe98f40 JavaThread "C2 CompilerThread1" daemon [_thread_in_native, id=14524, stack(0x0000009b74700000,0x0000009b74800000)]
  0x00000260d0b88180 JavaThread "Cache worker for file content cache (C:\Users\PMLS\.gradle\caches\8.0\fileContent)" [_thread_blocked, id=8096, stack(0x0000009b74800000,0x0000009b74900000)]
  0x00000260d0b82140 JavaThread "Cache worker for file hash cache (C:\Androidproject\SocialMediaApp\.gradle\8.0\fileHashes)" [_thread_blocked, id=7288, stack(0x0000009b74900000,0x0000009b74a00000)]
  0x00000260d0b82610 JavaThread "Cache worker for cache directory md-supplier (C:\Users\PMLS\.gradle\caches\8.0\md-supplier)" [_thread_blocked, id=10412, stack(0x0000009b74a00000,0x0000009b74b00000)]
  0x00000260d0b60970 JavaThread "Cache worker for execution history cache (C:\Users\PMLS\.gradle\caches\8.0\executionHistory)" [_thread_blocked, id=7620, stack(0x0000009b74b00000,0x0000009b74c00000)]

Other Threads:
  0x00000260c97c4ef0 VMThread "VM Thread" [stack: 0x0000009b71200000,0x0000009b71300000] [id=15192]
  0x00000260af59d0b0 WatcherThread [stack: 0x0000009b71e00000,0x0000009b71f00000] [id=2116]
  0x00000260af565cd0 GCTaskThread "GC Thread#0" [stack: 0x0000009b70d00000,0x0000009b70e00000] [id=9956]
  0x00000260ceaee850 GCTaskThread "GC Thread#1" [stack: 0x0000009b72100000,0x0000009b72200000] [id=916]
  0x00000260ce94fc00 GCTaskThread "GC Thread#2" [stack: 0x0000009b72200000,0x0000009b72300000] [id=15388]
  0x00000260ceb40d10 GCTaskThread "GC Thread#3" [stack: 0x0000009b72300000,0x0000009b72400000] [id=13124]
  0x00000260cf4cc8b0 GCTaskThread "GC Thread#4" [stack: 0x0000009b71f00000,0x0000009b72000000] [id=5816]
  0x00000260d0bed830 GCTaskThread "GC Thread#5" [stack: 0x0000009b72e00000,0x0000009b72f00000] [id=13524]
  0x00000260d0100f00 GCTaskThread "GC Thread#6" [stack: 0x0000009b72f00000,0x0000009b73000000] [id=11072]
  0x00000260cfdce5b0 GCTaskThread "GC Thread#7" [stack: 0x0000009b73000000,0x0000009b73100000] [id=6728]
  0x00000260d00fcfe0 GCTaskThread "GC Thread#8" [stack: 0x0000009b73100000,0x0000009b73200000] [id=5924]
  0x00000260cf385380 GCTaskThread "GC Thread#9" [stack: 0x0000009b73200000,0x0000009b73300000] [id=14144]
  0x00000260af576b10 ConcurrentGCThread "G1 Main Marker" [stack: 0x0000009b70e00000,0x0000009b70f00000] [id=2608]
  0x00000260af577420 ConcurrentGCThread "G1 Conc#0" [stack: 0x0000009b70f00000,0x0000009b71000000] [id=16232]
  0x00000260cf385630 ConcurrentGCThread "G1 Conc#1" [stack: 0x0000009b73300000,0x0000009b73400000] [id=8544]
  0x00000260d00d7dc0 ConcurrentGCThread "G1 Conc#2" [stack: 0x0000009b73400000,0x0000009b73500000] [id=6384]
  0x00000260c96220d0 ConcurrentGCThread "G1 Refine#0" [stack: 0x0000009b71000000,0x0000009b71100000] [id=4076]
  0x00000260c96229f0 ConcurrentGCThread "G1 Service" [stack: 0x0000009b71100000,0x0000009b71200000] [id=11844]

Threads with active compile tasks:
C2 CompilerThread0     7970 2998   !   4       java.util.zip.ZipFile::getInputStream (275 bytes)
C2 CompilerThread1     7970 2883   !   4       java.lang.ClassLoader::loadClass (121 bytes)

VM state: not at safepoint (normal execution)

VM Mutex/Monitor currently owned by a thread: None

Heap address: 0x0000000080000000, size: 2048 MB, Compressed Oops mode: 32-bit

CDS archive(s) not mapped
Compressed class space mapped at: 0x0000000100000000-0x0000000140000000, reserved size: 1073741824
Narrow klass base: 0x0000000000000000, Narrow klass shift: 3, Narrow klass range: 0x140000000

GC Precious Log:
 CPUs: 12 total, 12 available
 Memory: 7916M
 Large Page Support: Disabled
 NUMA Support: Disabled
 Compressed Oops: Enabled (32-bit)
 Heap Region Size: 1M
 Heap Min Capacity: 8M
 Heap Initial Capacity: 124M
 Heap Max Capacity: 2G
 Pre-touch: Disabled
 Parallel Workers: 10
 Concurrent Workers: 3
 Concurrent Refinement Workers: 10
 Periodic GC: Disabled

Heap:
 garbage-first heap   total 78848K, used 40974K [0x0000000080000000, 0x0000000100000000)
  region size 1024K, 8 young (8192K), 1 survivors (1024K)
 Metaspace       used 34605K, committed 34944K, reserved 1114112K
  class space    used 4818K, committed 4992K, reserved 1048576K

Heap Regions: E=young(eden), S=young(survivor), O=old, HS=humongous(starts), HC=humongous(continues), CS=collection set, F=free, OA=open archive, CA=closed archive, TAMS=top-at-mark-start (previous, next)
|   0|0x0000000080000000, 0x0000000080100000, 0x0000000080100000|100%|HS|  |TAMS 0x0000000080100000, 0x0000000080000000| Complete 
|   1|0x0000000080100000, 0x0000000080200000, 0x0000000080200000|100%|HC|  |TAMS 0x0000000080200000, 0x0000000080100000| Complete 
|   2|0x0000000080200000, 0x0000000080300000, 0x0000000080300000|100%|HC|  |TAMS 0x0000000080300000, 0x0000000080200000| Complete 
|   3|0x0000000080300000, 0x0000000080400000, 0x0000000080400000|100%|HC|  |TAMS 0x0000000080400000, 0x0000000080300000| Complete 
|   4|0x0000000080400000, 0x0000000080500000, 0x0000000080500000|100%| O|  |TAMS 0x0000000080500000, 0x0000000080400000| Untracked 
|   5|0x0000000080500000, 0x0000000080600000, 0x0000000080600000|100%| O|  |TAMS 0x0000000080600000, 0x0000000080500000| Untracked 
|   6|0x0000000080600000, 0x0000000080700000, 0x0000000080700000|100%| O|  |TAMS 0x0000000080700000, 0x0000000080600000| Untracked 
|   7|0x0000000080700000, 0x0000000080800000, 0x0000000080800000|100%| O|  |TAMS 0x0000000080800000, 0x0000000080700000| Untracked 
|   8|0x0000000080800000, 0x0000000080900000, 0x0000000080900000|100%| O|  |TAMS 0x0000000080900000, 0x0000000080800000| Untracked 
|   9|0x0000000080900000, 0x0000000080a00000, 0x0000000080a00000|100%| O|  |TAMS 0x0000000080a00000, 0x0000000080900000| Untracked 
|  10|0x0000000080a00000, 0x0000000080aeb800, 0x0000000080b00000| 91%| O|  |TAMS 0x0000000080aeb800, 0x0000000080a00000| Untracked 
|  11|0x0000000080b00000, 0x0000000080c00000, 0x0000000080c00000|100%| O|  |TAMS 0x0000000080c00000, 0x0000000080b00000| Untracked 
|  12|0x0000000080c00000, 0x0000000080d00000, 0x0000000080d00000|100%| O|  |TAMS 0x0000000080d00000, 0x0000000080c00000| Untracked 
|  13|0x0000000080d00000, 0x0000000080e00000, 0x0000000080e00000|100%| O|  |TAMS 0x0000000080e00000, 0x0000000080d00000| Untracked 
|  14|0x0000000080e00000, 0x0000000080f00000, 0x0000000080f00000|100%| O|  |TAMS 0x0000000080f00000, 0x0000000080e00000| Untracked 
|  15|0x0000000080f00000, 0x0000000081000000, 0x0000000081000000|100%| O|  |TAMS 0x0000000081000000, 0x0000000080f00000| Untracked 
|  16|0x0000000081000000, 0x0000000081100000, 0x0000000081100000|100%| O|  |TAMS 0x0000000081100000, 0x0000000081000000| Untracked 
|  17|0x0000000081100000, 0x0000000081200000, 0x0000000081200000|100%| O|  |TAMS 0x0000000081200000, 0x0000000081100000| Untracked 
|  18|0x0000000081200000, 0x0000000081300000, 0x0000000081300000|100%| O|  |TAMS 0x0000000081300000, 0x0000000081200000| Untracked 
|  19|0x0000000081300000, 0x0000000081400000, 0x0000000081400000|100%| O|  |TAMS 0x00000000813e6c00, 0x0000000081300000| Untracked 
|  20|0x0000000081400000, 0x0000000081500000, 0x0000000081500000|100%| O|  |TAMS 0x0000000081400000, 0x0000000081400000| Untracked 
|  21|0x0000000081500000, 0x0000000081561200, 0x0000000081600000| 37%| O|  |TAMS 0x0000000081500000, 0x0000000081500000| Untracked 
|  22|0x0000000081600000, 0x0000000081600000, 0x0000000081700000|  0%| F|  |TAMS 0x0000000081600000, 0x0000000081600000| Untracked 
|  23|0x0000000081700000, 0x0000000081800000, 0x0000000081800000|100%|HS|  |TAMS 0x0000000081800000, 0x0000000081700000| Complete 
|  24|0x0000000081800000, 0x0000000081900000, 0x0000000081900000|100%|HC|  |TAMS 0x0000000081900000, 0x0000000081800000| Complete 
|  25|0x0000000081900000, 0x0000000081a00000, 0x0000000081a00000|100%|HS|  |TAMS 0x0000000081a00000, 0x0000000081900000| Complete 
|  26|0x0000000081a00000, 0x0000000081b00000, 0x0000000081b00000|100%|HC|  |TAMS 0x0000000081b00000, 0x0000000081a00000| Complete 
|  27|0x0000000081b00000, 0x0000000081c00000, 0x0000000081c00000|100%|HC|  |TAMS 0x0000000081c00000, 0x0000000081b00000| Complete 
|  28|0x0000000081c00000, 0x0000000081d00000, 0x0000000081d00000|100%|HS|  |TAMS 0x0000000081d00000, 0x0000000081c00000| Complete 
|  29|0x0000000081d00000, 0x0000000081e00000, 0x0000000081e00000|100%|HC|  |TAMS 0x0000000081e00000, 0x0000000081d00000| Complete 
|  30|0x0000000081e00000, 0x0000000081f00000, 0x0000000081f00000|100%| O|  |TAMS 0x0000000081f00000, 0x0000000081e00000| Untracked 
|  31|0x0000000081f00000, 0x0000000082000000, 0x0000000082000000|100%| O|  |TAMS 0x0000000082000000, 0x0000000081f00000| Untracked 
|  32|0x0000000082000000, 0x0000000082100000, 0x0000000082100000|100%| O|  |TAMS 0x0000000082100000, 0x0000000082000000| Untracked 
|  33|0x0000000082100000, 0x0000000082200000, 0x0000000082200000|100%| O|  |TAMS 0x0000000082200000, 0x0000000082100000| Untracked 
|  34|0x0000000082200000, 0x0000000082300000, 0x0000000082300000|100%| O|  |TAMS 0x0000000082300000, 0x0000000082200000| Untracked 
|  35|0x0000000082300000, 0x0000000082300000, 0x0000000082400000|  0%| F|  |TAMS 0x0000000082300000, 0x0000000082300000| Untracked 
|  36|0x0000000082400000, 0x0000000082400000, 0x0000000082500000|  0%| F|  |TAMS 0x0000000082400000, 0x0000000082400000| Untracked 
|  37|0x0000000082500000, 0x0000000082500000, 0x0000000082600000|  0%| F|  |TAMS 0x0000000082500000, 0x0000000082500000| Untracked 
|  38|0x0000000082600000, 0x0000000082600000, 0x0000000082700000|  0%| F|  |TAMS 0x0000000082600000, 0x0000000082600000| Untracked 
|  39|0x0000000082700000, 0x0000000082700000, 0x0000000082800000|  0%| F|  |TAMS 0x0000000082700000, 0x0000000082700000| Untracked 
|  40|0x0000000082800000, 0x0000000082800000, 0x0000000082900000|  0%| F|  |TAMS 0x0000000082800000, 0x0000000082800000| Untracked 
|  41|0x0000000082900000, 0x0000000082900000, 0x0000000082a00000|  0%| F|  |TAMS 0x0000000082900000, 0x0000000082900000| Untracked 
|  42|0x0000000082a00000, 0x0000000082a00000, 0x0000000082b00000|  0%| F|  |TAMS 0x0000000082a00000, 0x0000000082a00000| Untracked 
|  43|0x0000000082b00000, 0x0000000082b00000, 0x0000000082c00000|  0%| F|  |TAMS 0x0000000082b00000, 0x0000000082b00000| Untracked 
|  44|0x0000000082c00000, 0x0000000082c00000, 0x0000000082d00000|  0%| F|  |TAMS 0x0000000082c00000, 0x0000000082c00000| Untracked 
|  45|0x0000000082d00000, 0x0000000082d00000, 0x0000000082e00000|  0%| F|  |TAMS 0x0000000082d00000, 0x0000000082d00000| Untracked 
|  46|0x0000000082e00000, 0x0000000082e00000, 0x0000000082f00000|  0%| F|  |TAMS 0x0000000082e00000, 0x0000000082e00000| Untracked 
|  47|0x0000000082f00000, 0x0000000082f00000, 0x0000000083000000|  0%| F|  |TAMS 0x0000000082f00000, 0x0000000082f00000| Untracked 
|  48|0x0000000083000000, 0x0000000083000000, 0x0000000083100000|  0%| F|  |TAMS 0x0000000083000000, 0x0000000083000000| Untracked 
|  49|0x0000000083100000, 0x00000000831b7020, 0x0000000083200000| 71%| S|CS|TAMS 0x0000000083100000, 0x0000000083100000| Complete 
|  50|0x0000000083200000, 0x0000000083200000, 0x0000000083300000|  0%| F|  |TAMS 0x0000000083200000, 0x0000000083200000| Untracked 
|  51|0x0000000083300000, 0x0000000083300000, 0x0000000083400000|  0%| F|  |TAMS 0x0000000083300000, 0x0000000083300000| Untracked 
|  52|0x0000000083400000, 0x0000000083400000, 0x0000000083500000|  0%| F|  |TAMS 0x0000000083400000, 0x0000000083400000| Untracked 
|  53|0x0000000083500000, 0x0000000083500000, 0x0000000083600000|  0%| F|  |TAMS 0x0000000083500000, 0x0000000083500000| Untracked 
|  54|0x0000000083600000, 0x0000000083600000, 0x0000000083700000|  0%| F|  |TAMS 0x0000000083600000, 0x0000000083600000| Untracked 
|  55|0x0000000083700000, 0x0000000083700000, 0x0000000083800000|  0%| F|  |TAMS 0x0000000083700000, 0x0000000083700000| Untracked 
|  56|0x0000000083800000, 0x0000000083800000, 0x0000000083900000|  0%| F|  |TAMS 0x0000000083800000, 0x0000000083800000| Untracked 
|  57|0x0000000083900000, 0x0000000083900000, 0x0000000083a00000|  0%| F|  |TAMS 0x0000000083900000, 0x0000000083900000| Untracked 
|  58|0x0000000083a00000, 0x0000000083a00000, 0x0000000083b00000|  0%| F|  |TAMS 0x0000000083a00000, 0x0000000083a00000| Untracked 
|  59|0x0000000083b00000, 0x0000000083b00000, 0x0000000083c00000|  0%| F|  |TAMS 0x0000000083b00000, 0x0000000083b00000| Untracked 
|  60|0x0000000083c00000, 0x0000000083c00000, 0x0000000083d00000|  0%| F|  |TAMS 0x0000000083c00000, 0x0000000083c00000| Untracked 
|  61|0x0000000083d00000, 0x0000000083d00000, 0x0000000083e00000|  0%| F|  |TAMS 0x0000000083d00000, 0x0000000083d00000| Untracked 
|  62|0x0000000083e00000, 0x0000000083e00000, 0x0000000083f00000|  0%| F|  |TAMS 0x0000000083e00000, 0x0000000083e00000| Untracked 
|  63|0x0000000083f00000, 0x0000000083f00000, 0x0000000084000000|  0%| F|  |TAMS 0x0000000083f00000, 0x0000000083f00000| Untracked 
|  64|0x0000000084000000, 0x0000000084000000, 0x0000000084100000|  0%| F|  |TAMS 0x0000000084000000, 0x0000000084000000| Untracked 
|  65|0x0000000084100000, 0x0000000084100000, 0x0000000084200000|  0%| F|  |TAMS 0x0000000084100000, 0x0000000084100000| Untracked 
|  66|0x0000000084200000, 0x0000000084200000, 0x0000000084300000|  0%| F|  |TAMS 0x0000000084200000, 0x0000000084200000| Untracked 
|  67|0x0000000084300000, 0x0000000084300000, 0x0000000084400000|  0%| F|  |TAMS 0x0000000084300000, 0x0000000084300000| Untracked 
|  75|0x0000000084b00000, 0x0000000084b00000, 0x0000000084c00000|  0%| F|  |TAMS 0x0000000084b00000, 0x0000000084b00000| Untracked 
|  76|0x0000000084c00000, 0x0000000084c00000, 0x0000000084d00000|  0%| F|  |TAMS 0x0000000084c00000, 0x0000000084c00000| Untracked 
|  77|0x0000000084d00000, 0x0000000084e00000, 0x0000000084e00000|100%| E|  |TAMS 0x0000000084d00000, 0x0000000084d00000| Complete 
|  78|0x0000000084e00000, 0x0000000084f00000, 0x0000000084f00000|100%| E|CS|TAMS 0x0000000084e00000, 0x0000000084e00000| Complete 
|  79|0x0000000084f00000, 0x0000000085000000, 0x0000000085000000|100%| E|CS|TAMS 0x0000000084f00000, 0x0000000084f00000| Complete 
|  80|0x0000000085000000, 0x0000000085100000, 0x0000000085100000|100%| E|CS|TAMS 0x0000000085000000, 0x0000000085000000| Complete 
|  81|0x0000000085100000, 0x0000000085200000, 0x0000000085200000|100%| E|CS|TAMS 0x0000000085100000, 0x0000000085100000| Complete 
|  82|0x0000000085200000, 0x0000000085300000, 0x0000000085300000|100%| E|CS|TAMS 0x0000000085200000, 0x0000000085200000| Complete 
| 123|0x0000000087b00000, 0x0000000087c00000, 0x0000000087c00000|100%| E|CS|TAMS 0x0000000087b00000, 0x0000000087b00000| Complete 

Card table byte_map: [0x00000260c2330000,0x00000260c2730000] _byte_map_base: 0x00000260c1f30000

Marking Bits (Prev, Next): (CMBitMap*) 0x00000260af5661e0, (CMBitMap*) 0x00000260af566220
 Prev Bits: [0x00000260c2b30000, 0x00000260c4b30000)
 Next Bits: [0x00000260c4b30000, 0x00000260c6b30000)

Polling page: 0x00000260ad480000

Metaspace:

Usage:
  Non-class:     29.09 MB used.
      Class:      4.71 MB used.
       Both:     33.80 MB used.

Virtual space:
  Non-class space:       64.00 MB reserved,      29.25 MB ( 46%) committed,  1 nodes.
      Class space:        1.00 GB reserved,       4.88 MB ( <1%) committed,  1 nodes.
             Both:        1.06 GB reserved,      34.12 MB (  3%) committed. 

Chunk freelists:
   Non-Class:  2.69 MB
       Class:  11.03 MB
        Both:  13.72 MB

MaxMetaspaceSize: unlimited
CompressedClassSpaceSize: 1.00 GB
Initial GC threshold: 21.00 MB
Current GC threshold: 55.25 MB
CDS: off
MetaspaceReclaimPolicy: balanced
 - commit_granule_bytes: 65536.
 - commit_granule_words: 8192.
 - virtual_space_node_default_size: 8388608.
 - enlarge_chunks_in_place: 1.
 - new_chunks_are_fully_committed: 0.
 - uncommit_free_chunks: 1.
 - use_allocation_guard: 0.
 - handle_deallocations: 1.


Internal statistics:

num_allocs_failed_limit: 3.
num_arena_births: 360.
num_arena_deaths: 0.
num_vsnodes_births: 2.
num_vsnodes_deaths: 0.
num_space_committed: 546.
num_space_uncommitted: 0.
num_chunks_returned_to_freelist: 3.
num_chunks_taken_from_freelist: 1413.
num_chunk_merges: 3.
num_chunk_splits: 882.
num_chunks_enlarged: 577.
num_inconsistent_stats: 0.

CodeHeap 'non-profiled nmethods': size=120000Kb used=1671Kb max_used=1671Kb free=118328Kb
 bounds [0x00000260ba4b0000, 0x00000260ba720000, 0x00000260c19e0000]
CodeHeap 'profiled nmethods': size=120000Kb used=6316Kb max_used=6316Kb free=113683Kb
 bounds [0x00000260b29e0000, 0x00000260b3010000, 0x00000260b9f10000]
CodeHeap 'non-nmethods': size=5760Kb used=1235Kb max_used=1287Kb free=4524Kb
 bounds [0x00000260b9f10000, 0x00000260ba180000, 0x00000260ba4b0000]
 total_blobs=3555 nmethods=3013 adapters=454
 compilation: enabled
              stopped_count=0, restarted_count=0
 full_count=0

Compilation events (20 events):
Event: 7.785 Thread 0x00000260c9976080 2995       3       java.util.stream.ReduceOps$3ReducingSink::accept (15 bytes)
Event: 7.786 Thread 0x00000260c9976080 nmethod 2995 0x00000260b2ff0290 code [0x00000260b2ff0440, 0x00000260b2ff0628]
Event: 7.794 Thread 0x00000260c9976080 2996       3       java.util.concurrent.locks.AbstractQueuedSynchronizer$Node::getAndUnsetStatus (14 bytes)
Event: 7.795 Thread 0x00000260c9976080 nmethod 2996 0x00000260b2ff0710 code [0x00000260b2ff08c0, 0x00000260b2ff0b88]
Event: 7.802 Thread 0x00000260c9976080 2997       3       java.lang.invoke.MethodHandles$Lookup::resolveOrFail (44 bytes)
Event: 7.804 Thread 0x00000260c9976080 nmethod 2997 0x00000260b2ff0c90 code [0x00000260b2ff0f40, 0x00000260b2ff1be8]
Event: 7.805 Thread 0x00000260c99735d0 2998   !   4       java.util.zip.ZipFile::getInputStream (275 bytes)
Event: 7.854 Thread 0x00000260c9976080 3000       3       com.google.common.collect.Maps::newLinkedHashMap (8 bytes)
Event: 7.855 Thread 0x00000260c9976080 nmethod 3000 0x00000260b2ff2010 code [0x00000260b2ff21c0, 0x00000260b2ff2498]
Event: 7.889 Thread 0x00000260c9976080 3001       3       org.gradle.internal.reflect.MethodSet::<init> (12 bytes)
Event: 7.890 Thread 0x00000260c9976080 nmethod 3001 0x00000260b2ff2610 code [0x00000260b2ff27e0, 0x00000260b2ff2bf8]
Event: 7.890 Thread 0x00000260c9976080 3002       3       org.gradle.internal.reflect.PropertyAccessorType::propertyNameFor (14 bytes)
Event: 7.891 Thread 0x00000260c9976080 nmethod 3002 0x00000260b2ff2d90 code [0x00000260b2ff2f60, 0x00000260b2ff3238]
Event: 7.891 Thread 0x00000260c9976080 3003       3       java.beans.Introspector::decapitalize (68 bytes)
Event: 7.893 Thread 0x00000260c9976080 nmethod 3003 0x00000260b2ff3410 code [0x00000260b2ff3780, 0x00000260b2ff4c28]
Event: 7.895 Thread 0x00000260c9976080 3004       3       com.google.common.collect.ImmutableCollection::<init> (5 bytes)
Event: 7.895 Thread 0x00000260c9976080 nmethod 3004 0x00000260b2ff5390 code [0x00000260b2ff5540, 0x00000260b2ff56f8]
Event: 7.895 Thread 0x00000260c9976080 3005       3       java.lang.Class::getGenericInterfaces (21 bytes)
Event: 7.902 Thread 0x00000260c9976080 nmethod 3005 0x00000260b2ff5810 code [0x00000260b2ff5a00, 0x00000260b2ff5f38]
Event: 7.902 Thread 0x00000260c9976080 3009       3       org.gradle.internal.instantiation.generator.AbstractClassGenerator$InjectionAnnotationValidator::validateMethod (502 bytes)

GC Heap History (14 events):
Event: 1.480 GC heap before
{Heap before GC invocations=0 (full 0):
 garbage-first heap   total 126976K, used 27648K [0x0000000080000000, 0x0000000100000000)
  region size 1024K, 23 young (23552K), 0 survivors (0K)
 Metaspace       used 10258K, committed 10432K, reserved 1114112K
  class space    used 1059K, committed 1152K, reserved 1048576K
}
Event: 1.492 GC heap after
{Heap after GC invocations=1 (full 0):
 garbage-first heap   total 126976K, used 10212K [0x0000000080000000, 0x0000000100000000)
  region size 1024K, 3 young (3072K), 3 survivors (3072K)
 Metaspace       used 10258K, committed 10432K, reserved 1114112K
  class space    used 1059K, committed 1152K, reserved 1048576K
}
Event: 2.255 GC heap before
{Heap before GC invocations=1 (full 0):
 garbage-first heap   total 126976K, used 39908K [0x0000000080000000, 0x0000000100000000)
  region size 1024K, 31 young (31744K), 3 survivors (3072K)
 Metaspace       used 11213K, committed 11456K, reserved 1114112K
  class space    used 1162K, committed 1280K, reserved 1048576K
}
Event: 2.267 GC heap after
{Heap after GC invocations=2 (full 0):
 garbage-first heap   total 126976K, used 14254K [0x0000000080000000, 0x0000000100000000)
  region size 1024K, 4 young (4096K), 4 survivors (4096K)
 Metaspace       used 11213K, committed 11456K, reserved 1114112K
  class space    used 1162K, committed 1280K, reserved 1048576K
}
Event: 4.085 GC heap before
{Heap before GC invocations=2 (full 0):
 garbage-first heap   total 126976K, used 51118K [0x0000000080000000, 0x0000000100000000)
  region size 1024K, 41 young (41984K), 4 survivors (4096K)
 Metaspace       used 21241K, committed 21504K, reserved 1114112K
  class space    used 2558K, committed 2688K, reserved 1048576K
}
Event: 4.110 GC heap after
{Heap after GC invocations=3 (full 0):
 garbage-first heap   total 126976K, used 17953K [0x0000000080000000, 0x0000000100000000)
  region size 1024K, 8 young (8192K), 8 survivors (8192K)
 Metaspace       used 21241K, committed 21504K, reserved 1114112K
  class space    used 2558K, committed 2688K, reserved 1048576K
}
Event: 5.258 GC heap before
{Heap before GC invocations=4 (full 0):
 garbage-first heap   total 65536K, used 49697K [0x0000000080000000, 0x0000000100000000)
  region size 1024K, 41 young (41984K), 8 survivors (8192K)
 Metaspace       used 26467K, committed 26752K, reserved 1114112K
  class space    used 3483K, committed 3648K, reserved 1048576K
}
Event: 5.277 GC heap after
{Heap after GC invocations=5 (full 0):
 garbage-first heap   total 65536K, used 20689K [0x0000000080000000, 0x0000000100000000)
  region size 1024K, 7 young (7168K), 7 survivors (7168K)
 Metaspace       used 26467K, committed 26752K, reserved 1114112K
  class space    used 3483K, committed 3648K, reserved 1048576K
}
Event: 6.487 GC heap before
{Heap before GC invocations=5 (full 0):
 garbage-first heap   total 65536K, used 48337K [0x0000000080000000, 0x0000000100000000)
  region size 1024K, 29 young (29696K), 7 survivors (7168K)
 Metaspace       used 29483K, committed 29824K, reserved 1114112K
  class space    used 4001K, committed 4160K, reserved 1048576K
}
Event: 6.502 GC heap after
{Heap after GC invocations=6 (full 0):
 garbage-first heap   total 65536K, used 32282K [0x0000000080000000, 0x0000000100000000)
  region size 1024K, 4 young (4096K), 4 survivors (4096K)
 Metaspace       used 29483K, committed 29824K, reserved 1114112K
  class space    used 4001K, committed 4160K, reserved 1048576K
}
Event: 6.962 GC heap before
{Heap before GC invocations=6 (full 0):
 garbage-first heap   total 65536K, used 47642K [0x0000000080000000, 0x0000000100000000)
  region size 1024K, 19 young (19456K), 4 survivors (4096K)
 Metaspace       used 31557K, committed 31936K, reserved 1114112K
  class space    used 4330K, committed 4480K, reserved 1048576K
}
Event: 6.972 GC heap after
{Heap after GC invocations=7 (full 0):
 garbage-first heap   total 65536K, used 34009K [0x0000000080000000, 0x0000000100000000)
  region size 1024K, 2 young (2048K), 2 survivors (2048K)
 Metaspace       used 31557K, committed 31936K, reserved 1114112K
  class space    used 4330K, committed 4480K, reserved 1048576K
}
Event: 7.502 GC heap before
{Heap before GC invocations=7 (full 0):
 garbage-first heap   total 65536K, used 48345K [0x0000000080000000, 0x0000000100000000)
  region size 1024K, 16 young (16384K), 2 survivors (2048K)
 Metaspace       used 33536K, committed 33920K, reserved 1114112K
  class space    used 4651K, committed 4800K, reserved 1048576K
}
Event: 7.512 GC heap after
{Heap after GC invocations=8 (full 0):
 garbage-first heap   total 78848K, used 34830K [0x0000000080000000, 0x0000000100000000)
  region size 1024K, 1 young (1024K), 1 survivors (1024K)
 Metaspace       used 33536K, committed 33920K, reserved 1114112K
  class space    used 4651K, committed 4800K, reserved 1048576K
}

Dll operation events (2 events):
Event: 0.013 Loaded shared library C:\Program Files\Android\Android Studio\jbr\bin\java.dll
Event: 0.825 Loaded shared library C:\Program Files\Android\Android Studio\jbr\bin\verify.dll

Deoptimization events (20 events):
Event: 6.297 Thread 0x00000260c9964c30 Uncommon trap: trap_request=0xffffff45 fr.pc=0x00000260ba5e7490 relative=0x0000000000006130
Event: 6.297 Thread 0x00000260c9964c30 Uncommon trap: reason=unstable_if action=reinterpret pc=0x00000260ba5e7490 method=java.net.URLClassLoader.getAndVerifyPackage(Ljava/lang/String;Ljava/util/jar/Manifest;Ljava/net/URL;)Ljava/lang/Package; @ 62 c2
Event: 6.297 Thread 0x00000260c9964c30 DEOPT PACKING pc=0x00000260ba5e7490 sp=0x0000009b72afbe50
Event: 6.297 Thread 0x00000260c9964c30 DEOPT UNPACKING pc=0x00000260b9f669a3 sp=0x0000009b72afbbd8 mode 2
Event: 6.301 Thread 0x00000260c9964c30 Uncommon trap: trap_request=0xffffff45 fr.pc=0x00000260ba5fb998 relative=0x0000000000005b58
Event: 6.301 Thread 0x00000260c9964c30 Uncommon trap: reason=unstable_if action=reinterpret pc=0x00000260ba5fb998 method=java.net.URLClassLoader.getAndVerifyPackage(Ljava/lang/String;Ljava/util/jar/Manifest;Ljava/net/URL;)Ljava/lang/Package; @ 62 c2
Event: 6.301 Thread 0x00000260c9964c30 DEOPT PACKING pc=0x00000260ba5fb998 sp=0x0000009b72afb740
Event: 6.301 Thread 0x00000260c9964c30 DEOPT UNPACKING pc=0x00000260b9f669a3 sp=0x0000009b72afb600 mode 2
Event: 6.516 Thread 0x00000260c9964c30 Uncommon trap: trap_request=0xffffff45 fr.pc=0x00000260ba60e254 relative=0x0000000000005d74
Event: 6.516 Thread 0x00000260c9964c30 Uncommon trap: reason=unstable_if action=reinterpret pc=0x00000260ba60e254 method=java.net.URLClassLoader.getAndVerifyPackage(Ljava/lang/String;Ljava/util/jar/Manifest;Ljava/net/URL;)Ljava/lang/Package; @ 62 c2
Event: 6.516 Thread 0x00000260c9964c30 DEOPT PACKING pc=0x00000260ba60e254 sp=0x0000009b72af9200
Event: 6.516 Thread 0x00000260c9964c30 DEOPT UNPACKING pc=0x00000260b9f669a3 sp=0x0000009b72af9120 mode 2
Event: 6.992 Thread 0x00000260c9964c30 Uncommon trap: trap_request=0xffffff45 fr.pc=0x00000260ba5c8cc4 relative=0x0000000000000764
Event: 6.992 Thread 0x00000260c9964c30 Uncommon trap: reason=unstable_if action=reinterpret pc=0x00000260ba5c8cc4 method=java.util.HashMap.putVal(ILjava/lang/Object;Ljava/lang/Object;ZZ)Ljava/lang/Object; @ 206 c2
Event: 6.992 Thread 0x00000260c9964c30 DEOPT PACKING pc=0x00000260ba5c8cc4 sp=0x0000009b72af8bd0
Event: 6.992 Thread 0x00000260c9964c30 DEOPT UNPACKING pc=0x00000260b9f669a3 sp=0x0000009b72af8b68 mode 2
Event: 7.138 Thread 0x00000260c9964c30 Uncommon trap: trap_request=0xffffff45 fr.pc=0x00000260ba4ff884 relative=0x00000000000005c4
Event: 7.138 Thread 0x00000260c9964c30 Uncommon trap: reason=unstable_if action=reinterpret pc=0x00000260ba4ff884 method=java.util.HashMap.hash(Ljava/lang/Object;)I @ 1 c2
Event: 7.138 Thread 0x00000260c9964c30 DEOPT PACKING pc=0x00000260ba4ff884 sp=0x0000009b72af7490
Event: 7.138 Thread 0x00000260c9964c30 DEOPT UNPACKING pc=0x00000260b9f669a3 sp=0x0000009b72af7338 mode 2

Classes unloaded (0 events):
No events

Classes redefined (0 events):
No events

Internal exceptions (20 events):
Event: 6.585 Thread 0x00000260c9964c30 Exception <a 'java/lang/NoSuchMethodError'{0x000000008516cb88}: static Lorg/gradle/tooling/internal/consumer/versioning/VersionDetails;.<clinit>()V> (0x000000008516cb88) 
thrown [s\src\hotspot\share\prims\jni.cpp, line 1108]
Event: 6.586 Thread 0x00000260c9964c30 Exception <a 'java/lang/NoSuchMethodError'{0x000000008516f530}: static Lorg/gradle/tooling/internal/consumer/versioning/VersionDetails$R26VersionDetails;.<clinit>()V> (0x000000008516f530) 
thrown [s\src\hotspot\share\prims\jni.cpp, line 1108]
Event: 6.586 Thread 0x00000260c9964c30 Exception <a 'java/lang/NoSuchMethodError'{0x0000000085170aa8}: static Lorg/gradle/tooling/internal/consumer/versioning/VersionDetails$R28VersionDetails;.<clinit>()V> (0x0000000085170aa8) 
thrown [s\src\hotspot\share\prims\jni.cpp, line 1108]
Event: 6.586 Thread 0x00000260c9964c30 Exception <a 'java/lang/NoSuchMethodError'{0x0000000085171fb0}: static Lorg/gradle/tooling/internal/consumer/versioning/VersionDetails$R35VersionDetails;.<clinit>()V> (0x0000000085171fb0) 
thrown [s\src\hotspot\share\prims\jni.cpp, line 1108]
Event: 6.587 Thread 0x00000260c9964c30 Exception <a 'java/lang/NoSuchMethodError'{0x0000000085173680}: static Lorg/gradle/tooling/internal/consumer/versioning/VersionDetails$R44VersionDetails;.<clinit>()V> (0x0000000085173680) 
thrown [s\src\hotspot\share\prims\jni.cpp, line 1108]
Event: 6.587 Thread 0x00000260c9964c30 Exception <a 'java/lang/NoSuchMethodError'{0x0000000085174c88}: static Lorg/gradle/tooling/internal/consumer/versioning/VersionDetails$R48VersionDetails;.<clinit>()V> (0x0000000085174c88) 
thrown [s\src\hotspot\share\prims\jni.cpp, line 1108]
Event: 6.587 Thread 0x00000260c9964c30 Exception <a 'java/lang/NoSuchMethodError'{0x0000000085175e88}: static Lorg/gradle/tooling/internal/consumer/versioning/VersionDetails$R51VersionDetails;.<clinit>()V> (0x0000000085175e88) 
thrown [s\src\hotspot\share\prims\jni.cpp, line 1108]
Event: 6.648 Thread 0x00000260c9964c30 Exception <a 'java/lang/NoSuchMethodError'{0x00000000850671a8}: 'java.lang.Object java.lang.invoke.DirectMethodHandle$Holder.newInvokeSpecial(java.lang.Object, java.lang.Object, int)'> (0x00000000850671a8) 
thrown [s\src\hotspot\share\interpreter\linkResolver.cpp, line 771]
Event: 6.931 Thread 0x00000260c9964c30 Exception <a 'java/lang/NoSuchMethodError'{0x0000000083289948}: 'java.lang.Object java.lang.invoke.DirectMethodHandle$Holder.invokeSpecialIFC(java.lang.Object, java.lang.Object, java.lang.Object, java.lang.Object)'> (0x0000000083289948) 
thrown [s\src\hotspot\share\interpreter\linkResolver.cpp, line 771]
Event: 7.138 Thread 0x00000260c9964c30 Implicit null exception at 0x00000260ba4ff30c to 0x00000260ba4ff864
Event: 7.236 Thread 0x00000260c9964c30 Exception <a 'java/lang/NoSuchMethodError'{0x0000000084eeb440}: 'java.lang.Object java.lang.invoke.DirectMethodHandle$Holder.invokeSpecial(java.lang.Object, java.lang.Object, java.lang.Object, java.lang.Object, java.lang.Object, java.lang.Object, java.lang.Object, java.lang.Object, java.lang.Object, java.lang.Object, java.lang.Object, java.lang.Object, java.lang.Object)'> (0x0000000084eeb440) 
thrown [s\src\hotspot\share\interpreter\linkResolver.cpp, line 771]
Event: 7.238 Thread 0x00000260c9964c30 Exception <a 'java/lang/NoSuchMethodError'{0x0000000084efca68}: 'java.lang.Object java.lang.invoke.DirectMethodHandle$Holder.newInvokeSpecial(java.lang.Object, java.lang.Object, java.lang.Object, java.lang.Object, java.lang.Object, java.lang.Object, java.lang.Object, java.lang.Object, java.lang.Object, java.lang.Object, java.lang.Object)'> (0x0000000084efca68) 
thrown [s\src\hotspot\share\interpreter\linkResolver.cpp, line 771]
Event: 7.238 Thread 0x00000260c9964c30 Exception <a 'java/lang/NoSuchMethodError'{0x0000000084d01f98}: 'java.lang.Object java.lang.invoke.Invokers$Holder.linkToTargetMethod(java.lang.Object, java.lang.Object, java.lang.Object, java.lang.Object, java.lang.Object, java.lang.Object, java.lang.Object, java.lang.Object, java.lang.Object, java.lang.Object, java.lang.Object)'> (0x0000000084d01f98) 
thrown [s\src\hotspot\share\interpreter\linkResolver.cpp, line 771]
Event: 7.247 Thread 0x00000260c9964c30 Exception <a 'java/lang/NoSuchMethodError'{0x0000000084d4a0f8}: 'java.lang.Object java.lang.invoke.DirectMethodHandle$Holder.invokeSpecial(java.lang.Object, java.lang.Object, java.lang.Object, java.lang.Object, java.lang.Object, java.lang.Object, java.lang.Object, java.lang.Object, java.lang.Object, java.lang.Object, java.lang.Object, java.lang.Object, java.lang.Object, java.lang.Object)'> (0x0000000084d4a0f8) 
thrown [s\src\hotspot\share\interpreter\linkResolver.cpp, line 771]
Event: 7.249 Thread 0x00000260c9964c30 Exception <a 'java/lang/NoSuchMethodError'{0x0000000084d5c720}: 'java.lang.Object java.lang.invoke.DirectMethodHandle$Holder.newInvokeSpecial(java.lang.Object, java.lang.Object, java.lang.Object, java.lang.Object, java.lang.Object, java.lang.Object, java.lang.Object, java.lang.Object, java.lang.Object, java.lang.Object, java.lang.Object, java.lang.Object)'> (0x0000000084d5c720) 
thrown [s\src\hotspot\share\interpreter\linkResolver.cpp, line 771]
Event: 7.250 Thread 0x00000260c9964c30 Exception <a 'java/lang/NoSuchMethodError'{0x0000000084d620b8}: 'java.lang.Object java.lang.invoke.Invokers$Holder.linkToTargetMethod(java.lang.Object, java.lang.Object, java.lang.Object, java.lang.Object, java.lang.Object, java.lang.Object, java.lang.Object, java.lang.Object, java.lang.Object, java.lang.Object, java.lang.Object, java.lang.Object)'> (0x0000000084d620b8) 
thrown [s\src\hotspot\share\interpreter\linkResolver.cpp, line 771]
Event: 7.275 Thread 0x00000260c9964c30 Exception <a 'java/lang/NoSuchMethodError'{0x0000000084dfea70}: 'java.lang.Object java.lang.invoke.DirectMethodHandle$Holder.invokeStaticInit(java.lang.Object, java.lang.Object, java.lang.Object, java.lang.Object)'> (0x0000000084dfea70) 
thrown [s\src\hotspot\share\interpreter\linkResolver.cpp, line 771]
Event: 7.729 Thread 0x00000260c9964c30 Exception <a 'java/lang/NoSuchMethodError'{0x000000008515d0d0}: 'java.lang.Object java.lang.invoke.DirectMethodHandle$Holder.newInvokeSpecial(java.lang.Object, java.lang.Object, java.lang.Object, java.lang.Object, java.lang.Object, java.lang.Object, java.lang.Object, java.lang.Object)'> (0x000000008515d0d0) 
thrown [s\src\hotspot\share\interpreter\linkResolver.cpp, line 771]
Event: 7.732 Thread 0x00000260c9964c30 Exception <a 'java/lang/NoSuchMethodError'{0x0000000085163128}: 'java.lang.Object java.lang.invoke.Invokers$Holder.linkToTargetMethod(java.lang.Object, java.lang.Object, java.lang.Object, java.lang.Object, java.lang.Object, java.lang.Object, java.lang.Object, java.lang.Object)'> (0x0000000085163128) 
thrown [s\src\hotspot\share\interpreter\linkResolver.cpp, line 771]
Event: 7.757 Thread 0x00000260c9964c30 Exception <a 'java/lang/IncompatibleClassChangeError'{0x00000000851c6398}: Found class java.lang.Object, but interface was expected> (0x00000000851c6398) 
thrown [s\src\hotspot\share\interpreter\linkResolver.cpp, line 838]

VM Operations (20 events):
Event: 6.121 Executing VM operation: HandshakeAllThreads
Event: 6.121 Executing VM operation: HandshakeAllThreads done
Event: 6.487 Executing VM operation: G1CollectForAllocation
Event: 6.503 Executing VM operation: G1CollectForAllocation done
Event: 6.617 Executing VM operation: HandshakeAllThreads
Event: 6.618 Executing VM operation: HandshakeAllThreads done
Event: 6.644 Executing VM operation: HandshakeAllThreads
Event: 6.644 Executing VM operation: HandshakeAllThreads done
Event: 6.962 Executing VM operation: G1CollectForAllocation
Event: 6.973 Executing VM operation: G1CollectForAllocation done
Event: 7.143 Executing VM operation: HandshakeAllThreads
Event: 7.143 Executing VM operation: HandshakeAllThreads done
Event: 7.501 Executing VM operation: G1CollectForAllocation
Event: 7.513 Executing VM operation: G1CollectForAllocation done
Event: 7.531 Executing VM operation: G1Concurrent
Event: 7.535 Executing VM operation: G1Concurrent done
Event: 7.545 Executing VM operation: G1Concurrent
Event: 7.545 Executing VM operation: G1Concurrent done
Event: 7.661 Executing VM operation: HandshakeAllThreads
Event: 7.661 Executing VM operation: HandshakeAllThreads done

Events (20 events):
Event: 6.644 loading class java/util/concurrent/Executors$FinalizableDelegatedExecutorService done
Event: 6.843 Thread 0x00000260d0fcf0e0 Thread exited: 0x00000260d0fcf0e0
Event: 6.843 Thread 0x00000260cfe634f0 Thread exited: 0x00000260cfe634f0
Event: 6.923 Thread 0x00000260d0b81c70 Thread added: 0x00000260d0b81c70
Event: 6.957 Thread 0x00000260d0b847c0 Thread added: 0x00000260d0b847c0
Event: 6.996 Thread 0x00000260cfe98f40 Thread added: 0x00000260cfe98f40
Event: 7.026 Thread 0x00000260d0b88180 Thread added: 0x00000260d0b88180
Event: 7.146 loading class java/lang/Class$EnclosingMethodInfo
Event: 7.146 loading class java/lang/Class$EnclosingMethodInfo done
Event: 7.150 loading class sun/reflect/generics/tree/IntSignature
Event: 7.150 loading class sun/reflect/generics/tree/IntSignature done
Event: 7.150 loading class sun/reflect/generics/tree/ArrayTypeSignature
Event: 7.150 loading class sun/reflect/generics/tree/ArrayTypeSignature done
Event: 7.162 loading class java/lang/SafeVarargs
Event: 7.162 loading class java/lang/SafeVarargs done
Event: 7.175 loading class java/util/regex/Pattern$GroupCurly
Event: 7.175 loading class java/util/regex/Pattern$GroupCurly done
Event: 7.266 Thread 0x00000260d0b82140 Thread added: 0x00000260d0b82140
Event: 7.310 Thread 0x00000260d0b82610 Thread added: 0x00000260d0b82610
Event: 7.549 Thread 0x00000260d0b60970 Thread added: 0x00000260d0b60970


Dynamic libraries:
0x00007ff768310000 - 0x00007ff76831a000 	C:\Program Files\Android\Android Studio\jbr\bin\java.exe
0x00007ffdec910000 - 0x00007ffdecb27000 	C:\WINDOWS\SYSTEM32\ntdll.dll
0x00007ffdeb490000 - 0x00007ffdeb554000 	C:\WINDOWS\System32\KERNEL32.DLL
0x00007ffdea2b0000 - 0x00007ffdea656000 	C:\WINDOWS\System32\KERNELBASE.dll
0x00007ffde9e60000 - 0x00007ffde9f71000 	C:\WINDOWS\System32\ucrtbase.dll
0x00007ffde1f20000 - 0x00007ffde1f3b000 	C:\Program Files\Android\Android Studio\jbr\bin\VCRUNTIME140.dll
0x00007ffd69ab0000 - 0x00007ffd69ac7000 	C:\Program Files\Android\Android Studio\jbr\bin\jli.dll
0x00007ffdeb560000 - 0x00007ffdeb70e000 	C:\WINDOWS\System32\USER32.dll
0x00007ffde9d00000 - 0x00007ffde9d26000 	C:\WINDOWS\System32\win32u.dll
0x00007ffdc8520000 - 0x00007ffdc87b3000 	C:\WINDOWS\WinSxS\amd64_microsoft.windows.common-controls_6595b64144ccf1df_6.0.22621.2506_none_270c5ae97388e100\COMCTL32.dll
0x00007ffdec720000 - 0x00007ffdec749000 	C:\WINDOWS\System32\GDI32.dll
0x00007ffdec760000 - 0x00007ffdec807000 	C:\WINDOWS\System32\msvcrt.dll
0x00007ffdea0f0000 - 0x00007ffdea208000 	C:\WINDOWS\System32\gdi32full.dll
0x00007ffdea210000 - 0x00007ffdea2aa000 	C:\WINDOWS\System32\msvcp_win.dll
0x00007ffdeb450000 - 0x00007ffdeb481000 	C:\WINDOWS\System32\IMM32.DLL
0x00007ffde3e60000 - 0x00007ffde3e6c000 	C:\Program Files\Android\Android Studio\jbr\bin\vcruntime140_1.dll
0x00007ffde1e90000 - 0x00007ffde1f1d000 	C:\Program Files\Android\Android Studio\jbr\bin\msvcp140.dll
0x00007ffd6a880000 - 0x00007ffd6b500000 	C:\Program Files\Android\Android Studio\jbr\bin\server\jvm.dll
0x00007ffdeb930000 - 0x00007ffdeb9e1000 	C:\WINDOWS\System32\ADVAPI32.dll
0x00007ffdebd80000 - 0x00007ffdebe25000 	C:\WINDOWS\System32\sechost.dll
0x00007ffdeb2b0000 - 0x00007ffdeb3c7000 	C:\WINDOWS\System32\RPCRT4.dll
0x00007ffdc00c0000 - 0x00007ffdc00c9000 	C:\WINDOWS\SYSTEM32\WSOCK32.dll
0x00007ffdebe40000 - 0x00007ffdebeb1000 	C:\WINDOWS\System32\WS2_32.dll
0x00007ffddefb0000 - 0x00007ffddefe4000 	C:\WINDOWS\SYSTEM32\WINMM.dll
0x00007ffdd24d0000 - 0x00007ffdd24da000 	C:\WINDOWS\SYSTEM32\VERSION.dll
0x00007ffde8cd0000 - 0x00007ffde8ce8000 	C:\WINDOWS\SYSTEM32\kernel.appcore.dll
0x00007ffdbf5b0000 - 0x00007ffdbf5ba000 	C:\Program Files\Android\Android Studio\jbr\bin\jimage.dll
0x00007ffde7550000 - 0x00007ffde7783000 	C:\WINDOWS\SYSTEM32\DBGHELP.DLL
0x00007ffdeb9f0000 - 0x00007ffdebd79000 	C:\WINDOWS\System32\combase.dll
0x00007ffdea660000 - 0x00007ffdea737000 	C:\WINDOWS\System32\OLEAUT32.dll
0x00007ffdc6f30000 - 0x00007ffdc6f62000 	C:\WINDOWS\SYSTEM32\dbgcore.DLL
0x00007ffde9c80000 - 0x00007ffde9cfa000 	C:\WINDOWS\System32\bcryptPrimitives.dll
0x00007ffdb62d0000 - 0x00007ffdb62f5000 	C:\Program Files\Android\Android Studio\jbr\bin\java.dll
0x00007ffdb60d0000 - 0x00007ffdb60e8000 	C:\Program Files\Android\Android Studio\jbr\bin\zip.dll
0x00007ffdebec0000 - 0x00007ffdec71a000 	C:\WINDOWS\System32\SHELL32.dll
0x00007ffde7b60000 - 0x00007ffde8456000 	C:\WINDOWS\SYSTEM32\windows.storage.dll
0x00007ffde7a20000 - 0x00007ffde7b5e000 	C:\WINDOWS\SYSTEM32\wintypes.dll
0x00007ffdeb7e0000 - 0x00007ffdeb8d3000 	C:\WINDOWS\System32\SHCORE.dll
0x00007ffdeb780000 - 0x00007ffdeb7de000 	C:\WINDOWS\System32\shlwapi.dll
0x00007ffde9bb0000 - 0x00007ffde9bd6000 	C:\WINDOWS\SYSTEM32\profapi.dll
0x00007ffd761f0000 - 0x00007ffd76209000 	C:\Program Files\Android\Android Studio\jbr\bin\net.dll
0x00007ffde1660000 - 0x00007ffde1797000 	C:\WINDOWS\SYSTEM32\WINHTTP.dll
0x00007ffde91a0000 - 0x00007ffde9209000 	C:\WINDOWS\system32\mswsock.dll
0x00007ffd6b520000 - 0x00007ffd6b536000 	C:\Program Files\Android\Android Studio\jbr\bin\nio.dll
0x00007ffdbf0e0000 - 0x00007ffdbf0f0000 	C:\Program Files\Android\Android Studio\jbr\bin\verify.dll
0x00007ffddfd00000 - 0x00007ffddfd27000 	C:\Users\PMLS\.gradle\native\68d5fa5c4cc2d200863cafc0d521ce42e7d3e7ee720ec0a83991735586a16f82\windows-amd64\native-platform.dll
0x00007ffdc7400000 - 0x00007ffdc7544000 	C:\Users\PMLS\.gradle\native\e376f236ea51e6404a007f0833ffe2c6e607c4080706a723a18a27aeea778392\windows-amd64\native-platform-file-events.dll
0x00007ffdbe5d0000 - 0x00007ffdbe5d9000 	C:\Program Files\Android\Android Studio\jbr\bin\management.dll
0x00007ffdb5260000 - 0x00007ffdb526b000 	C:\Program Files\Android\Android Studio\jbr\bin\management_ext.dll
0x00007ffdec750000 - 0x00007ffdec758000 	C:\WINDOWS\System32\PSAPI.DLL
0x00007ffde94f0000 - 0x00007ffde950b000 	C:\WINDOWS\SYSTEM32\CRYPTSP.dll
0x00007ffde8c90000 - 0x00007ffde8cc5000 	C:\WINDOWS\system32\rsaenh.dll
0x00007ffde9240000 - 0x00007ffde926c000 	C:\WINDOWS\SYSTEM32\USERENV.dll
0x00007ffde9630000 - 0x00007ffde9658000 	C:\WINDOWS\SYSTEM32\bcrypt.dll
0x00007ffde94d0000 - 0x00007ffde94dc000 	C:\WINDOWS\SYSTEM32\CRYPTBASE.dll
0x00007ffde8730000 - 0x00007ffde875d000 	C:\WINDOWS\SYSTEM32\IPHLPAPI.DLL
0x00007ffdebe30000 - 0x00007ffdebe39000 	C:\WINDOWS\System32\NSI.dll
0x00007ffde0db0000 - 0x00007ffde0dc9000 	C:\WINDOWS\SYSTEM32\dhcpcsvc6.DLL
0x00007ffde0d90000 - 0x00007ffde0daf000 	C:\WINDOWS\SYSTEM32\dhcpcsvc.DLL
0x00007ffde8760000 - 0x00007ffde8859000 	C:\WINDOWS\SYSTEM32\DNSAPI.dll
0x00007ffdbc990000 - 0x00007ffdbc998000 	C:\WINDOWS\system32\wshunix.dll

dbghelp: loaded successfully - version: 4.0.5 - missing functions: none
symbol engine: initialized successfully - sym options: 0x614 - pdb path: .;C:\Program Files\Android\Android Studio\jbr\bin;C:\WINDOWS\SYSTEM32;C:\WINDOWS\WinSxS\amd64_microsoft.windows.common-controls_6595b64144ccf1df_6.0.22621.2506_none_270c5ae97388e100;C:\Program Files\Android\Android Studio\jbr\bin\server;C:\Users\PMLS\.gradle\native\68d5fa5c4cc2d200863cafc0d521ce42e7d3e7ee720ec0a83991735586a16f82\windows-amd64;C:\Users\PMLS\.gradle\native\e376f236ea51e6404a007f0833ffe2c6e607c4080706a723a18a27aeea778392\windows-amd64

VM Arguments:
jvm_args: --add-opens=java.base/java.util=ALL-UNNAMED --add-opens=java.base/java.lang=ALL-UNNAMED --add-opens=java.base/java.lang.invoke=ALL-UNNAMED --add-opens=java.prefs/java.util.prefs=ALL-UNNAMED --add-opens=java.base/java.nio.charset=ALL-UNNAMED --add-opens=java.base/java.net=ALL-UNNAMED --add-opens=java.base/java.util.concurrent.atomic=ALL-UNNAMED -Xmx2048m -Dfile.encoding=UTF-8 -Duser.country=US -Duser.language=en -Duser.variant 
java_command: org.gradle.launcher.daemon.bootstrap.GradleDaemon 8.0
java_class_path (initial): C:\Users\PMLS\.gradle\wrapper\dists\gradle-8.0-bin\ca5e32bp14vu59qr306oxotwh\gradle-8.0\lib\gradle-launcher-8.0.jar
Launcher Type: SUN_STANDARD

[Global flags]
     intx CICompilerCount                          = 4                                         {product} {ergonomic}
     uint ConcGCThreads                            = 3                                         {product} {ergonomic}
     uint G1ConcRefinementThreads                  = 10                                        {product} {ergonomic}
   size_t G1HeapRegionSize                         = 1048576                                   {product} {ergonomic}
    uintx GCDrainStackTargetSize                   = 64                                        {product} {ergonomic}
   size_t InitialHeapSize                          = 130023424                                 {product} {ergonomic}
   size_t MarkStackSize                            = 4194304                                   {product} {ergonomic}
   size_t MaxHeapSize                              = 2147483648                                {product} {command line}
   size_t MaxNewSize                               = 1287651328                                {product} {ergonomic}
   size_t MinHeapDeltaBytes                        = 1048576                                   {product} {ergonomic}
   size_t MinHeapSize                              = 8388608                                   {product} {ergonomic}
    uintx NonNMethodCodeHeapSize                   = 5839372                                {pd product} {ergonomic}
    uintx NonProfiledCodeHeapSize                  = 122909434                              {pd product} {ergonomic}
    uintx ProfiledCodeHeapSize                     = 122909434                              {pd product} {ergonomic}
    uintx ReservedCodeCacheSize                    = 251658240                              {pd product} {ergonomic}
     bool SegmentedCodeCache                       = true                                      {product} {ergonomic}
   size_t SoftMaxHeapSize                          = 2147483648                             {manageable} {ergonomic}
     bool UseCompressedClassPointers               = true                           {product lp64_product} {ergonomic}
     bool UseCompressedOops                        = true                           {product lp64_product} {ergonomic}
     bool UseG1GC                                  = true                                      {product} {ergonomic}
     bool UseLargePagesIndividualAllocation        = false                                  {pd product} {ergonomic}

Logging:
Log output configuration:
 #0: stdout all=warning uptime,level,tags
 #1: stderr all=off uptime,level,tags

Environment Variables:
PATH=C:\WINDOWS\system32;C:\WINDOWS;C:\WINDOWS\System32\Wbem;C:\WINDOWS\System32\WindowsPowerShell\v1.0\;C:\WINDOWS\System32\OpenSSH\;C:\Program Files\Git\cmd;C:\Users\PMLS\AppData\Local\Microsoft\WindowsApps;;C:\Users\PMLS\AppData\Local\Programs\Microsoft VS Code\bin
USERNAME=Muhammad Noman Khan
OS=Windows_NT
PROCESSOR_IDENTIFIER=Intel64 Family 6 Model 154 Stepping 4, GenuineIntel
TMP=C:\Users\PMLS\AppData\Local\Temp
TEMP=C:\Users\PMLS\AppData\Local\Temp


JNI global refs:
JNI global refs: 24, weak refs: 0

JNI global refs memory usage: 843, weak refs: 841

OOME stack traces (most recent first):
Classloader memory used:
Loader bootstrap                                                                       : 1912K
Loader org.gradle.internal.classloader.VisitableURLClassLoader                         : 1879K
Loader org.gradle.initialization.MixInLegacyTypesClassLoader                           : 432K
Loader org.gradle.internal.classloader.VisitableURLClassLoader                         : 52060B
Loader jdk.internal.loader.ClassLoaders$AppClassLoader                                 : 26050B
Loader jdk.internal.reflect.DelegatingClassLoader                                      : 20760B
Loader jdk.internal.loader.ClassLoaders$PlatformClassLoader                            : 14826B

Classes loaded by more than one classloader:
Class org.gradle.api.GradleException                                                  : loaded 3 times (x 80B)
Class org.gradle.util.GradleVersion                                                   : loaded 2 times (x 81B)
Class org.gradle.internal.classpath.ClassPath                                         : loaded 2 times (x 68B)
Class org.gradle.api.internal.classpath.DefaultModuleRegistry                         : loaded 2 times (x 84B)
Class org.gradle.api.Action                                                           : loaded 2 times (x 68B)
Class org.gradle.api.internal.DefaultClassPathProvider                                : loaded 2 times (x 74B)
Class org.gradle.internal.installation.GradleInstallation$1                           : loaded 2 times (x 73B)
Class org.gradle.internal.exceptions.DefaultMultiCauseException                       : loaded 2 times (x 85B)
Class org.gradle.internal.time.MonotonicClock                                         : loaded 2 times (x 75B)
Class org.gradle.internal.classloader.FilteringClassLoader                            : loaded 2 times (x 102B)
Class org.gradle.internal.classpath.DefaultClassPath$ImmutableUniqueList$Builder      : loaded 2 times (x 73B)
Class org.gradle.internal.classloader.ClassLoaderVisitor                              : loaded 2 times (x 74B)
Class org.gradle.internal.time.DefaultCountdownTimer                                  : loaded 2 times (x 86B)
Class org.gradle.internal.service.DefaultServiceLocator                               : loaded 2 times (x 81B)
Class org.gradle.internal.service.UnknownServiceException                             : loaded 2 times (x 81B)
Class org.gradle.internal.classloader.DefaultClassLoaderFactory                       : loaded 2 times (x 80B)
Class org.gradle.internal.classloader.VisitableURLClassLoader$Spec                    : loaded 2 times (x 72B)
Class org.gradle.tooling.model.ProjectModel                                           : loaded 2 times (x 68B)
Class org.gradle.internal.installation.GradleInstallation                             : loaded 2 times (x 73B)
Class org.gradle.api.internal.classpath.ModuleRegistry                                : loaded 2 times (x 68B)
Class org.gradle.api.internal.ClassPathProvider                                       : loaded 2 times (x 68B)
Class org.gradle.internal.classloader.ClasspathUtil$1                                 : loaded 2 times (x 74B)
Class org.gradle.internal.classloader.ClassLoaderFactory                              : loaded 2 times (x 68B)
Class org.gradle.api.internal.classpath.ManifestUtil                                  : loaded 2 times (x 69B)
Class org.gradle.api.specs.Spec                                                       : loaded 2 times (x 68B)
Class org.gradle.internal.IoActions                                                   : loaded 2 times (x 69B)
Class org.gradle.api.internal.classpath.EffectiveClassPath                            : loaded 2 times (x 88B)
Class org.gradle.internal.installation.CurrentGradleInstallation                      : loaded 2 times (x 71B)
Class org.gradle.internal.installation.CurrentGradleInstallationLocator               : loaded 2 times (x 69B)
Class org.gradle.api.internal.classpath.Module                                        : loaded 2 times (x 68B)
Class org.gradle.internal.service.CachingServiceLocator                               : loaded 2 times (x 80B)
Class org.gradle.internal.time.Timer                                                  : loaded 2 times (x 68B)
Class org.gradle.internal.classpath.DefaultClassPath                                  : loaded 2 times (x 88B)
Class org.gradle.internal.time.Time                                                   : loaded 2 times (x 69B)
Class org.gradle.internal.time.TimeSource$1                                           : loaded 2 times (x 75B)
Class org.gradle.internal.classloader.SystemClassLoaderSpec                           : loaded 2 times (x 69B)
Class kotlin.Function                                                                 : loaded 2 times (x 68B)
Class org.gradle.api.UncheckedIOException                                             : loaded 2 times (x 80B)
Class org.gradle.internal.time.CountdownTimer                                         : loaded 2 times (x 68B)
Class org.gradle.internal.time.Clock                                                  : loaded 2 times (x 68B)
Class org.gradle.internal.classloader.ClasspathUtil                                   : loaded 2 times (x 69B)
Class org.gradle.api.internal.DefaultClassPathRegistry                                : loaded 2 times (x 74B)
Class org.gradle.api.internal.classpath.DefaultModuleRegistry$DefaultModule           : loaded 2 times (x 84B)
Class org.gradle.internal.time.TimeSource                                             : loaded 2 times (x 68B)
Class org.gradle.api.internal.classpath.UnknownModuleException                        : loaded 2 times (x 80B)
Class org.gradle.internal.service.ServiceLookupException                              : loaded 2 times (x 80B)
Class org.gradle.cache.GlobalCache                                                    : loaded 2 times (x 68B)
Class [Lorg.gradle.api.internal.ClassPathProvider;                                    : loaded 2 times (x 67B)
Class org.gradle.internal.operations.MultipleBuildOperationFailures                   : loaded 2 times (x 85B)
Class org.gradle.util.internal.GUtil                                                  : loaded 2 times (x 69B)
Class org.gradle.internal.classloader.ClassLoaderSpec                                 : loaded 2 times (x 69B)
Class org.gradle.internal.classloader.VisitableURLClassLoader                         : loaded 2 times (x 114B)
Class org.gradle.internal.Cast                                                        : loaded 2 times (x 69B)
Class org.gradle.api.internal.ClassPathRegistry                                       : loaded 2 times (x 68B)
Class org.gradle.internal.classloader.ClassLoaderHierarchy                            : loaded 2 times (x 68B)
Class org.gradle.internal.exceptions.MultiCauseException                              : loaded 2 times (x 68B)
Class org.gradle.internal.InternalTransformer                                         : loaded 2 times (x 68B)
Class org.gradle.internal.service.ServiceLocator                                      : loaded 2 times (x 68B)
Class org.gradle.internal.classpath.DefaultClassPath$ImmutableUniqueList              : loaded 2 times (x 159B)
Class org.gradle.internal.time.DefaultTimer                                           : loaded 2 times (x 78B)


---------------  S Y S T E M  ---------------

OS:
 Windows 11 , 64 bit Build 22621 (10.0.22621.2506)
OS uptime: 0 days 0:12 hours
Hyper-V role detected

CPU: total 12 (initial active 12) (6 cores per cpu, 2 threads per core) family 6 model 154 stepping 4 microcode 0x424, cx8, cmov, fxsr, ht, mmx, 3dnowpref, sse, sse2, sse3, ssse3, sse4.1, sse4.2, popcnt, lzcnt, tsc, tscinvbit, avx, avx2, aes, erms, clmul, bmi1, bmi2, adx, sha, fma, vzeroupper, clflush, clflushopt, clwb, hv

Memory: 4k page, system-wide physical 7916M (1390M free)
TotalPageFile size 7916M (AvailPageFile size 8M)
current process WorkingSet (physical memory assigned to process): 213M, peak: 214M
current process commit charge ("private bytes"): 269M, peak: 271M

vm_info: OpenJDK 64-Bit Server VM (17.0.7+0-b2043.56-10550314) for windows-amd64 JRE (17.0.7+0-b2043.56-10550314), built on Jul 24 2023 18:27:45 by "androidbuild" with MS VC++ 16.10 / 16.11 (VS2019)

END.
