#
# There is insufficient memory for the Java Runtime Environment to continue.
# Native memory allocation (malloc) failed to allocate 808816 bytes for Chunk::new
# Possible reasons:
#   The system is out of physical RAM or swap space
#   The process is running with CompressedOops enabled, and the Java Heap may be blocking the growth of the native heap
# Possible solutions:
#   Reduce memory load on the system
#   Increase physical memory or swap space
#   Check if swap backing store is full
#   Decrease Java heap size (-Xmx/-Xms)
#   Decrease number of Java threads
#   Decrease Java thread stack sizes (-Xss)
#   Set larger code cache with -XX:ReservedCodeCacheSize=
#   JVM is running with Unscaled Compressed Oops mode in which the Java heap is
#     placed in the first 4GB address space. The Java Heap base address is the
#     maximum limit for the native heap growth. Please use -XX:HeapBaseMinAddress
#     to set the Java Heap base and to place the Java Heap above 4GB virtual address.
# This output file may be truncated or incomplete.
#
#  Out of Memory Error (arena.cpp:189), pid=9996, tid=8240
#
# JRE version: OpenJDK Runtime Environment (17.0.7) (build 17.0.7+0-b2043.56-10550314)
# Java VM: OpenJDK 64-Bit Server VM (17.0.7+0-b2043.56-10550314, mixed mode, tiered, compressed oops, compressed class ptrs, g1 gc, windows-amd64)
# No core dump will be written. Minidumps are not enabled by default on client versions of Windows
#

---------------  S U M M A R Y ------------

Command Line: --add-opens=java.base/java.util=ALL-UNNAMED --add-opens=java.base/java.lang=ALL-UNNAMED --add-opens=java.base/java.lang.invoke=ALL-UNNAMED --add-opens=java.prefs/java.util.prefs=ALL-UNNAMED --add-opens=java.base/java.nio.charset=ALL-UNNAMED --add-opens=java.base/java.net=ALL-UNNAMED --add-opens=java.base/java.util.concurrent.atomic=ALL-UNNAMED -Xmx2048m -Dfile.encoding=UTF-8 -Duser.country=US -Duser.language=en -Duser.variant org.gradle.launcher.daemon.bootstrap.GradleDaemon 8.0

Host: 12th Gen Intel(R) Core(TM) i5-1235U, 12 cores, 7G,  Windows 11 , 64 bit Build 22621 (10.0.22621.2506)
Time: Tue Dec 19 15:08:14 2023 Pakistan Standard Time elapsed time: 4.074979 seconds (0d 0h 0m 4s)

---------------  T H R E A D  ---------------

Current thread (0x0000019332990380):  JavaThread "C2 CompilerThread1" daemon [_thread_in_native, id=8240, stack(0x0000004fed100000,0x0000004fed200000)]


Current CompileTask:
C2:   4075 2464   !   4       java.net.URL::<init> (543 bytes)

Stack: [0x0000004fed100000,0x0000004fed200000]
Native frames: (J=compiled Java code, j=interpreted, Vv=VM code, C=native code)
V  [jvm.dll+0x683bfa]
V  [jvm.dll+0x8430a4]
V  [jvm.dll+0x8449be]
V  [jvm.dll+0x845023]
V  [jvm.dll+0x24ad2f]
V  [jvm.dll+0xac25c]
V  [jvm.dll+0xac82c]
V  [jvm.dll+0x2b218f]
V  [jvm.dll+0x58c2f7]
V  [jvm.dll+0x225a12]
V  [jvm.dll+0x225def]
V  [jvm.dll+0x21f0b5]
V  [jvm.dll+0x21c56b]
V  [jvm.dll+0x1a605d]
V  [jvm.dll+0x22c148]
V  [jvm.dll+0x22a209]
V  [jvm.dll+0x7f858c]
V  [jvm.dll+0x7f2aea]
V  [jvm.dll+0x682a35]
C  [ucrtbase.dll+0x29363]
C  [KERNEL32.DLL+0x1257d]
C  [ntdll.dll+0x5aa58]


---------------  P R O C E S S  ---------------

Threads class SMR info:
_java_thread_list=0x00000193333ccdc0, length=41, elements={
0x0000019311c28e50, 0x000001932beef290, 0x000001932bef0010, 0x000001932bef55f0,
0x000001932c06e3d0, 0x000001932c06fea0, 0x000001932c072770, 0x000001932c073410,
0x000001932c073dc0, 0x000001932c0746c0, 0x000001932c1f0a90, 0x000001932c1f2780,
0x0000019332329f20, 0x0000019332c5c450, 0x00000193319ca7a0, 0x0000019332329890,
0x00000193325d28e0, 0x0000019331f89700, 0x0000019331f88d60, 0x0000019331f87a20,
0x0000019331f883c0, 0x0000019331f88890, 0x0000019331f89230, 0x0000019331f89bd0,
0x0000019332990380, 0x0000019331f8a0a0, 0x0000019333061600, 0x0000019331f87ef0,
0x0000019331f8aa40, 0x0000019331f87080, 0x0000019331f8a570, 0x0000019331f87550,
0x00000193335260a0, 0x0000019333526f10, 0x0000019333523550, 0x00000193335213a0,
0x0000019333521870, 0x0000019333526570, 0x0000019333523a20, 0x0000019333520060,
0x0000019333524890
}

Java Threads: ( => current thread )
  0x0000019311c28e50 JavaThread "main" [_thread_blocked, id=15400, stack(0x0000004fea700000,0x0000004fea800000)]
  0x000001932beef290 JavaThread "Reference Handler" daemon [_thread_blocked, id=10120, stack(0x0000004feae00000,0x0000004feaf00000)]
  0x000001932bef0010 JavaThread "Finalizer" daemon [_thread_blocked, id=17648, stack(0x0000004feaf00000,0x0000004feb000000)]
  0x000001932bef55f0 JavaThread "Signal Dispatcher" daemon [_thread_blocked, id=10736, stack(0x0000004feb000000,0x0000004feb100000)]
  0x000001932c06e3d0 JavaThread "Attach Listener" daemon [_thread_blocked, id=17624, stack(0x0000004feb100000,0x0000004feb200000)]
  0x000001932c06fea0 JavaThread "Service Thread" daemon [_thread_blocked, id=9988, stack(0x0000004feb200000,0x0000004feb300000)]
  0x000001932c072770 JavaThread "Monitor Deflation Thread" daemon [_thread_blocked, id=9640, stack(0x0000004feb300000,0x0000004feb400000)]
  0x000001932c073410 JavaThread "C2 CompilerThread0" daemon [_thread_in_native, id=13064, stack(0x0000004feb400000,0x0000004feb500000)]
  0x000001932c073dc0 JavaThread "C1 CompilerThread0" daemon [_thread_blocked, id=10744, stack(0x0000004feb500000,0x0000004feb600000)]
  0x000001932c0746c0 JavaThread "Sweeper thread" daemon [_thread_blocked, id=9060, stack(0x0000004feb600000,0x0000004feb700000)]
  0x000001932c1f0a90 JavaThread "Common-Cleaner" daemon [_thread_blocked, id=17064, stack(0x0000004feb700000,0x0000004feb800000)]
  0x000001932c1f2780 JavaThread "Notification Thread" daemon [_thread_blocked, id=17040, stack(0x0000004feb800000,0x0000004feb900000)]
  0x0000019332329f20 JavaThread "Daemon health stats" [_thread_blocked, id=17128, stack(0x0000004febf00000,0x0000004fec000000)]
  0x0000019332c5c450 JavaThread "Incoming local TCP Connector on port 49940" [_thread_in_native, id=9436, stack(0x0000004fec000000,0x0000004fec100000)]
  0x00000193319ca7a0 JavaThread "Daemon periodic checks" [_thread_blocked, id=9912, stack(0x0000004fec100000,0x0000004fec200000)]
  0x0000019332329890 JavaThread "Daemon" [_thread_blocked, id=10124, stack(0x0000004fec200000,0x0000004fec300000)]
  0x00000193325d28e0 JavaThread "Handler for socket connection from /127.0.0.1:49940 to /127.0.0.1:49941" [_thread_in_native, id=6340, stack(0x0000004fec300000,0x0000004fec400000)]
  0x0000019331f89700 JavaThread "Cancel handler" [_thread_blocked, id=11780, stack(0x0000004fec400000,0x0000004fec500000)]
  0x0000019331f88d60 JavaThread "Daemon worker" [_thread_in_native, id=10668, stack(0x0000004fec500000,0x0000004fec600000)]
  0x0000019331f87a20 JavaThread "Asynchronous log dispatcher for DefaultDaemonConnection: socket connection from /127.0.0.1:49940 to /127.0.0.1:49941" [_thread_blocked, id=12248, stack(0x0000004fec600000,0x0000004fec700000)]
  0x0000019331f883c0 JavaThread "Stdin handler" [_thread_blocked, id=10016, stack(0x0000004fec700000,0x0000004fec800000)]
  0x0000019331f88890 JavaThread "Daemon client event forwarder" [_thread_blocked, id=10844, stack(0x0000004fec800000,0x0000004fec900000)]
  0x0000019331f89230 JavaThread "Cache worker for journal cache (C:\Users\PMLS\.gradle\caches\journal-1)" [_thread_blocked, id=7512, stack(0x0000004fecf00000,0x0000004fed000000)]
  0x0000019331f89bd0 JavaThread "File lock request listener" [_thread_in_native, id=7516, stack(0x0000004fed000000,0x0000004fed100000)]
=>0x0000019332990380 JavaThread "C2 CompilerThread1" daemon [_thread_in_native, id=8240, stack(0x0000004fed100000,0x0000004fed200000)]
  0x0000019331f8a0a0 JavaThread "Cache worker for file hash cache (C:\Users\PMLS\.gradle\caches\8.0\fileHashes)" [_thread_blocked, id=11500, stack(0x0000004fed200000,0x0000004fed300000)]
  0x0000019333061600 JavaThread "C2 CompilerThread2" daemon [_thread_blocked, id=9536, stack(0x0000004fed300000,0x0000004fed400000)]
  0x0000019331f87ef0 JavaThread "File watcher server" daemon [_thread_in_native, id=13156, stack(0x0000004fed400000,0x0000004fed500000)]
  0x0000019331f8aa40 JavaThread "File watcher consumer" daemon [_thread_blocked, id=13160, stack(0x0000004fed500000,0x0000004fed600000)]
  0x0000019331f87080 JavaThread "jar transforms" [_thread_blocked, id=13164, stack(0x0000004fed600000,0x0000004fed700000)]
  0x0000019331f8a570 JavaThread "jar transforms Thread 2" [_thread_blocked, id=12116, stack(0x0000004fed700000,0x0000004fed800000)]
  0x0000019331f87550 JavaThread "jar transforms Thread 3" [_thread_blocked, id=9388, stack(0x0000004fed800000,0x0000004fed900000)]
  0x00000193335260a0 JavaThread "jar transforms Thread 4" [_thread_blocked, id=10816, stack(0x0000004fed900000,0x0000004feda00000)]
  0x0000019333526f10 JavaThread "jar transforms Thread 5" [_thread_blocked, id=11556, stack(0x0000004feda00000,0x0000004fedb00000)]
  0x0000019333523550 JavaThread "jar transforms Thread 6" [_thread_blocked, id=13364, stack(0x0000004fedb00000,0x0000004fedc00000)]
  0x00000193335213a0 JavaThread "jar transforms Thread 7" [_thread_blocked, id=7440, stack(0x0000004fedc00000,0x0000004fedd00000)]
  0x0000019333521870 JavaThread "jar transforms Thread 8" [_thread_blocked, id=11368, stack(0x0000004fedd00000,0x0000004fede00000)]
  0x0000019333526570 JavaThread "jar transforms Thread 9" [_thread_blocked, id=11364, stack(0x0000004fede00000,0x0000004fedf00000)]
  0x0000019333523a20 JavaThread "jar transforms Thread 10" [_thread_blocked, id=13276, stack(0x0000004fedf00000,0x0000004fee000000)]
  0x0000019333520060 JavaThread "jar transforms Thread 11" [_thread_blocked, id=12728, stack(0x0000004fee000000,0x0000004fee100000)]
  0x0000019333524890 JavaThread "jar transforms Thread 12" [_thread_blocked, id=17008, stack(0x0000004fee100000,0x0000004fee200000)]

Other Threads:
  0x000001932bee9c40 VMThread "VM Thread" [stack: 0x0000004fead00000,0x0000004feae00000] [id=17340]
  0x000001932c213a10 WatcherThread [stack: 0x0000004feb900000,0x0000004feba00000] [id=17036]
  0x0000019311c89ec0 GCTaskThread "GC Thread#0" [stack: 0x0000004fea800000,0x0000004fea900000] [id=17732]
  0x000001932ccf0900 GCTaskThread "GC Thread#1" [stack: 0x0000004feba00000,0x0000004febb00000] [id=9496]
  0x000001933147a570 GCTaskThread "GC Thread#2" [stack: 0x0000004febb00000,0x0000004febc00000] [id=9492]
  0x000001932c6b1850 GCTaskThread "GC Thread#3" [stack: 0x0000004febc00000,0x0000004febd00000] [id=9428]
  0x0000019331770c00 GCTaskThread "GC Thread#4" [stack: 0x0000004febe00000,0x0000004febf00000] [id=12220]
  0x0000019331b36e60 GCTaskThread "GC Thread#5" [stack: 0x0000004febd00000,0x0000004febe00000] [id=10908]
  0x0000019332053d50 GCTaskThread "GC Thread#6" [stack: 0x0000004fec900000,0x0000004feca00000] [id=10684]
  0x0000019331cc7430 GCTaskThread "GC Thread#7" [stack: 0x0000004feca00000,0x0000004fecb00000] [id=17080]
  0x000001933259adb0 GCTaskThread "GC Thread#8" [stack: 0x0000004fecb00000,0x0000004fecc00000] [id=10480]
  0x000001933117a610 GCTaskThread "GC Thread#9" [stack: 0x0000004fecc00000,0x0000004fecd00000] [id=10784]
  0x0000019311c9ad10 ConcurrentGCThread "G1 Main Marker" [stack: 0x0000004fea900000,0x0000004feaa00000] [id=17380]
  0x0000019311c9b630 ConcurrentGCThread "G1 Conc#0" [stack: 0x0000004feaa00000,0x0000004feab00000] [id=15696]
  0x0000019332f93cc0 ConcurrentGCThread "G1 Conc#1" [stack: 0x0000004fecd00000,0x0000004fece00000] [id=10712]
  0x0000019331a2e860 ConcurrentGCThread "G1 Conc#2" [stack: 0x0000004fece00000,0x0000004fecf00000] [id=10740]
  0x000001932bd43cf0 ConcurrentGCThread "G1 Refine#0" [stack: 0x0000004feab00000,0x0000004feac00000] [id=17744]
  0x000001932bd44620 ConcurrentGCThread "G1 Service" [stack: 0x0000004feac00000,0x0000004fead00000] [id=5904]

Threads with active compile tasks:
C2 CompilerThread0     4108 2562 %     4       java.util.zip.ZipFile$Source::initCEN @ 240 (591 bytes)
C2 CompilerThread1     4108 2464   !   4       java.net.URL::<init> (543 bytes)

VM state: not at safepoint (normal execution)

VM Mutex/Monitor currently owned by a thread: None

Heap address: 0x0000000080000000, size: 2048 MB, Compressed Oops mode: 32-bit

CDS archive(s) not mapped
Compressed class space mapped at: 0x0000000100000000-0x0000000140000000, reserved size: 1073741824
Narrow klass base: 0x0000000000000000, Narrow klass shift: 3, Narrow klass range: 0x140000000

GC Precious Log:
 CPUs: 12 total, 12 available
 Memory: 7916M
 Large Page Support: Disabled
 NUMA Support: Disabled
 Compressed Oops: Enabled (32-bit)
 Heap Region Size: 1M
 Heap Min Capacity: 8M
 Heap Initial Capacity: 124M
 Heap Max Capacity: 2G
 Pre-touch: Disabled
 Parallel Workers: 10
 Concurrent Workers: 3
 Concurrent Refinement Workers: 10
 Periodic GC: Disabled

Heap:
 garbage-first heap   total 65536K, used 45126K [0x0000000080000000, 0x0000000100000000)
  region size 1024K, 21 young (21504K), 1 survivors (1024K)
 Metaspace       used 29124K, committed 29504K, reserved 1114112K
  class space    used 3955K, committed 4160K, reserved 1048576K

Heap Regions: E=young(eden), S=young(survivor), O=old, HS=humongous(starts), HC=humongous(continues), CS=collection set, F=free, OA=open archive, CA=closed archive, TAMS=top-at-mark-start (previous, next)
|   0|0x0000000080000000, 0x0000000080100000, 0x0000000080100000|100%|HS|  |TAMS 0x0000000080100000, 0x0000000080000000| Complete 
|   1|0x0000000080100000, 0x0000000080200000, 0x0000000080200000|100%|HC|  |TAMS 0x0000000080200000, 0x0000000080100000| Complete 
|   2|0x0000000080200000, 0x0000000080300000, 0x0000000080300000|100%|HC|  |TAMS 0x0000000080300000, 0x0000000080200000| Complete 
|   3|0x0000000080300000, 0x0000000080400000, 0x0000000080400000|100%|HC|  |TAMS 0x0000000080400000, 0x0000000080300000| Complete 
|   4|0x0000000080400000, 0x0000000080500000, 0x0000000080500000|100%| O|  |TAMS 0x0000000080500000, 0x0000000080400000| Untracked 
|   5|0x0000000080500000, 0x0000000080600000, 0x0000000080600000|100%| O|  |TAMS 0x0000000080600000, 0x0000000080500000| Untracked 
|   6|0x0000000080600000, 0x0000000080700000, 0x0000000080700000|100%| O|  |TAMS 0x0000000080700000, 0x0000000080600000| Untracked 
|   7|0x0000000080700000, 0x0000000080800000, 0x0000000080800000|100%| O|  |TAMS 0x0000000080700000, 0x0000000080700000| Untracked 
|   8|0x0000000080800000, 0x0000000080900000, 0x0000000080900000|100%| O|  |TAMS 0x0000000080900000, 0x0000000080800000| Untracked 
|   9|0x0000000080900000, 0x0000000080900000, 0x0000000080a00000|  0%| F|  |TAMS 0x0000000080900000, 0x0000000080900000| Untracked 
|  10|0x0000000080a00000, 0x0000000080b00000, 0x0000000080b00000|100%| O|  |TAMS 0x0000000080b00000, 0x0000000080a00000| Untracked 
|  11|0x0000000080b00000, 0x0000000080c00000, 0x0000000080c00000|100%| O|  |TAMS 0x0000000080b00000, 0x0000000080b00000| Untracked 
|  12|0x0000000080c00000, 0x0000000080d00000, 0x0000000080d00000|100%| O|  |TAMS 0x0000000080c00000, 0x0000000080c00000| Untracked 
|  13|0x0000000080d00000, 0x0000000080e00000, 0x0000000080e00000|100%| O|  |TAMS 0x0000000080d00000, 0x0000000080d00000| Untracked 
|  14|0x0000000080e00000, 0x0000000080f00000, 0x0000000080f00000|100%| O|  |TAMS 0x0000000080e00000, 0x0000000080e00000| Untracked 
|  15|0x0000000080f00000, 0x0000000081000000, 0x0000000081000000|100%| O|  |TAMS 0x0000000080f00000, 0x0000000080f00000| Untracked 
|  16|0x0000000081000000, 0x0000000081100000, 0x0000000081100000|100%| O|  |TAMS 0x0000000081000000, 0x0000000081000000| Untracked 
|  17|0x0000000081100000, 0x0000000081200000, 0x0000000081200000|100%| O|  |TAMS 0x0000000081100000, 0x0000000081100000| Untracked 
|  18|0x0000000081200000, 0x0000000081300000, 0x0000000081300000|100%| O|  |TAMS 0x0000000081200000, 0x0000000081200000| Untracked 
|  19|0x0000000081300000, 0x0000000081400000, 0x0000000081400000|100%| O|  |TAMS 0x0000000081300000, 0x0000000081300000| Untracked 
|  20|0x0000000081400000, 0x00000000814aa600, 0x0000000081500000| 66%| O|  |TAMS 0x0000000081400000, 0x0000000081400000| Untracked 
|  21|0x0000000081500000, 0x0000000081600000, 0x0000000081600000|100%|HS|  |TAMS 0x0000000081500000, 0x0000000081500000| Complete 
|  22|0x0000000081600000, 0x0000000081700000, 0x0000000081700000|100%|HC|  |TAMS 0x0000000081600000, 0x0000000081600000| Complete 
|  23|0x0000000081700000, 0x0000000081800000, 0x0000000081800000|100%|HS|  |TAMS 0x0000000081700000, 0x0000000081700000| Complete 
|  24|0x0000000081800000, 0x0000000081900000, 0x0000000081900000|100%|HC|  |TAMS 0x0000000081800000, 0x0000000081800000| Complete 
|  25|0x0000000081900000, 0x0000000081a00000, 0x0000000081a00000|100%|HC|  |TAMS 0x0000000081900000, 0x0000000081900000| Complete 
|  26|0x0000000081a00000, 0x0000000081a00000, 0x0000000081b00000|  0%| F|  |TAMS 0x0000000081a00000, 0x0000000081a00000| Untracked 
|  27|0x0000000081b00000, 0x0000000081b00000, 0x0000000081c00000|  0%| F|  |TAMS 0x0000000081b00000, 0x0000000081b00000| Untracked 
|  28|0x0000000081c00000, 0x0000000081c00000, 0x0000000081d00000|  0%| F|  |TAMS 0x0000000081c00000, 0x0000000081c00000| Untracked 
|  29|0x0000000081d00000, 0x0000000081d00000, 0x0000000081e00000|  0%| F|  |TAMS 0x0000000081d00000, 0x0000000081d00000| Untracked 
|  30|0x0000000081e00000, 0x0000000081e00000, 0x0000000081f00000|  0%| F|  |TAMS 0x0000000081e00000, 0x0000000081e00000| Untracked 
|  31|0x0000000081f00000, 0x0000000081f00000, 0x0000000082000000|  0%| F|  |TAMS 0x0000000081f00000, 0x0000000081f00000| Untracked 
|  32|0x0000000082000000, 0x0000000082000000, 0x0000000082100000|  0%| F|  |TAMS 0x0000000082000000, 0x0000000082000000| Untracked 
|  33|0x0000000082100000, 0x0000000082100000, 0x0000000082200000|  0%| F|  |TAMS 0x0000000082100000, 0x0000000082100000| Untracked 
|  34|0x0000000082200000, 0x0000000082200000, 0x0000000082300000|  0%| F|  |TAMS 0x0000000082200000, 0x0000000082200000| Untracked 
|  35|0x0000000082300000, 0x0000000082300000, 0x0000000082400000|  0%| F|  |TAMS 0x0000000082300000, 0x0000000082300000| Untracked 
|  36|0x0000000082400000, 0x0000000082400000, 0x0000000082500000|  0%| F|  |TAMS 0x0000000082400000, 0x0000000082400000| Untracked 
|  37|0x0000000082500000, 0x0000000082500000, 0x0000000082600000|  0%| F|  |TAMS 0x0000000082500000, 0x0000000082500000| Untracked 
|  38|0x0000000082600000, 0x0000000082600000, 0x0000000082700000|  0%| F|  |TAMS 0x0000000082600000, 0x0000000082600000| Untracked 
|  39|0x0000000082700000, 0x0000000082700000, 0x0000000082800000|  0%| F|  |TAMS 0x0000000082700000, 0x0000000082700000| Untracked 
|  40|0x0000000082800000, 0x0000000082800000, 0x0000000082900000|  0%| F|  |TAMS 0x0000000082800000, 0x0000000082800000| Untracked 
|  41|0x0000000082900000, 0x0000000082900000, 0x0000000082a00000|  0%| F|  |TAMS 0x0000000082900000, 0x0000000082900000| Untracked 
|  42|0x0000000082a00000, 0x0000000082a00000, 0x0000000082b00000|  0%| F|  |TAMS 0x0000000082a00000, 0x0000000082a00000| Untracked 
|  43|0x0000000082b00000, 0x0000000082b0e4d0, 0x0000000082c00000|  5%| E|  |TAMS 0x0000000082b00000, 0x0000000082b00000| Complete 
|  44|0x0000000082c00000, 0x0000000082d00000, 0x0000000082d00000|100%| E|CS|TAMS 0x0000000082c00000, 0x0000000082c00000| Complete 
|  45|0x0000000082d00000, 0x0000000082e00000, 0x0000000082e00000|100%| E|CS|TAMS 0x0000000082d00000, 0x0000000082d00000| Complete 
|  46|0x0000000082e00000, 0x0000000082f00000, 0x0000000082f00000|100%| E|CS|TAMS 0x0000000082e00000, 0x0000000082e00000| Complete 
|  47|0x0000000082f00000, 0x0000000083000000, 0x0000000083000000|100%| E|CS|TAMS 0x0000000082f00000, 0x0000000082f00000| Complete 
|  48|0x0000000083000000, 0x0000000083100000, 0x0000000083100000|100%| E|CS|TAMS 0x0000000083000000, 0x0000000083000000| Complete 
|  49|0x0000000083100000, 0x0000000083200000, 0x0000000083200000|100%| E|CS|TAMS 0x0000000083100000, 0x0000000083100000| Complete 
|  50|0x0000000083200000, 0x0000000083300000, 0x0000000083300000|100%| E|CS|TAMS 0x0000000083200000, 0x0000000083200000| Complete 
|  51|0x0000000083300000, 0x0000000083400000, 0x0000000083400000|100%| E|CS|TAMS 0x0000000083300000, 0x0000000083300000| Complete 
|  52|0x0000000083400000, 0x0000000083500000, 0x0000000083500000|100%| E|CS|TAMS 0x0000000083400000, 0x0000000083400000| Complete 
|  53|0x0000000083500000, 0x0000000083600000, 0x0000000083600000|100%| E|CS|TAMS 0x0000000083500000, 0x0000000083500000| Complete 
|  54|0x0000000083600000, 0x0000000083700000, 0x0000000083700000|100%| E|CS|TAMS 0x0000000083600000, 0x0000000083600000| Complete 
|  75|0x0000000084b00000, 0x0000000084c00000, 0x0000000084c00000|100%| E|CS|TAMS 0x0000000084b00000, 0x0000000084b00000| Complete 
|  76|0x0000000084c00000, 0x0000000084d00000, 0x0000000084d00000|100%| E|CS|TAMS 0x0000000084c00000, 0x0000000084c00000| Complete 
|  77|0x0000000084d00000, 0x0000000084e00000, 0x0000000084e00000|100%| E|CS|TAMS 0x0000000084d00000, 0x0000000084d00000| Complete 
|  78|0x0000000084e00000, 0x0000000084f00000, 0x0000000084f00000|100%| E|CS|TAMS 0x0000000084e00000, 0x0000000084e00000| Complete 
|  79|0x0000000084f00000, 0x0000000085000000, 0x0000000085000000|100%| E|CS|TAMS 0x0000000084f00000, 0x0000000084f00000| Complete 
|  80|0x0000000085000000, 0x0000000085100000, 0x0000000085100000|100%| E|CS|TAMS 0x0000000085000000, 0x0000000085000000| Complete 
|  81|0x0000000085100000, 0x0000000085200000, 0x0000000085200000|100%| E|CS|TAMS 0x0000000085100000, 0x0000000085100000| Complete 
|  82|0x0000000085200000, 0x0000000085267440, 0x0000000085300000| 40%| S|CS|TAMS 0x0000000085200000, 0x0000000085200000| Complete 
| 123|0x0000000087b00000, 0x0000000087c00000, 0x0000000087c00000|100%| E|CS|TAMS 0x0000000087b00000, 0x0000000087b00000| Complete 

Card table byte_map: [0x0000019324a50000,0x0000019324e50000] _byte_map_base: 0x0000019324650000

Marking Bits (Prev, Next): (CMBitMap*) 0x0000019311c8a420, (CMBitMap*) 0x0000019311c8a3e0
 Prev Bits: [0x0000019327250000, 0x0000019329250000)
 Next Bits: [0x0000019325250000, 0x0000019327250000)

Polling page: 0x00000193113f0000

Metaspace:

Usage:
  Non-class:     24.58 MB used.
      Class:      3.86 MB used.
       Both:     28.44 MB used.

Virtual space:
  Non-class space:       64.00 MB reserved,      24.75 MB ( 39%) committed,  1 nodes.
      Class space:        1.00 GB reserved,       4.06 MB ( <1%) committed,  1 nodes.
             Both:        1.06 GB reserved,      28.81 MB (  3%) committed. 

Chunk freelists:
   Non-Class:  7.20 MB
       Class:  11.87 MB
        Both:  19.07 MB

MaxMetaspaceSize: unlimited
CompressedClassSpaceSize: 1.00 GB
Initial GC threshold: 21.00 MB
Current GC threshold: 35.12 MB
CDS: off
MetaspaceReclaimPolicy: balanced
 - commit_granule_bytes: 65536.
 - commit_granule_words: 8192.
 - virtual_space_node_default_size: 8388608.
 - enlarge_chunks_in_place: 1.
 - new_chunks_are_fully_committed: 0.
 - uncommit_free_chunks: 1.
 - use_allocation_guard: 0.
 - handle_deallocations: 1.


Internal statistics:

num_allocs_failed_limit: 3.
num_arena_births: 280.
num_arena_deaths: 0.
num_vsnodes_births: 2.
num_vsnodes_deaths: 0.
num_space_committed: 461.
num_space_uncommitted: 0.
num_chunks_returned_to_freelist: 3.
num_chunks_taken_from_freelist: 1034.
num_chunk_merges: 3.
num_chunk_splits: 663.
num_chunks_enlarged: 465.
num_inconsistent_stats: 0.

CodeHeap 'non-profiled nmethods': size=120000Kb used=1480Kb max_used=1480Kb free=118519Kb
 bounds [0x000001931cbd0000, 0x000001931ce40000, 0x0000019324100000]
CodeHeap 'profiled nmethods': size=120000Kb used=5161Kb max_used=5161Kb free=114838Kb
 bounds [0x0000019315100000, 0x0000019315610000, 0x000001931c630000]
CodeHeap 'non-nmethods': size=5760Kb used=1224Kb max_used=1311Kb free=4535Kb
 bounds [0x000001931c630000, 0x000001931c8a0000, 0x000001931cbd0000]
 total_blobs=3101 nmethods=2569 adapters=444
 compilation: enabled
              stopped_count=0, restarted_count=0
 full_count=0

Compilation events (20 events):
Event: 4.068 Thread 0x000001932c073dc0 2534       3       java.lang.invoke.MethodHandles$Lookup::resolveOrFail (48 bytes)
Event: 4.068 Thread 0x000001932c073dc0 nmethod 2534 0x00000193155f7110 code [0x00000193155f7340, 0x00000193155f79c8]
Event: 4.068 Thread 0x000001932c073dc0 2537       3       java.io.DataInputStream::readInt (72 bytes)
Event: 4.069 Thread 0x000001932c073dc0 nmethod 2537 0x00000193155f7c90 code [0x00000193155f7e80, 0x00000193155f83e8]
Event: 4.069 Thread 0x000001932c073dc0 2535       3       java.lang.invoke.MethodHandles$Lookup::checkMethodName (45 bytes)
Event: 4.069 Thread 0x000001932c073dc0 nmethod 2535 0x00000193155f8610 code [0x00000193155f8860, 0x00000193155f8f88]
Event: 4.070 Thread 0x000001932c073dc0 2536       1       com.google.common.cache.LocalCache$StrongAccessEntry::setPreviousInAccessQueue (6 bytes)
Event: 4.070 Thread 0x000001932c073dc0 nmethod 2536 0x000001931cd3c310 code [0x000001931cd3c4a0, 0x000001931cd3c5b8]
Event: 4.070 Thread 0x000001932c073dc0 2539       1       com.google.common.cache.LocalCache$StrongEntry::getNext (5 bytes)
Event: 4.070 Thread 0x000001932c073dc0 nmethod 2539 0x000001931cd3c610 code [0x000001931cd3c7a0, 0x000001931cd3c878]
Event: 4.070 Thread 0x000001932c073dc0 2538       1       com.google.common.cache.LocalCache$StrongEntry::getKey (5 bytes)
Event: 4.070 Thread 0x000001932c073410 2541       4       java.net.URI::match (56 bytes)
Event: 4.070 Thread 0x000001932c073dc0 nmethod 2538 0x000001931cd3c910 code [0x000001931cd3caa0, 0x000001931cd3cb78]
Event: 4.070 Thread 0x000001932c073dc0 2540       1       com.google.common.cache.LocalCache$StrongAccessEntry::getNextInAccessQueue (5 bytes)
Event: 4.070 Thread 0x000001932c073dc0 nmethod 2540 0x000001931cd3cc10 code [0x000001931cd3cda0, 0x000001931cd3ce78]
Event: 4.071 Thread 0x000001932c073410 nmethod 2541 0x000001931cd3cf10 code [0x000001931cd3d080, 0x000001931cd3d158]
Event: 4.072 Thread 0x000001932c073410 2542       4       jdk.internal.misc.Unsafe::getIntUnaligned (12 bytes)
Event: 4.072 Thread 0x0000019333061600 2543       4       java.util.Objects::equals (23 bytes)
Event: 4.072 Thread 0x000001932c073410 nmethod 2542 0x000001931cd3d210 code [0x000001931cd3d380, 0x000001931cd3d438]
Event: 4.072 Thread 0x000001932c073dc0 2544       3       java.net.URL::equals (27 bytes)

GC Heap History (10 events):
Event: 0.856 GC heap before
{Heap before GC invocations=0 (full 0):
 garbage-first heap   total 126976K, used 27648K [0x0000000080000000, 0x0000000100000000)
  region size 1024K, 23 young (23552K), 0 survivors (0K)
 Metaspace       used 10253K, committed 10432K, reserved 1114112K
  class space    used 1059K, committed 1152K, reserved 1048576K
}
Event: 0.862 GC heap after
{Heap after GC invocations=1 (full 0):
 garbage-first heap   total 126976K, used 10016K [0x0000000080000000, 0x0000000100000000)
  region size 1024K, 3 young (3072K), 3 survivors (3072K)
 Metaspace       used 10253K, committed 10432K, reserved 1114112K
  class space    used 1059K, committed 1152K, reserved 1048576K
}
Event: 1.268 GC heap before
{Heap before GC invocations=1 (full 0):
 garbage-first heap   total 126976K, used 39712K [0x0000000080000000, 0x0000000100000000)
  region size 1024K, 31 young (31744K), 3 survivors (3072K)
 Metaspace       used 11181K, committed 11392K, reserved 1114112K
  class space    used 1162K, committed 1280K, reserved 1048576K
}
Event: 1.277 GC heap after
{Heap after GC invocations=2 (full 0):
 garbage-first heap   total 126976K, used 14198K [0x0000000080000000, 0x0000000100000000)
  region size 1024K, 4 young (4096K), 4 survivors (4096K)
 Metaspace       used 11181K, committed 11392K, reserved 1114112K
  class space    used 1162K, committed 1280K, reserved 1048576K
}
Event: 2.540 GC heap before
{Heap before GC invocations=2 (full 0):
 garbage-first heap   total 126976K, used 51062K [0x0000000080000000, 0x0000000100000000)
  region size 1024K, 41 young (41984K), 4 survivors (4096K)
 Metaspace       used 21272K, committed 21504K, reserved 1114112K
  class space    used 2573K, committed 2688K, reserved 1048576K
}
Event: 2.547 GC heap after
{Heap after GC invocations=3 (full 0):
 garbage-first heap   total 126976K, used 18353K [0x0000000080000000, 0x0000000100000000)
  region size 1024K, 8 young (8192K), 8 survivors (8192K)
 Metaspace       used 21272K, committed 21504K, reserved 1114112K
  class space    used 2573K, committed 2688K, reserved 1048576K
}
Event: 3.480 GC heap before
{Heap before GC invocations=4 (full 0):
 garbage-first heap   total 65536K, used 48049K [0x0000000080000000, 0x0000000100000000)
  region size 1024K, 38 young (38912K), 8 survivors (8192K)
 Metaspace       used 26136K, committed 26432K, reserved 1114112K
  class space    used 3424K, committed 3584K, reserved 1048576K
}
Event: 3.488 GC heap after
{Heap after GC invocations=5 (full 0):
 garbage-first heap   total 65536K, used 20648K [0x0000000080000000, 0x0000000100000000)
  region size 1024K, 3 young (3072K), 3 survivors (3072K)
 Metaspace       used 26136K, committed 26432K, reserved 1114112K
  class space    used 3424K, committed 3584K, reserved 1048576K
}
Event: 3.518 GC heap before
{Heap before GC invocations=5 (full 0):
 garbage-first heap   total 65536K, used 21672K [0x0000000080000000, 0x0000000100000000)
  region size 1024K, 4 young (4096K), 3 survivors (3072K)
 Metaspace       used 26215K, committed 26496K, reserved 1114112K
  class space    used 3444K, committed 3584K, reserved 1048576K
}
Event: 3.521 GC heap after
{Heap after GC invocations=6 (full 0):
 garbage-first heap   total 65536K, used 20550K [0x0000000080000000, 0x0000000100000000)
  region size 1024K, 1 young (1024K), 1 survivors (1024K)
 Metaspace       used 26215K, committed 26496K, reserved 1114112K
  class space    used 3444K, committed 3584K, reserved 1048576K
}

Dll operation events (2 events):
Event: 0.009 Loaded shared library C:\Program Files\Android\Android Studio\jbr\bin\java.dll
Event: 0.481 Loaded shared library C:\Program Files\Android\Android Studio\jbr\bin\verify.dll

Deoptimization events (20 events):
Event: 3.602 Thread 0x0000019331f88d60 Uncommon trap: trap_request=0xffffff45 fr.pc=0x000001931cbf1574 relative=0x00000000000000d4
Event: 3.602 Thread 0x0000019331f88d60 Uncommon trap: reason=unstable_if action=reinterpret pc=0x000001931cbf1574 method=java.util.HashMap.hash(Ljava/lang/Object;)I @ 1 c2
Event: 3.602 Thread 0x0000019331f88d60 DEOPT PACKING pc=0x000001931cbf1574 sp=0x0000004fec5f9b70
Event: 3.602 Thread 0x0000019331f88d60 DEOPT UNPACKING pc=0x000001931c6869a3 sp=0x0000004fec5f9ab0 mode 2
Event: 3.852 Thread 0x0000019331f88d60 Uncommon trap: trap_request=0xffffff76 fr.pc=0x000001931cd164f4 relative=0x0000000000000154
Event: 3.852 Thread 0x0000019331f88d60 Uncommon trap: reason=predicate action=maybe_recompile pc=0x000001931cd164f4 method=com.google.common.base.CharMatcher.indexIn(Ljava/lang/CharSequence;I)I @ 19 c2
Event: 3.853 Thread 0x0000019331f88d60 DEOPT PACKING pc=0x000001931cd164f4 sp=0x0000004fec5fb560
Event: 3.853 Thread 0x0000019331f88d60 DEOPT UNPACKING pc=0x000001931c6869a3 sp=0x0000004fec5fb4f0 mode 2
Event: 3.948 Thread 0x0000019331f88d60 Uncommon trap: trap_request=0xffffff45 fr.pc=0x000001931cc23bc8 relative=0x00000000000001a8
Event: 3.948 Thread 0x0000019331f88d60 Uncommon trap: reason=unstable_if action=reinterpret pc=0x000001931cc23bc8 method=java.net.URI.match(CJJ)Z @ 19 c2
Event: 3.948 Thread 0x0000019331f88d60 DEOPT PACKING pc=0x000001931cc23bc8 sp=0x0000004fec5fbb70
Event: 3.948 Thread 0x0000019331f88d60 DEOPT UNPACKING pc=0x000001931c6869a3 sp=0x0000004fec5fba70 mode 2
Event: 3.948 Thread 0x0000019331f88d60 Uncommon trap: trap_request=0xffffff45 fr.pc=0x000001931cbf0548 relative=0x0000000000000048
Event: 3.948 Thread 0x0000019331f88d60 Uncommon trap: reason=unstable_if action=reinterpret pc=0x000001931cbf0548 method=java.net.URI.match(CJJ)Z @ 19 c2
Event: 3.948 Thread 0x0000019331f88d60 DEOPT PACKING pc=0x000001931cbf0548 sp=0x0000004fec5fbab0
Event: 3.948 Thread 0x0000019331f88d60 DEOPT UNPACKING pc=0x000001931c6869a3 sp=0x0000004fec5fba60 mode 2
Event: 4.063 Thread 0x0000019333523a20 Uncommon trap: trap_request=0xffffff45 fr.pc=0x000001931ccd8434 relative=0x0000000000000f94
Event: 4.063 Thread 0x0000019333523a20 Uncommon trap: reason=unstable_if action=reinterpret pc=0x000001931ccd8434 method=java.util.concurrent.ConcurrentHashMap.putVal(Ljava/lang/Object;Ljava/lang/Object;Z)Ljava/lang/Object; @ 97 c2
Event: 4.064 Thread 0x0000019333523a20 DEOPT PACKING pc=0x000001931ccd8434 sp=0x0000004fedffd150
Event: 4.064 Thread 0x0000019333523a20 DEOPT UNPACKING pc=0x000001931c6869a3 sp=0x0000004fedffd0d8 mode 2

Classes unloaded (0 events):
No events

Classes redefined (0 events):
No events

Internal exceptions (20 events):
Event: 3.080 Thread 0x0000019331f88d60 Exception <a 'java/lang/NoSuchMethodError'{0x0000000082576240}: 'java.lang.Object java.lang.invoke.Invokers$Holder.invokeExact_MT(java.lang.Object, java.lang.Object, java.lang.Object, java.lang.Object, java.lang.Object, java.lang.Object)'> (0x0000000082576240) 
thrown [s\src\hotspot\share\interpreter\linkResolver.cpp, line 771]
Event: 3.342 Thread 0x0000019331f88d60 Exception <a 'java/lang/NoSuchMethodError'{0x0000000081d7c690}: 'void java.lang.invoke.DirectMethodHandle$Holder.invokeStatic(java.lang.Object, java.lang.Object)'> (0x0000000081d7c690) 
thrown [s\src\hotspot\share\interpreter\linkResolver.cpp, line 771]
Event: 3.353 Thread 0x0000019331f88d60 Exception <a 'java/lang/NoSuchMethodError'{0x0000000081ddc278}: 'java.lang.Object java.lang.invoke.DirectMethodHandle$Holder.invokeVirtual(java.lang.Object, java.lang.Object, java.lang.Object, java.lang.Object)'> (0x0000000081ddc278) 
thrown [s\src\hotspot\share\interpreter\linkResolver.cpp, line 771]
Event: 3.424 Thread 0x0000019331f88d60 Exception <a 'java/lang/NoSuchMethodError'{0x0000000081b7d060}: 'java.lang.Object java.lang.invoke.DirectMethodHandle$Holder.newInvokeSpecial(java.lang.Object, java.lang.Object, java.lang.Object, java.lang.Object, java.lang.Object, java.lang.Object, java.lang.Object)'> (0x0000000081b7d060) 
thrown [s\src\hotspot\share\interpreter\linkResolver.cpp, line 771]
Event: 3.425 Thread 0x0000019331f88d60 Exception <a 'java/lang/NoSuchMethodError'{0x0000000081b81d30}: 'java.lang.Object java.lang.invoke.Invokers$Holder.linkToTargetMethod(java.lang.Object, java.lang.Object, java.lang.Object, java.lang.Object, java.lang.Object, java.lang.Object, java.lang.Object)'> (0x0000000081b81d30) 
thrown [s\src\hotspot\share\interpreter\linkResolver.cpp, line 771]
Event: 3.472 Thread 0x0000019331f88d60 Exception <a 'java/lang/NoSuchMethodError'{0x0000000081ad4030}: 'java.lang.Object java.lang.invoke.DirectMethodHandle$Holder.invokeVirtual(java.lang.Object, java.lang.Object, java.lang.Object, java.lang.Object, java.lang.Object, java.lang.Object, java.lang.Object, java.lang.Object, java.lang.Object, java.lang.Object, java.lang.Object, java.lang.Object, java.lang.Object, java.lang.Object, java.lang.Object, java.lang.Object, java.lang.Object, java.lang.Object, java.lang.Object, java.lang.Object, java.lang.Ob
Event: 3.602 Thread 0x0000019331f88d60 Implicit null exception at 0x000001931cbf14d8 to 0x000001931cbf156a
Event: 3.729 Thread 0x0000019331f88d60 Exception <a 'java/lang/NoSuchMethodError'{0x0000000084b3ffa8}: 'void java.lang.invoke.DirectMethodHandle$Holder.invokeStaticInit(java.lang.Object, java.lang.Object)'> (0x0000000084b3ffa8) 
thrown [s\src\hotspot\share\interpreter\linkResolver.cpp, line 771]
Event: 3.772 Thread 0x0000019331f88d60 Exception <a 'java/lang/NoSuchMethodError'{0x0000000083664220}: 'java.lang.Object java.lang.invoke.DirectMethodHandle$Holder.invokeStaticInit(java.lang.Object, java.lang.Object, java.lang.Object)'> (0x0000000083664220) 
thrown [s\src\hotspot\share\interpreter\linkResolver.cpp, line 771]
Event: 3.773 Thread 0x0000019331f88d60 Exception <a 'java/lang/NoSuchMethodError'{0x000000008366e310}: 'void java.lang.invoke.DirectMethodHandle$Holder.invokeStatic(java.lang.Object, java.lang.Object, java.lang.Object, java.lang.Object, java.lang.Object, java.lang.Object)'> (0x000000008366e310) 
thrown [s\src\hotspot\share\interpreter\linkResolver.cpp, line 771]
Event: 3.897 Thread 0x0000019331f88d60 Exception <a 'java/lang/NoSuchMethodError'{0x0000000083210a50}: 'void java.lang.invoke.DirectMethodHandle$Holder.invokeStatic(java.lang.Object, java.lang.Object, java.lang.Object, java.lang.Object)'> (0x0000000083210a50) 
thrown [s\src\hotspot\share\interpreter\linkResolver.cpp, line 771]
Event: 3.900 Thread 0x0000019331f88d60 Exception <a 'java/lang/NoSuchMethodError'{0x0000000083223e40}: 'int java.lang.invoke.DirectMethodHandle$Holder.invokeVirtual(java.lang.Object, java.lang.Object)'> (0x0000000083223e40) 
thrown [s\src\hotspot\share\interpreter\linkResolver.cpp, line 771]
Event: 3.908 Thread 0x0000019331f88d60 Exception <a 'java/lang/NoSuchMethodError'{0x0000000083271808}: 'int java.lang.invoke.DirectMethodHandle$Holder.invokeVirtual(java.lang.Object, java.lang.Object, java.lang.Object)'> (0x0000000083271808) 
thrown [s\src\hotspot\share\interpreter\linkResolver.cpp, line 771]
Event: 3.954 Thread 0x0000019331f88d60 Exception <a 'java/lang/NoSuchMethodError'{0x00000000831e7750}: 'int java.lang.invoke.DirectMethodHandle$Holder.invokeStaticInit(java.lang.Object, java.lang.Object, java.lang.Object)'> (0x00000000831e7750) 
thrown [s\src\hotspot\share\interpreter\linkResolver.cpp, line 771]
Event: 3.956 Thread 0x0000019331f88d60 Exception <a 'java/lang/NoSuchMethodError'{0x00000000831fbc88}: 'java.lang.Object java.lang.invoke.DirectMethodHandle$Holder.newInvokeSpecial(java.lang.Object, java.lang.Object, long)'> (0x00000000831fbc88) 
thrown [s\src\hotspot\share\interpreter\linkResolver.cpp, line 771]
Event: 3.957 Thread 0x0000019331f88d60 Exception <a 'java/lang/NoSuchMethodError'{0x0000000083000498}: 'java.lang.Object java.lang.invoke.Invokers$Holder.linkToTargetMethod(java.lang.Object, long, java.lang.Object)'> (0x0000000083000498) 
thrown [s\src\hotspot\share\interpreter\linkResolver.cpp, line 771]
Event: 3.998 Thread 0x0000019331f88d60 Exception <a 'java/lang/NoSuchMethodError'{0x0000000082f3d308}: 'int java.lang.invoke.DirectMethodHandle$Holder.invokeInterface(java.lang.Object, java.lang.Object)'> (0x0000000082f3d308) 
thrown [s\src\hotspot\share\interpreter\linkResolver.cpp, line 771]
Event: 4.004 Thread 0x0000019331f88d60 Exception <a 'java/lang/NoSuchMethodError'{0x0000000082f6c038}: 'java.lang.Object java.lang.invoke.DirectMethodHandle$Holder.invokeStatic(java.lang.Object, java.lang.Object, int, java.lang.Object)'> (0x0000000082f6c038) 
thrown [s\src\hotspot\share\interpreter\linkResolver.cpp, line 771]
Event: 4.004 Thread 0x0000019331f88d60 Exception <a 'java/lang/NoSuchMethodError'{0x0000000082f736a0}: 'java.lang.Object java.lang.invoke.DirectMethodHandle$Holder.newInvokeSpecial(java.lang.Object, java.lang.Object, int, java.lang.Object)'> (0x0000000082f736a0) 
thrown [s\src\hotspot\share\interpreter\linkResolver.cpp, line 771]
Event: 4.004 Thread 0x0000019331f88d60 Exception <a 'java/lang/NoSuchMethodError'{0x0000000082f77a38}: 'java.lang.Object java.lang.invoke.DirectMethodHandle$Holder.invokeSpecial(java.lang.Object, java.lang.Object, java.lang.Object, int, java.lang.Object)'> (0x0000000082f77a38) 
thrown [s\src\hotspot\share\interpreter\linkResolver.cpp, line 771]

VM Operations (20 events):
Event: 2.046 Executing VM operation: HandshakeAllThreads
Event: 2.046 Executing VM operation: HandshakeAllThreads done
Event: 2.105 Executing VM operation: HandshakeAllThreads
Event: 2.105 Executing VM operation: HandshakeAllThreads done
Event: 2.540 Executing VM operation: CollectForMetadataAllocation
Event: 2.547 Executing VM operation: CollectForMetadataAllocation done
Event: 2.552 Executing VM operation: G1Concurrent
Event: 2.554 Executing VM operation: G1Concurrent done
Event: 2.555 Executing VM operation: G1Concurrent
Event: 2.559 Executing VM operation: G1Concurrent done
Event: 2.843 Executing VM operation: HandshakeAllThreads
Event: 2.843 Executing VM operation: HandshakeAllThreads done
Event: 2.844 Executing VM operation: HandshakeAllThreads
Event: 2.844 Executing VM operation: HandshakeAllThreads done
Event: 3.480 Executing VM operation: G1CollectForAllocation
Event: 3.488 Executing VM operation: G1CollectForAllocation done
Event: 3.518 Executing VM operation: G1CollectForAllocation
Event: 3.521 Executing VM operation: G1CollectForAllocation done
Event: 3.976 Executing VM operation: HandshakeAllThreads
Event: 3.976 Executing VM operation: HandshakeAllThreads done

Events (20 events):
Event: 3.906 loading class java/util/ArrayDeque$DeqSpliterator
Event: 3.906 loading class java/util/ArrayDeque$DeqSpliterator done
Event: 3.939 loading class java/nio/charset/CharacterCodingException
Event: 3.939 loading class java/nio/charset/CharacterCodingException done
Event: 3.941 loading class java/lang/Short$ShortCache
Event: 3.941 loading class java/lang/Short$ShortCache done
Event: 4.060 Thread 0x0000019331f87080 Thread added: 0x0000019331f87080
Event: 4.061 Thread 0x0000019331f8a570 Thread added: 0x0000019331f8a570
Event: 4.061 Thread 0x0000019331f87550 Thread added: 0x0000019331f87550
Event: 4.061 Thread 0x00000193335260a0 Thread added: 0x00000193335260a0
Event: 4.061 Thread 0x0000019333526f10 Thread added: 0x0000019333526f10
Event: 4.061 Thread 0x0000019333523550 Thread added: 0x0000019333523550
Event: 4.062 Thread 0x00000193335213a0 Thread added: 0x00000193335213a0
Event: 4.062 Thread 0x0000019333521870 Thread added: 0x0000019333521870
Event: 4.062 Thread 0x0000019333526570 Thread added: 0x0000019333526570
Event: 4.062 Thread 0x0000019333523a20 Thread added: 0x0000019333523a20
Event: 4.062 loading class sun/nio/fs/WindowsPath$1
Event: 4.063 loading class sun/nio/fs/WindowsPath$1 done
Event: 4.063 Thread 0x0000019333520060 Thread added: 0x0000019333520060
Event: 4.063 Thread 0x0000019333524890 Thread added: 0x0000019333524890


Dynamic libraries:
0x00007ff637f80000 - 0x00007ff637f8a000 	C:\Program Files\Android\Android Studio\jbr\bin\java.exe
0x00007fff4d810000 - 0x00007fff4da27000 	C:\WINDOWS\SYSTEM32\ntdll.dll
0x00007fff4cee0000 - 0x00007fff4cfa4000 	C:\WINDOWS\System32\KERNEL32.DLL
0x00007fff4ad40000 - 0x00007fff4b0e6000 	C:\WINDOWS\System32\KERNELBASE.dll
0x00007fff4ac20000 - 0x00007fff4ad31000 	C:\WINDOWS\System32\ucrtbase.dll
0x00007fff41520000 - 0x00007fff4153b000 	C:\Program Files\Android\Android Studio\jbr\bin\VCRUNTIME140.dll
0x00007fff0cd10000 - 0x00007fff0cd27000 	C:\Program Files\Android\Android Studio\jbr\bin\jli.dll
0x00007fff4d620000 - 0x00007fff4d7ce000 	C:\WINDOWS\System32\USER32.dll
0x00007fff4b1e0000 - 0x00007fff4b206000 	C:\WINDOWS\System32\win32u.dll
0x00007fff283d0000 - 0x00007fff28663000 	C:\WINDOWS\WinSxS\amd64_microsoft.windows.common-controls_6595b64144ccf1df_6.0.22621.2506_none_270c5ae97388e100\COMCTL32.dll
0x00007fff4ba60000 - 0x00007fff4ba89000 	C:\WINDOWS\System32\GDI32.dll
0x00007fff4d010000 - 0x00007fff4d0b7000 	C:\WINDOWS\System32\msvcrt.dll
0x00007fff4b210000 - 0x00007fff4b328000 	C:\WINDOWS\System32\gdi32full.dll
0x00007fff4ab80000 - 0x00007fff4ac1a000 	C:\WINDOWS\System32\msvcp_win.dll
0x00007fff4bb20000 - 0x00007fff4bb51000 	C:\WINDOWS\System32\IMM32.DLL
0x00007fff41510000 - 0x00007fff4151c000 	C:\Program Files\Android\Android Studio\jbr\bin\vcruntime140_1.dll
0x00007fff11a80000 - 0x00007fff11b0d000 	C:\Program Files\Android\Android Studio\jbr\bin\msvcp140.dll
0x00007ffec04f0000 - 0x00007ffec1170000 	C:\Program Files\Android\Android Studio\jbr\bin\server\jvm.dll
0x00007fff4bf90000 - 0x00007fff4c041000 	C:\WINDOWS\System32\ADVAPI32.dll
0x00007fff4bb60000 - 0x00007fff4bc05000 	C:\WINDOWS\System32\sechost.dll
0x00007fff4d500000 - 0x00007fff4d617000 	C:\WINDOWS\System32\RPCRT4.dll
0x00007fff331c0000 - 0x00007fff331ca000 	C:\WINDOWS\SYSTEM32\VERSION.dll
0x00007fff419f0000 - 0x00007fff419f9000 	C:\WINDOWS\SYSTEM32\WSOCK32.dll
0x00007fff3fd80000 - 0x00007fff3fdb4000 	C:\WINDOWS\SYSTEM32\WINMM.dll
0x00007fff4b820000 - 0x00007fff4b891000 	C:\WINDOWS\System32\WS2_32.dll
0x00007fff49bd0000 - 0x00007fff49be8000 	C:\WINDOWS\SYSTEM32\kernel.appcore.dll
0x00007fff236f0000 - 0x00007fff236fa000 	C:\Program Files\Android\Android Studio\jbr\bin\jimage.dll
0x00007fff48430000 - 0x00007fff48663000 	C:\WINDOWS\SYSTEM32\DBGHELP.DLL
0x00007fff4d0e0000 - 0x00007fff4d469000 	C:\WINDOWS\System32\combase.dll
0x00007fff4c050000 - 0x00007fff4c127000 	C:\WINDOWS\System32\OLEAUT32.dll
0x00007fff28190000 - 0x00007fff281c2000 	C:\WINDOWS\SYSTEM32\dbgcore.DLL
0x00007fff4b0f0000 - 0x00007fff4b16a000 	C:\WINDOWS\System32\bcryptPrimitives.dll
0x00007fff0d160000 - 0x00007fff0d185000 	C:\Program Files\Android\Android Studio\jbr\bin\java.dll
0x00007fff0d140000 - 0x00007fff0d158000 	C:\Program Files\Android\Android Studio\jbr\bin\zip.dll
0x00007fff4c180000 - 0x00007fff4c9da000 	C:\WINDOWS\System32\SHELL32.dll
0x00007fff48a60000 - 0x00007fff49356000 	C:\WINDOWS\SYSTEM32\windows.storage.dll
0x00007fff48920000 - 0x00007fff48a5e000 	C:\WINDOWS\SYSTEM32\wintypes.dll
0x00007fff4bd60000 - 0x00007fff4be53000 	C:\WINDOWS\System32\SHCORE.dll
0x00007fff4cfb0000 - 0x00007fff4d00e000 	C:\WINDOWS\System32\shlwapi.dll
0x00007fff4aab0000 - 0x00007fff4aad6000 	C:\WINDOWS\SYSTEM32\profapi.dll
0x00007fff0d120000 - 0x00007fff0d139000 	C:\Program Files\Android\Android Studio\jbr\bin\net.dll
0x00007fff425d0000 - 0x00007fff42707000 	C:\WINDOWS\SYSTEM32\WINHTTP.dll
0x00007fff4a0a0000 - 0x00007fff4a109000 	C:\WINDOWS\system32\mswsock.dll
0x00007fff0d100000 - 0x00007fff0d116000 	C:\Program Files\Android\Android Studio\jbr\bin\nio.dll
0x00007fff1ea30000 - 0x00007fff1ea40000 	C:\Program Files\Android\Android Studio\jbr\bin\verify.dll
0x00007fff41550000 - 0x00007fff41577000 	C:\Users\PMLS\.gradle\native\68d5fa5c4cc2d200863cafc0d521ce42e7d3e7ee720ec0a83991735586a16f82\windows-amd64\native-platform.dll
0x00007fff11670000 - 0x00007fff117b4000 	C:\Users\PMLS\.gradle\native\e376f236ea51e6404a007f0833ffe2c6e607c4080706a723a18a27aeea778392\windows-amd64\native-platform-file-events.dll
0x00007fff0cec0000 - 0x00007fff0cec9000 	C:\Program Files\Android\Android Studio\jbr\bin\management.dll
0x00007fff0ce70000 - 0x00007fff0ce7b000 	C:\Program Files\Android\Android Studio\jbr\bin\management_ext.dll
0x00007fff4c9e0000 - 0x00007fff4c9e8000 	C:\WINDOWS\System32\PSAPI.DLL
0x00007fff4a3f0000 - 0x00007fff4a40b000 	C:\WINDOWS\SYSTEM32\CRYPTSP.dll
0x00007fff49b90000 - 0x00007fff49bc5000 	C:\WINDOWS\system32\rsaenh.dll
0x00007fff4a140000 - 0x00007fff4a16c000 	C:\WINDOWS\SYSTEM32\USERENV.dll
0x00007fff4a530000 - 0x00007fff4a558000 	C:\WINDOWS\SYSTEM32\bcrypt.dll
0x00007fff4a3d0000 - 0x00007fff4a3dc000 	C:\WINDOWS\SYSTEM32\CRYPTBASE.dll
0x00007fff49630000 - 0x00007fff4965d000 	C:\WINDOWS\SYSTEM32\IPHLPAPI.DLL
0x00007fff4bf80000 - 0x00007fff4bf89000 	C:\WINDOWS\System32\NSI.dll
0x00007fff422d0000 - 0x00007fff422e9000 	C:\WINDOWS\SYSTEM32\dhcpcsvc6.DLL
0x00007fff422b0000 - 0x00007fff422cf000 	C:\WINDOWS\SYSTEM32\dhcpcsvc.DLL
0x00007fff496a0000 - 0x00007fff49799000 	C:\WINDOWS\SYSTEM32\DNSAPI.dll
0x00007fff186b0000 - 0x00007fff186b8000 	C:\WINDOWS\system32\wshunix.dll

dbghelp: loaded successfully - version: 4.0.5 - missing functions: none
symbol engine: initialized successfully - sym options: 0x614 - pdb path: .;C:\Program Files\Android\Android Studio\jbr\bin;C:\WINDOWS\SYSTEM32;C:\WINDOWS\WinSxS\amd64_microsoft.windows.common-controls_6595b64144ccf1df_6.0.22621.2506_none_270c5ae97388e100;C:\Program Files\Android\Android Studio\jbr\bin\server;C:\Users\PMLS\.gradle\native\68d5fa5c4cc2d200863cafc0d521ce42e7d3e7ee720ec0a83991735586a16f82\windows-amd64;C:\Users\PMLS\.gradle\native\e376f236ea51e6404a007f0833ffe2c6e607c4080706a723a18a27aeea778392\windows-amd64

VM Arguments:
jvm_args: --add-opens=java.base/java.util=ALL-UNNAMED --add-opens=java.base/java.lang=ALL-UNNAMED --add-opens=java.base/java.lang.invoke=ALL-UNNAMED --add-opens=java.prefs/java.util.prefs=ALL-UNNAMED --add-opens=java.base/java.nio.charset=ALL-UNNAMED --add-opens=java.base/java.net=ALL-UNNAMED --add-opens=java.base/java.util.concurrent.atomic=ALL-UNNAMED -Xmx2048m -Dfile.encoding=UTF-8 -Duser.country=US -Duser.language=en -Duser.variant 
java_command: org.gradle.launcher.daemon.bootstrap.GradleDaemon 8.0
java_class_path (initial): C:\Users\PMLS\.gradle\wrapper\dists\gradle-8.0-bin\ca5e32bp14vu59qr306oxotwh\gradle-8.0\lib\gradle-launcher-8.0.jar
Launcher Type: SUN_STANDARD

[Global flags]
     intx CICompilerCount                          = 4                                         {product} {ergonomic}
     uint ConcGCThreads                            = 3                                         {product} {ergonomic}
     uint G1ConcRefinementThreads                  = 10                                        {product} {ergonomic}
   size_t G1HeapRegionSize                         = 1048576                                   {product} {ergonomic}
    uintx GCDrainStackTargetSize                   = 64                                        {product} {ergonomic}
   size_t InitialHeapSize                          = 130023424                                 {product} {ergonomic}
   size_t MarkStackSize                            = 4194304                                   {product} {ergonomic}
   size_t MaxHeapSize                              = 2147483648                                {product} {command line}
   size_t MaxNewSize                               = 1287651328                                {product} {ergonomic}
   size_t MinHeapDeltaBytes                        = 1048576                                   {product} {ergonomic}
   size_t MinHeapSize                              = 8388608                                   {product} {ergonomic}
    uintx NonNMethodCodeHeapSize                   = 5839372                                {pd product} {ergonomic}
    uintx NonProfiledCodeHeapSize                  = 122909434                              {pd product} {ergonomic}
    uintx ProfiledCodeHeapSize                     = 122909434                              {pd product} {ergonomic}
    uintx ReservedCodeCacheSize                    = 251658240                              {pd product} {ergonomic}
     bool SegmentedCodeCache                       = true                                      {product} {ergonomic}
   size_t SoftMaxHeapSize                          = 2147483648                             {manageable} {ergonomic}
     bool UseCompressedClassPointers               = true                           {product lp64_product} {ergonomic}
     bool UseCompressedOops                        = true                           {product lp64_product} {ergonomic}
     bool UseG1GC                                  = true                                      {product} {ergonomic}
     bool UseLargePagesIndividualAllocation        = false                                  {pd product} {ergonomic}

Logging:
Log output configuration:
 #0: stdout all=warning uptime,level,tags
 #1: stderr all=off uptime,level,tags

Environment Variables:
PATH=C:\WINDOWS\system32;C:\WINDOWS;C:\WINDOWS\System32\Wbem;C:\WINDOWS\System32\WindowsPowerShell\v1.0\;C:\WINDOWS\System32\OpenSSH\;C:\Users\PMLS\AppData\Local\Microsoft\WindowsApps;;C:\Users\PMLS\AppData\Local\Programs\Microsoft VS Code\bin
USERNAME=Muhammad Noman Khan
OS=Windows_NT
PROCESSOR_IDENTIFIER=Intel64 Family 6 Model 154 Stepping 4, GenuineIntel
TMP=C:\Users\PMLS\AppData\Local\Temp
TEMP=C:\Users\PMLS\AppData\Local\Temp


JNI global refs:
JNI global refs: 24, weak refs: 0

JNI global refs memory usage: 843, weak refs: 841

OOME stack traces (most recent first):
Classloader memory used:
Loader bootstrap                                                                       : 1870K
Loader org.gradle.internal.classloader.VisitableURLClassLoader                         : 1532K
Loader org.gradle.initialization.MixInLegacyTypesClassLoader                           : 188K
Loader jdk.internal.loader.ClassLoaders$AppClassLoader                                 : 25772B
Loader jdk.internal.loader.ClassLoaders$PlatformClassLoader                            : 14825B
Loader jdk.internal.reflect.DelegatingClassLoader                                      : 8494B
Loader org.gradle.internal.classloader.VisitableURLClassLoader                         : 1865B

Classes loaded by more than one classloader:
Class org.gradle.internal.installation.GradleInstallation                             : loaded 2 times (x 73B)
Class org.gradle.internal.classpath.ClassPath                                         : loaded 2 times (x 68B)
Class org.gradle.api.internal.classpath.DefaultModuleRegistry                         : loaded 2 times (x 84B)
Class org.gradle.api.Action                                                           : loaded 2 times (x 68B)
Class org.gradle.api.internal.DefaultClassPathProvider                                : loaded 2 times (x 74B)
Class org.gradle.internal.installation.GradleInstallation$1                           : loaded 2 times (x 73B)
Class org.gradle.internal.classloader.FilteringClassLoader                            : loaded 2 times (x 102B)
Class org.gradle.internal.classpath.DefaultClassPath$ImmutableUniqueList$Builder      : loaded 2 times (x 73B)
Class org.gradle.internal.classloader.ClassLoaderVisitor                              : loaded 2 times (x 74B)
Class org.gradle.internal.service.DefaultServiceLocator                               : loaded 2 times (x 81B)
Class org.gradle.internal.service.UnknownServiceException                             : loaded 2 times (x 81B)
Class org.gradle.internal.classloader.DefaultClassLoaderFactory                       : loaded 2 times (x 80B)
Class org.gradle.internal.classloader.VisitableURLClassLoader$Spec                    : loaded 2 times (x 72B)
Class org.gradle.api.GradleException                                                  : loaded 2 times (x 80B)
Class org.gradle.api.internal.classpath.ModuleRegistry                                : loaded 2 times (x 68B)
Class org.gradle.api.internal.ClassPathProvider                                       : loaded 2 times (x 68B)
Class org.gradle.internal.classloader.ClasspathUtil$1                                 : loaded 2 times (x 74B)
Class org.gradle.internal.classloader.ClassLoaderFactory                              : loaded 2 times (x 68B)
Class org.gradle.api.internal.classpath.ManifestUtil                                  : loaded 2 times (x 69B)
Class org.gradle.api.specs.Spec                                                       : loaded 2 times (x 68B)
Class org.gradle.internal.IoActions                                                   : loaded 2 times (x 69B)
Class org.gradle.api.internal.classpath.EffectiveClassPath                            : loaded 2 times (x 88B)
Class org.gradle.internal.installation.CurrentGradleInstallation                      : loaded 2 times (x 71B)
Class org.gradle.internal.installation.CurrentGradleInstallationLocator               : loaded 2 times (x 69B)
Class org.gradle.api.internal.classpath.Module                                        : loaded 2 times (x 68B)
Class org.gradle.internal.service.CachingServiceLocator                               : loaded 2 times (x 80B)
Class org.gradle.internal.classpath.DefaultClassPath                                  : loaded 2 times (x 88B)
Class org.gradle.internal.classloader.SystemClassLoaderSpec                           : loaded 2 times (x 69B)
Class org.gradle.api.UncheckedIOException                                             : loaded 2 times (x 80B)
Class org.gradle.internal.classloader.ClasspathUtil                                   : loaded 2 times (x 69B)
Class org.gradle.api.internal.DefaultClassPathRegistry                                : loaded 2 times (x 74B)
Class org.gradle.api.internal.classpath.DefaultModuleRegistry$DefaultModule           : loaded 2 times (x 84B)
Class org.gradle.api.internal.classpath.UnknownModuleException                        : loaded 2 times (x 80B)
Class org.gradle.internal.service.ServiceLookupException                              : loaded 2 times (x 80B)
Class org.gradle.cache.GlobalCache                                                    : loaded 2 times (x 68B)
Class [Lorg.gradle.api.internal.ClassPathProvider;                                    : loaded 2 times (x 67B)
Class org.gradle.util.internal.GUtil                                                  : loaded 2 times (x 69B)
Class org.gradle.internal.classloader.ClassLoaderSpec                                 : loaded 2 times (x 69B)
Class org.gradle.internal.classloader.VisitableURLClassLoader                         : loaded 2 times (x 114B)
Class org.gradle.internal.Cast                                                        : loaded 2 times (x 69B)
Class org.gradle.api.internal.ClassPathRegistry                                       : loaded 2 times (x 68B)
Class org.gradle.internal.classloader.ClassLoaderHierarchy                            : loaded 2 times (x 68B)
Class org.gradle.internal.InternalTransformer                                         : loaded 2 times (x 68B)
Class org.gradle.internal.service.ServiceLocator                                      : loaded 2 times (x 68B)
Class org.gradle.internal.classpath.DefaultClassPath$ImmutableUniqueList              : loaded 2 times (x 159B)


---------------  S Y S T E M  ---------------

OS:
 Windows 11 , 64 bit Build 22621 (10.0.22621.2506)
OS uptime: 0 days 0:01 hours
Hyper-V role detected

CPU: total 12 (initial active 12) (6 cores per cpu, 2 threads per core) family 6 model 154 stepping 4 microcode 0x424, cx8, cmov, fxsr, ht, mmx, 3dnowpref, sse, sse2, sse3, ssse3, sse4.1, sse4.2, popcnt, lzcnt, tsc, tscinvbit, avx, avx2, aes, erms, clmul, bmi1, bmi2, adx, sha, fma, vzeroupper, clflush, clflushopt, clwb, hv

Memory: 4k page, system-wide physical 7916M (672M free)
TotalPageFile size 7916M (AvailPageFile size 2M)
current process WorkingSet (physical memory assigned to process): 195M, peak: 197M
current process commit charge ("private bytes"): 239M, peak: 263M

vm_info: OpenJDK 64-Bit Server VM (17.0.7+0-b2043.56-10550314) for windows-amd64 JRE (17.0.7+0-b2043.56-10550314), built on Jul 24 2023 18:27:45 by "androidbuild" with MS VC++ 16.10 / 16.11 (VS2019)

END.
