#
# There is insufficient memory for the Java Runtime Environment to continue.
# Native memory allocation (mmap) failed to map 115343360 bytes for G1 virtual space
# Possible reasons:
#   The system is out of physical RAM or swap space
#   The process is running with CompressedOops enabled, and the Java Heap may be blocking the growth of the native heap
# Possible solutions:
#   Reduce memory load on the system
#   Increase physical memory or swap space
#   Check if swap backing store is full
#   Decrease Java heap size (-Xmx/-Xms)
#   Decrease number of Java threads
#   Decrease Java thread stack sizes (-Xss)
#   Set larger code cache with -XX:ReservedCodeCacheSize=
#   JVM is running with Unscaled Compressed Oops mode in which the Java heap is
#     placed in the first 4GB address space. The Java Heap base address is the
#     maximum limit for the native heap growth. Please use -XX:HeapBaseMinAddress
#     to set the Java Heap base and to place the Java Heap above 4GB virtual address.
# This output file may be truncated or incomplete.
#
#  Out of Memory Error (os_windows.cpp:3771), pid=9624, tid=16780
#
# JRE version: OpenJDK Runtime Environment (17.0.7) (build 17.0.7+0-b2043.56-10550314)
# Java VM: OpenJDK 64-Bit Server VM (17.0.7+0-b2043.56-10550314, mixed mode, tiered, compressed oops, compressed class ptrs, g1 gc, windows-amd64)
# No core dump will be written. Minidumps are not enabled by default on client versions of Windows
#

---------------  S U M M A R Y ------------

Command Line: --add-opens=java.base/java.util=ALL-UNNAMED --add-opens=java.base/java.lang=ALL-UNNAMED --add-opens=java.base/java.lang.invoke=ALL-UNNAMED --add-opens=java.prefs/java.util.prefs=ALL-UNNAMED --add-opens=java.base/java.nio.charset=ALL-UNNAMED --add-opens=java.base/java.net=ALL-UNNAMED --add-opens=java.base/java.util.concurrent.atomic=ALL-UNNAMED -Xmx2048m -Dfile.encoding=UTF-8 -Duser.country=US -Duser.language=en -Duser.variant org.gradle.launcher.daemon.bootstrap.GradleDaemon 8.0

Host: 12th Gen Intel(R) Core(TM) i5-1235U, 12 cores, 7G,  Windows 11 , 64 bit Build 22621 (10.0.22621.2506)
Time: Tue Dec 19 16:22:47 2023 Pakistan Standard Time elapsed time: 6.378508 seconds (0d 0h 0m 6s)

---------------  T H R E A D  ---------------

Current thread (0x000002014d7a3dc0):  VMThread "VM Thread" [stack: 0x0000007c82200000,0x0000007c82300000] [id=16780]

Stack: [0x0000007c82200000,0x0000007c82300000]
Native frames: (J=compiled Java code, j=interpreted, Vv=VM code, C=native code)
V  [jvm.dll+0x683bfa]
V  [jvm.dll+0x8430a4]
V  [jvm.dll+0x8449be]
V  [jvm.dll+0x845023]
V  [jvm.dll+0x24ad2f]
V  [jvm.dll+0x680ac9]
V  [jvm.dll+0x67519a]
V  [jvm.dll+0x30b3cb]
V  [jvm.dll+0x312876]
V  [jvm.dll+0x36221e]
V  [jvm.dll+0x36244f]
V  [jvm.dll+0x2e14a8]
V  [jvm.dll+0x2df684]
V  [jvm.dll+0x2dec8c]
V  [jvm.dll+0x323b51]
V  [jvm.dll+0x8496eb]
V  [jvm.dll+0x84a424]
V  [jvm.dll+0x84a93d]
V  [jvm.dll+0x84ad14]
V  [jvm.dll+0x84ade0]
V  [jvm.dll+0x7f2aea]
V  [jvm.dll+0x682a35]
C  [ucrtbase.dll+0x29363]
C  [KERNEL32.DLL+0x1257d]
C  [ntdll.dll+0x5aa58]

VM_Operation (0x0000007c83bf8240): G1TryInitiateConcMark, mode: safepoint, requested by thread 0x000002015384db00


---------------  P R O C E S S  ---------------

Threads class SMR info:
_java_thread_list=0x0000020154dcfac0, length=169, elements={
0x00000201334e7b50, 0x000002014d904270, 0x000002014d904cf0, 0x000002014d7b8fa0,
0x000002014d7ba770, 0x000002014d7bcd40, 0x000002014d7bd300, 0x000002014d7bdbf0,
0x000002014d7be6a0, 0x000002014d929030, 0x000002014dad6480, 0x000002014dad8960,
0x000002014dc76ab0, 0x0000020153678a10, 0x000002015398a730, 0x0000020152781cc0,
0x000002015301e2e0, 0x000002015301e7b0, 0x0000020152f39920, 0x000002015384db00,
0x0000020152201b40, 0x00000201522029b0, 0x0000020152200800, 0x0000020152200cd0,
0x00000201522011a0, 0x0000020152201670, 0x0000020154881ed0, 0x0000020152202010,
0x00000201522024e0, 0x0000020152202e80, 0x0000020152203350, 0x00000201522041c0,
0x0000020152203820, 0x0000020152203cf0, 0x0000020154c41e50, 0x0000020154c40b10,
0x0000020154c427f0, 0x0000020154c40640, 0x0000020154c414b0, 0x0000020154c40fe0,
0x0000020154c449a0, 0x0000020154c41980, 0x0000020154c42cc0, 0x0000020154c45810,
0x0000020154c44e70, 0x0000020154c44000, 0x0000020154c40170, 0x0000020154c43b30,
0x0000020154c444d0, 0x0000020154c3f300, 0x0000020154c3e960, 0x0000020154c3ee30,
0x0000020154c3fca0, 0x00000201543220b0, 0x0000020154327280, 0x0000020154327c20,
0x0000020154326db0, 0x0000020154326410, 0x00000201543208a0, 0x0000020154321be0,
0x0000020154324730, 0x00000201543268e0, 0x00000201543255a0, 0x0000020154327750,
0x0000020154322580, 0x00000201543203d0, 0x0000020154320d70, 0x0000020154322a50,
0x00000201543250d0, 0x0000020154325f40, 0x0000020154321240, 0x0000020154325a70,
0x0000020154321710, 0x0000020154322f20, 0x00000201543233f0, 0x00000201543238c0,
0x0000020154323d90, 0x0000020154324260, 0x0000020154324c00, 0x000002015780a3c0,
0x0000020157809080, 0x0000020157806ed0, 0x0000020157806a00, 0x0000020157806530,
0x0000020157808210, 0x000002015780a890, 0x0000020157806060, 0x000002015780ad60,
0x000002015780b230, 0x00000201578086e0, 0x0000020157809550, 0x000002015780b700,
0x0000020157809ef0, 0x000002015780d3e0, 0x00000201578073a0, 0x000002015780bbd0,
0x000002015780d8b0, 0x0000020157807870, 0x0000020157809a20, 0x000002015780c570,
0x0000020157807d40, 0x000002015780c0a0, 0x0000020157808bb0, 0x000002015780ca40,
0x000002015780cf10, 0x000002015555eb80, 0x0000020155558670, 0x000002015555bb60,
0x00000201555594e0, 0x000002015555acf0, 0x000002015555a820, 0x000002015555e1e0,
0x000002015555d840, 0x000002015555d370, 0x000002015555e6b0, 0x000002015555b1c0,
0x000002015555dd10, 0x000002015555f050, 0x000002015555f520, 0x000002015555b690,
0x000002015555c030, 0x0000020155557cd0, 0x0000020155559010, 0x000002015555c500,
0x000002015555cea0, 0x00000201555581a0, 0x0000020155558b40, 0x00000201555599b0,
0x0000020155559e80, 0x000002015555c9d0, 0x000002015555a350, 0x0000020156779040,
0x000002015677a380, 0x000002015677b6c0, 0x0000020156775680, 0x000002015677ad20,
0x0000020156776020, 0x000002015677b1f0, 0x0000020156775b50, 0x0000020156779510,
0x0000020156777d00, 0x0000020156777830, 0x000002015677c530, 0x000002015677ca00,
0x00000201567764f0, 0x000002015677a850, 0x00000201567799e0, 0x0000020156776e90,
0x00000201567769c0, 0x000002015677ced0, 0x0000020156777360, 0x00000201567786a0,
0x000002015677bb90, 0x00000201567781d0, 0x0000020156778b70, 0x0000020156779eb0,
0x000002015677c060, 0x00000201523ebb00, 0x00000201523f1b40, 0x00000201523f0800,
0x00000201523ebfd0, 0x00000201523ef990, 0x00000201523ea7c0, 0x00000201523ece40,
0x00000201523ea2f0, 0x00000201523efe60, 0x00000201523f0330, 0x00000201523f0cd0,
0x00000201523eeb20
}

Java Threads: ( => current thread )
  0x00000201334e7b50 JavaThread "main" [_thread_blocked, id=5768, stack(0x0000007c81c00000,0x0000007c81d00000)]
  0x000002014d904270 JavaThread "Reference Handler" daemon [_thread_blocked, id=16216, stack(0x0000007c82300000,0x0000007c82400000)]
  0x000002014d904cf0 JavaThread "Finalizer" daemon [_thread_blocked, id=4256, stack(0x0000007c82400000,0x0000007c82500000)]
  0x000002014d7b8fa0 JavaThread "Signal Dispatcher" daemon [_thread_blocked, id=13596, stack(0x0000007c82500000,0x0000007c82600000)]
  0x000002014d7ba770 JavaThread "Attach Listener" daemon [_thread_blocked, id=12772, stack(0x0000007c82600000,0x0000007c82700000)]
  0x000002014d7bcd40 JavaThread "Service Thread" daemon [_thread_blocked, id=6104, stack(0x0000007c82700000,0x0000007c82800000)]
  0x000002014d7bd300 JavaThread "Monitor Deflation Thread" daemon [_thread_blocked, id=17352, stack(0x0000007c82800000,0x0000007c82900000)]
  0x000002014d7bdbf0 JavaThread "C2 CompilerThread0" daemon [_thread_blocked, id=16148, stack(0x0000007c82900000,0x0000007c82a00000)]
  0x000002014d7be6a0 JavaThread "C1 CompilerThread0" daemon [_thread_blocked, id=17184, stack(0x0000007c82a00000,0x0000007c82b00000)]
  0x000002014d929030 JavaThread "Sweeper thread" daemon [_thread_blocked, id=3832, stack(0x0000007c82b00000,0x0000007c82c00000)]
  0x000002014dad6480 JavaThread "Common-Cleaner" daemon [_thread_blocked, id=16980, stack(0x0000007c82c00000,0x0000007c82d00000)]
  0x000002014dad8960 JavaThread "Notification Thread" daemon [_thread_blocked, id=17268, stack(0x0000007c82d00000,0x0000007c82e00000)]
  0x000002014dc76ab0 JavaThread "C2 CompilerThread1" daemon [_thread_blocked, id=17256, stack(0x0000007c82f00000,0x0000007c83000000)]
  0x0000020153678a10 JavaThread "Daemon health stats" [_thread_blocked, id=5312, stack(0x0000007c83500000,0x0000007c83600000)]
  0x000002015398a730 JavaThread "Incoming local TCP Connector on port 49991" [_thread_in_native, id=16772, stack(0x0000007c83600000,0x0000007c83700000)]
  0x0000020152781cc0 JavaThread "Daemon periodic checks" [_thread_blocked, id=17028, stack(0x0000007c83700000,0x0000007c83800000)]
  0x000002015301e2e0 JavaThread "Daemon" [_thread_blocked, id=3456, stack(0x0000007c83800000,0x0000007c83900000)]
  0x000002015301e7b0 JavaThread "Handler for socket connection from /127.0.0.1:49991 to /127.0.0.1:49992" [_thread_in_native, id=13784, stack(0x0000007c83900000,0x0000007c83a00000)]
  0x0000020152f39920 JavaThread "Cancel handler" [_thread_blocked, id=13736, stack(0x0000007c83a00000,0x0000007c83b00000)]
  0x000002015384db00 JavaThread "Daemon worker" [_thread_blocked, id=3464, stack(0x0000007c83b00000,0x0000007c83c00000)]
  0x0000020152201b40 JavaThread "Asynchronous log dispatcher for DefaultDaemonConnection: socket connection from /127.0.0.1:49991 to /127.0.0.1:49992" [_thread_blocked, id=17140, stack(0x0000007c83c00000,0x0000007c83d00000)]
  0x00000201522029b0 JavaThread "Stdin handler" [_thread_blocked, id=17180, stack(0x0000007c83d00000,0x0000007c83e00000)]
  0x0000020152200800 JavaThread "Daemon client event forwarder" [_thread_blocked, id=17236, stack(0x0000007c83e00000,0x0000007c83f00000)]
  0x0000020152200cd0 JavaThread "Cache worker for journal cache (C:\Users\PMLS\.gradle\caches\journal-1)" [_thread_blocked, id=6052, stack(0x0000007c83000000,0x0000007c83100000)]
  0x00000201522011a0 JavaThread "File lock request listener" [_thread_in_native, id=1448, stack(0x0000007c84600000,0x0000007c84700000)]
  0x0000020152201670 JavaThread "Cache worker for file hash cache (C:\Users\PMLS\.gradle\caches\8.0\fileHashes)" [_thread_blocked, id=17212, stack(0x0000007c84700000,0x0000007c84800000)]
  0x0000020154881ed0 JavaThread "C2 CompilerThread2" daemon [_thread_blocked, id=3972, stack(0x0000007c84800000,0x0000007c84900000)]
  0x0000020152202010 JavaThread "File watcher server" daemon [_thread_in_native, id=3436, stack(0x0000007c84900000,0x0000007c84a00000)]
  0x00000201522024e0 JavaThread "File watcher consumer" daemon [_thread_blocked, id=3828, stack(0x0000007c84a00000,0x0000007c84b00000)]
  0x0000020152202e80 JavaThread "jar transforms" [_thread_blocked, id=16776, stack(0x0000007c84b00000,0x0000007c84c00000)]
  0x0000020152203350 JavaThread "jar transforms Thread 2" [_thread_blocked, id=5352, stack(0x0000007c84c00000,0x0000007c84d00000)]
  0x00000201522041c0 JavaThread "jar transforms Thread 3" [_thread_blocked, id=16020, stack(0x0000007c84d00000,0x0000007c84e00000)]
  0x0000020152203820 JavaThread "jar transforms Thread 4" [_thread_blocked, id=17276, stack(0x0000007c84e00000,0x0000007c84f00000)]
  0x0000020152203cf0 JavaThread "jar transforms Thread 5" [_thread_blocked, id=17168, stack(0x0000007c84f00000,0x0000007c85000000)]
  0x0000020154c41e50 JavaThread "jar transforms Thread 6" [_thread_blocked, id=14236, stack(0x0000007c85000000,0x0000007c85100000)]
  0x0000020154c40b10 JavaThread "jar transforms Thread 7" [_thread_blocked, id=12388, stack(0x0000007c85100000,0x0000007c85200000)]
  0x0000020154c427f0 JavaThread "jar transforms Thread 8" [_thread_blocked, id=7036, stack(0x0000007c85200000,0x0000007c85300000)]
  0x0000020154c40640 JavaThread "jar transforms Thread 9" [_thread_blocked, id=16172, stack(0x0000007c85300000,0x0000007c85400000)]
  0x0000020154c414b0 JavaThread "jar transforms Thread 10" [_thread_blocked, id=15884, stack(0x0000007c85400000,0x0000007c85500000)]
  0x0000020154c40fe0 JavaThread "jar transforms Thread 11" [_thread_blocked, id=7524, stack(0x0000007c85500000,0x0000007c85600000)]
  0x0000020154c449a0 JavaThread "jar transforms Thread 12" [_thread_blocked, id=4840, stack(0x0000007c85600000,0x0000007c85700000)]
  0x0000020154c41980 JavaThread "Cache worker for checksums cache (C:\Androidproject\SocialMediaApp\.gradle\8.0\checksums)" [_thread_blocked, id=11280, stack(0x0000007c85700000,0x0000007c85800000)]
  0x0000020154c42cc0 JavaThread "Cache worker for cache directory md-rule (C:\Users\PMLS\.gradle\caches\8.0\md-rule)" [_thread_blocked, id=14856, stack(0x0000007c85800000,0x0000007c85900000)]
  0x0000020154c45810 JavaThread "Cache worker for file content cache (C:\Users\PMLS\.gradle\caches\8.0\fileContent)" [_thread_blocked, id=9824, stack(0x0000007c85900000,0x0000007c85a00000)]
  0x0000020154c44e70 JavaThread "Cache worker for file hash cache (C:\Androidproject\SocialMediaApp\.gradle\8.0\fileHashes)" [_thread_blocked, id=14420, stack(0x0000007c85a00000,0x0000007c85b00000)]
  0x0000020154c44000 JavaThread "Cache worker for cache directory md-supplier (C:\Users\PMLS\.gradle\caches\8.0\md-supplier)" [_thread_blocked, id=10164, stack(0x0000007c85b00000,0x0000007c85c00000)]
  0x0000020154c40170 JavaThread "Cache worker for execution history cache (C:\Users\PMLS\.gradle\caches\8.0\executionHistory)" [_thread_blocked, id=15088, stack(0x0000007c85c00000,0x0000007c85d00000)]
  0x0000020154c43b30 JavaThread "Cache worker for dependencies-accessors (C:\Androidproject\SocialMediaApp\.gradle\8.0\dependencies-accessors)" [_thread_blocked, id=11976, stack(0x0000007c85d00000,0x0000007c85e00000)]
  0x0000020154c444d0 JavaThread "Cache worker for Build Output Cleanup Cache (C:\Androidproject\SocialMediaApp\.gradle\buildOutputCleanup)" [_thread_blocked, id=2560, stack(0x0000007c85e00000,0x0000007c85f00000)]
  0x0000020154c3f300 JavaThread "Unconstrained build operations" [_thread_blocked, id=12144, stack(0x0000007c85f00000,0x0000007c86000000)]
  0x0000020154c3e960 JavaThread "Unconstrained build operations Thread 2" [_thread_blocked, id=2148, stack(0x0000007c86000000,0x0000007c86100000)]
  0x0000020154c3ee30 JavaThread "Unconstrained build operations Thread 3" [_thread_blocked, id=2016, stack(0x0000007c86100000,0x0000007c86200000)]
  0x0000020154c3fca0 JavaThread "Unconstrained build operations Thread 4" [_thread_blocked, id=2492, stack(0x0000007c86200000,0x0000007c86300000)]
  0x00000201543220b0 JavaThread "Unconstrained build operations Thread 5" [_thread_blocked, id=2240, stack(0x0000007c86300000,0x0000007c86400000)]
  0x0000020154327280 JavaThread "Unconstrained build operations Thread 6" [_thread_blocked, id=12092, stack(0x0000007c86400000,0x0000007c86500000)]
  0x0000020154327c20 JavaThread "Unconstrained build operations Thread 7" [_thread_blocked, id=12472, stack(0x0000007c86500000,0x0000007c86600000)]
  0x0000020154326db0 JavaThread "Unconstrained build operations Thread 8" [_thread_blocked, id=12012, stack(0x0000007c86600000,0x0000007c86700000)]
  0x0000020154326410 JavaThread "Unconstrained build operations Thread 9" [_thread_blocked, id=12476, stack(0x0000007c86700000,0x0000007c86800000)]
  0x00000201543208a0 JavaThread "Unconstrained build operations Thread 10" [_thread_blocked, id=12988, stack(0x0000007c86800000,0x0000007c86900000)]
  0x0000020154321be0 JavaThread "Unconstrained build operations Thread 11" [_thread_blocked, id=10780, stack(0x0000007c86900000,0x0000007c86a00000)]
  0x0000020154324730 JavaThread "Unconstrained build operations Thread 12" [_thread_blocked, id=14132, stack(0x0000007c86a00000,0x0000007c86b00000)]
  0x00000201543268e0 JavaThread "Unconstrained build operations Thread 13" [_thread_blocked, id=9372, stack(0x0000007c86b00000,0x0000007c86c00000)]
  0x00000201543255a0 JavaThread "Unconstrained build operations Thread 14" [_thread_blocked, id=13940, stack(0x0000007c86c00000,0x0000007c86d00000)]
  0x0000020154327750 JavaThread "Unconstrained build operations Thread 15" [_thread_blocked, id=16128, stack(0x0000007c86d00000,0x0000007c86e00000)]
  0x0000020154322580 JavaThread "Unconstrained build operations Thread 16" [_thread_blocked, id=9964, stack(0x0000007c86e00000,0x0000007c86f00000)]
  0x00000201543203d0 JavaThread "Unconstrained build operations Thread 17" [_thread_blocked, id=9060, stack(0x0000007c86f00000,0x0000007c87000000)]
  0x0000020154320d70 JavaThread "Unconstrained build operations Thread 18" [_thread_blocked, id=9180, stack(0x0000007c87000000,0x0000007c87100000)]
  0x0000020154322a50 JavaThread "Unconstrained build operations Thread 19" [_thread_blocked, id=17040, stack(0x0000007c87100000,0x0000007c87200000)]
  0x00000201543250d0 JavaThread "Unconstrained build operations Thread 20" [_thread_blocked, id=9192, stack(0x0000007c87200000,0x0000007c87300000)]
  0x0000020154325f40 JavaThread "Unconstrained build operations Thread 21" [_thread_blocked, id=9172, stack(0x0000007c87300000,0x0000007c87400000)]
  0x0000020154321240 JavaThread "Unconstrained build operations Thread 22" [_thread_blocked, id=14128, stack(0x0000007c87400000,0x0000007c87500000)]
  0x0000020154325a70 JavaThread "Unconstrained build operations Thread 23" [_thread_blocked, id=9800, stack(0x0000007c87500000,0x0000007c87600000)]
  0x0000020154321710 JavaThread "Unconstrained build operations Thread 24" [_thread_blocked, id=11676, stack(0x0000007c87600000,0x0000007c87700000)]
  0x0000020154322f20 JavaThread "Unconstrained build operations Thread 25" [_thread_blocked, id=11572, stack(0x0000007c87700000,0x0000007c87800000)]
  0x00000201543233f0 JavaThread "Unconstrained build operations Thread 26" [_thread_blocked, id=11472, stack(0x0000007c87800000,0x0000007c87900000)]
  0x00000201543238c0 JavaThread "Unconstrained build operations Thread 27" [_thread_blocked, id=7820, stack(0x0000007c87900000,0x0000007c87a00000)]
  0x0000020154323d90 JavaThread "Unconstrained build operations Thread 28" [_thread_blocked, id=13552, stack(0x0000007c87a00000,0x0000007c87b00000)]
  0x0000020154324260 JavaThread "Unconstrained build operations Thread 29" [_thread_blocked, id=12860, stack(0x0000007c87b00000,0x0000007c87c00000)]
  0x0000020154324c00 JavaThread "Unconstrained build operations Thread 30" [_thread_blocked, id=9860, stack(0x0000007c87c00000,0x0000007c87d00000)]
  0x000002015780a3c0 JavaThread "Unconstrained build operations Thread 31" [_thread_blocked, id=11468, stack(0x0000007c87d00000,0x0000007c87e00000)]
  0x0000020157809080 JavaThread "Unconstrained build operations Thread 32" [_thread_blocked, id=16500, stack(0x0000007c87e00000,0x0000007c87f00000)]
  0x0000020157806ed0 JavaThread "Unconstrained build operations Thread 33" [_thread_blocked, id=7584, stack(0x0000007c87f00000,0x0000007c88000000)]
  0x0000020157806a00 JavaThread "Unconstrained build operations Thread 34" [_thread_blocked, id=11940, stack(0x0000007c88000000,0x0000007c88100000)]
  0x0000020157806530 JavaThread "Unconstrained build operations Thread 35" [_thread_blocked, id=1400, stack(0x0000007c88100000,0x0000007c88200000)]
  0x0000020157808210 JavaThread "Unconstrained build operations Thread 36" [_thread_blocked, id=628, stack(0x0000007c88200000,0x0000007c88300000)]
  0x000002015780a890 JavaThread "Unconstrained build operations Thread 37" [_thread_blocked, id=624, stack(0x0000007c88300000,0x0000007c88400000)]
  0x0000020157806060 JavaThread "Unconstrained build operations Thread 38" [_thread_blocked, id=12444, stack(0x0000007c88400000,0x0000007c88500000)]
  0x000002015780ad60 JavaThread "Unconstrained build operations Thread 39" [_thread_blocked, id=9792, stack(0x0000007c88500000,0x0000007c88600000)]
  0x000002015780b230 JavaThread "Unconstrained build operations Thread 40" [_thread_blocked, id=11696, stack(0x0000007c88600000,0x0000007c88700000)]
  0x00000201578086e0 JavaThread "Unconstrained build operations Thread 41" [_thread_blocked, id=6924, stack(0x0000007c88700000,0x0000007c88800000)]
  0x0000020157809550 JavaThread "Unconstrained build operations Thread 42" [_thread_blocked, id=8436, stack(0x0000007c88800000,0x0000007c88900000)]
  0x000002015780b700 JavaThread "Unconstrained build operations Thread 43" [_thread_blocked, id=9000, stack(0x0000007c88900000,0x0000007c88a00000)]
  0x0000020157809ef0 JavaThread "Unconstrained build operations Thread 44" [_thread_blocked, id=7864, stack(0x0000007c88a00000,0x0000007c88b00000)]
  0x000002015780d3e0 JavaThread "Unconstrained build operations Thread 45" [_thread_blocked, id=15740, stack(0x0000007c88b00000,0x0000007c88c00000)]
  0x00000201578073a0 JavaThread "Unconstrained build operations Thread 46" [_thread_blocked, id=10340, stack(0x0000007c88c00000,0x0000007c88d00000)]
  0x000002015780bbd0 JavaThread "Unconstrained build operations Thread 47" [_thread_blocked, id=7392, stack(0x0000007c88d00000,0x0000007c88e00000)]
  0x000002015780d8b0 JavaThread "Unconstrained build operations Thread 48" [_thread_blocked, id=1656, stack(0x0000007c88e00000,0x0000007c88f00000)]
  0x0000020157807870 JavaThread "Unconstrained build operations Thread 49" [_thread_blocked, id=1732, stack(0x0000007c88f00000,0x0000007c89000000)]
  0x0000020157809a20 JavaThread "Unconstrained build operations Thread 50" [_thread_blocked, id=16512, stack(0x0000007c89000000,0x0000007c89100000)]
  0x000002015780c570 JavaThread "Unconstrained build operations Thread 51" [_thread_blocked, id=1908, stack(0x0000007c89100000,0x0000007c89200000)]
  0x0000020157807d40 JavaThread "Unconstrained build operations Thread 52" [_thread_blocked, id=13460, stack(0x0000007c89200000,0x0000007c89300000)]
  0x000002015780c0a0 JavaThread "Unconstrained build operations Thread 53" [_thread_blocked, id=13544, stack(0x0000007c89300000,0x0000007c89400000)]
  0x0000020157808bb0 JavaThread "Unconstrained build operations Thread 54" [_thread_blocked, id=8008, stack(0x0000007c89400000,0x0000007c89500000)]
  0x000002015780ca40 JavaThread "Unconstrained build operations Thread 55" [_thread_blocked, id=10548, stack(0x0000007c89500000,0x0000007c89600000)]
  0x000002015780cf10 JavaThread "Unconstrained build operations Thread 56" [_thread_blocked, id=13468, stack(0x0000007c89600000,0x0000007c89700000)]
  0x000002015555eb80 JavaThread "Unconstrained build operations Thread 57" [_thread_blocked, id=9376, stack(0x0000007c89700000,0x0000007c89800000)]
  0x0000020155558670 JavaThread "Unconstrained build operations Thread 58" [_thread_blocked, id=13796, stack(0x0000007c89800000,0x0000007c89900000)]
  0x000002015555bb60 JavaThread "Unconstrained build operations Thread 59" [_thread_blocked, id=15564, stack(0x0000007c89900000,0x0000007c89a00000)]
  0x00000201555594e0 JavaThread "Unconstrained build operations Thread 60" [_thread_blocked, id=1452, stack(0x0000007c89a00000,0x0000007c89b00000)]
  0x000002015555acf0 JavaThread "Unconstrained build operations Thread 61" [_thread_blocked, id=13548, stack(0x0000007c89b00000,0x0000007c89c00000)]
  0x000002015555a820 JavaThread "Unconstrained build operations Thread 62" [_thread_blocked, id=7528, stack(0x0000007c89c00000,0x0000007c89d00000)]
  0x000002015555e1e0 JavaThread "Unconstrained build operations Thread 63" [_thread_blocked, id=12764, stack(0x0000007c89d00000,0x0000007c89e00000)]
  0x000002015555d840 JavaThread "Unconstrained build operations Thread 64" [_thread_blocked, id=2552, stack(0x0000007c89e00000,0x0000007c89f00000)]
  0x000002015555d370 JavaThread "Unconstrained build operations Thread 65" [_thread_blocked, id=13272, stack(0x0000007c89f00000,0x0000007c8a000000)]
  0x000002015555e6b0 JavaThread "Unconstrained build operations Thread 66" [_thread_blocked, id=2176, stack(0x0000007c8a000000,0x0000007c8a100000)]
  0x000002015555b1c0 JavaThread "Unconstrained build operations Thread 67" [_thread_blocked, id=2884, stack(0x0000007c8a100000,0x0000007c8a200000)]
  0x000002015555dd10 JavaThread "Unconstrained build operations Thread 68" [_thread_blocked, id=2620, stack(0x0000007c8a200000,0x0000007c8a300000)]
  0x000002015555f050 JavaThread "Unconstrained build operations Thread 69" [_thread_blocked, id=3140, stack(0x0000007c8a300000,0x0000007c8a400000)]
  0x000002015555f520 JavaThread "Unconstrained build operations Thread 70" [_thread_blocked, id=3208, stack(0x0000007c8a400000,0x0000007c8a500000)]
  0x000002015555b690 JavaThread "Unconstrained build operations Thread 71" [_thread_blocked, id=1456, stack(0x0000007c8a500000,0x0000007c8a600000)]
  0x000002015555c030 JavaThread "Unconstrained build operations Thread 72" [_thread_blocked, id=2020, stack(0x0000007c8a600000,0x0000007c8a700000)]
  0x0000020155557cd0 JavaThread "Unconstrained build operations Thread 73" [_thread_blocked, id=13380, stack(0x0000007c8a700000,0x0000007c8a800000)]
  0x0000020155559010 JavaThread "Unconstrained build operations Thread 74" [_thread_blocked, id=15552, stack(0x0000007c8a800000,0x0000007c8a900000)]
  0x000002015555c500 JavaThread "Unconstrained build operations Thread 75" [_thread_blocked, id=15912, stack(0x0000007c8a900000,0x0000007c8aa00000)]
  0x000002015555cea0 JavaThread "Unconstrained build operations Thread 76" [_thread_blocked, id=13316, stack(0x0000007c8aa00000,0x0000007c8ab00000)]
  0x00000201555581a0 JavaThread "Unconstrained build operations Thread 77" [_thread_blocked, id=2652, stack(0x0000007c8ab00000,0x0000007c8ac00000)]
  0x0000020155558b40 JavaThread "Unconstrained build operations Thread 78" [_thread_blocked, id=1660, stack(0x0000007c8ac00000,0x0000007c8ad00000)]
  0x00000201555599b0 JavaThread "Unconstrained build operations Thread 79" [_thread_blocked, id=2996, stack(0x0000007c8ad00000,0x0000007c8ae00000)]
  0x0000020155559e80 JavaThread "Unconstrained build operations Thread 80" [_thread_blocked, id=3028, stack(0x0000007c8ae00000,0x0000007c8af00000)]
  0x000002015555c9d0 JavaThread "Unconstrained build operations Thread 81" [_thread_blocked, id=8348, stack(0x0000007c8af00000,0x0000007c8b000000)]
  0x000002015555a350 JavaThread "Unconstrained build operations Thread 82" [_thread_blocked, id=13684, stack(0x0000007c8b000000,0x0000007c8b100000)]
  0x0000020156779040 JavaThread "Unconstrained build operations Thread 83" [_thread_blocked, id=8844, stack(0x0000007c8b100000,0x0000007c8b200000)]
  0x000002015677a380 JavaThread "Unconstrained build operations Thread 84" [_thread_blocked, id=9788, stack(0x0000007c8b200000,0x0000007c8b300000)]
  0x000002015677b6c0 JavaThread "Unconstrained build operations Thread 85" [_thread_blocked, id=3416, stack(0x0000007c8b300000,0x0000007c8b400000)]
  0x0000020156775680 JavaThread "Unconstrained build operations Thread 86" [_thread_blocked, id=5356, stack(0x0000007c8b400000,0x0000007c8b500000)]
  0x000002015677ad20 JavaThread "Unconstrained build operations Thread 87" [_thread_blocked, id=3156, stack(0x0000007c8b500000,0x0000007c8b600000)]
  0x0000020156776020 JavaThread "Unconstrained build operations Thread 88" [_thread_blocked, id=14384, stack(0x0000007c8b600000,0x0000007c8b700000)]
  0x000002015677b1f0 JavaThread "Unconstrained build operations Thread 89" [_thread_blocked, id=14376, stack(0x0000007c8b700000,0x0000007c8b800000)]
  0x0000020156775b50 JavaThread "Unconstrained build operations Thread 90" [_thread_blocked, id=9360, stack(0x0000007c8b800000,0x0000007c8b900000)]
  0x0000020156779510 JavaThread "Unconstrained build operations Thread 91" [_thread_blocked, id=7836, stack(0x0000007c8b900000,0x0000007c8ba00000)]
  0x0000020156777d00 JavaThread "Unconstrained build operations Thread 92" [_thread_blocked, id=10056, stack(0x0000007c8ba00000,0x0000007c8bb00000)]
  0x0000020156777830 JavaThread "Unconstrained build operations Thread 93" [_thread_blocked, id=11560, stack(0x0000007c8bb00000,0x0000007c8bc00000)]
  0x000002015677c530 JavaThread "Unconstrained build operations Thread 94" [_thread_blocked, id=6968, stack(0x0000007c8bc00000,0x0000007c8bd00000)]
  0x000002015677ca00 JavaThread "Unconstrained build operations Thread 95" [_thread_blocked, id=6680, stack(0x0000007c8bd00000,0x0000007c8be00000)]
  0x00000201567764f0 JavaThread "Unconstrained build operations Thread 96" [_thread_blocked, id=11944, stack(0x0000007c8be00000,0x0000007c8bf00000)]
  0x000002015677a850 JavaThread "Unconstrained build operations Thread 97" [_thread_blocked, id=13428, stack(0x0000007c8bf00000,0x0000007c8c000000)]
  0x00000201567799e0 JavaThread "Unconstrained build operations Thread 98" [_thread_blocked, id=3196, stack(0x0000007c8c000000,0x0000007c8c100000)]
  0x0000020156776e90 JavaThread "Unconstrained build operations Thread 99" [_thread_blocked, id=3148, stack(0x0000007c8c100000,0x0000007c8c200000)]
  0x00000201567769c0 JavaThread "Unconstrained build operations Thread 100" [_thread_blocked, id=6676, stack(0x0000007c8c200000,0x0000007c8c300000)]
  0x000002015677ced0 JavaThread "Unconstrained build operations Thread 101" [_thread_blocked, id=11912, stack(0x0000007c8c300000,0x0000007c8c400000)]
  0x0000020156777360 JavaThread "Unconstrained build operations Thread 102" [_thread_blocked, id=4496, stack(0x0000007c8c400000,0x0000007c8c500000)]
  0x00000201567786a0 JavaThread "Unconstrained build operations Thread 103" [_thread_blocked, id=3524, stack(0x0000007c8c500000,0x0000007c8c600000)]
  0x000002015677bb90 JavaThread "Unconstrained build operations Thread 104" [_thread_blocked, id=4132, stack(0x0000007c8c600000,0x0000007c8c700000)]
  0x00000201567781d0 JavaThread "Unconstrained build operations Thread 105" [_thread_blocked, id=3568, stack(0x0000007c8c700000,0x0000007c8c800000)]
  0x0000020156778b70 JavaThread "Unconstrained build operations Thread 106" [_thread_blocked, id=1228, stack(0x0000007c8c800000,0x0000007c8c900000)]
  0x0000020156779eb0 JavaThread "Unconstrained build operations Thread 107" [_thread_blocked, id=3636, stack(0x0000007c8c900000,0x0000007c8ca00000)]
  0x000002015677c060 JavaThread "Unconstrained build operations Thread 108" [_thread_blocked, id=14900, stack(0x0000007c8ca00000,0x0000007c8cb00000)]
  0x00000201523ebb00 JavaThread "Unconstrained build operations Thread 109" [_thread_blocked, id=3784, stack(0x0000007c8cb00000,0x0000007c8cc00000)]
  0x00000201523f1b40 JavaThread "Unconstrained build operations Thread 110" [_thread_blocked, id=11052, stack(0x0000007c8cc00000,0x0000007c8cd00000)]
  0x00000201523f0800 JavaThread "Unconstrained build operations Thread 111" [_thread_blocked, id=6852, stack(0x0000007c8cd00000,0x0000007c8ce00000)]
  0x00000201523ebfd0 JavaThread "Unconstrained build operations Thread 112" [_thread_blocked, id=11812, stack(0x0000007c8ce00000,0x0000007c8cf00000)]
  0x00000201523ef990 JavaThread "Unconstrained build operations Thread 113" [_thread_blocked, id=10820, stack(0x0000007c8cf00000,0x0000007c8d000000)]
  0x00000201523ea7c0 JavaThread "Unconstrained build operations Thread 114" [_thread_blocked, id=5724, stack(0x0000007c8d000000,0x0000007c8d100000)]
  0x00000201523ece40 JavaThread "Unconstrained build operations Thread 115" [_thread_blocked, id=4180, stack(0x0000007c8d100000,0x0000007c8d200000)]
  0x00000201523ea2f0 JavaThread "Unconstrained build operations Thread 116" [_thread_blocked, id=4436, stack(0x0000007c8d200000,0x0000007c8d300000)]
  0x00000201523efe60 JavaThread "Unconstrained build operations Thread 117" [_thread_blocked, id=3092, stack(0x0000007c8d300000,0x0000007c8d400000)]
  0x00000201523f0330 JavaThread "Unconstrained build operations Thread 118" [_thread_blocked, id=10788, stack(0x0000007c8d400000,0x0000007c8d500000)]
  0x00000201523f0cd0 JavaThread "Unconstrained build operations Thread 119" [_thread_blocked, id=10824, stack(0x0000007c8d500000,0x0000007c8d600000)]
  0x00000201523eeb20 JavaThread "Unconstrained build operations Thread 120" [_thread_blocked, id=5668, stack(0x0000007c8d600000,0x0000007c8d700000)]

Other Threads:
=>0x000002014d7a3dc0 VMThread "VM Thread" [stack: 0x0000007c82200000,0x0000007c82300000] [id=16780]
  0x000002014dadce50 WatcherThread [stack: 0x0000007c82e00000,0x0000007c82f00000] [id=16112]
  0x00000201335422d0 GCTaskThread "GC Thread#0" [stack: 0x0000007c81d00000,0x0000007c81e00000] [id=15900]
  0x0000020152470780 GCTaskThread "GC Thread#1" [stack: 0x0000007c83100000,0x0000007c83200000] [id=13908]
  0x0000020152dd4c40 GCTaskThread "GC Thread#2" [stack: 0x0000007c83200000,0x0000007c83300000] [id=17192]
  0x0000020152cc8480 GCTaskThread "GC Thread#3" [stack: 0x0000007c83300000,0x0000007c83400000] [id=13788]
  0x00000201536ea480 GCTaskThread "GC Thread#4" [stack: 0x0000007c83400000,0x0000007c83500000] [id=17260]
  0x00000201533df540 GCTaskThread "GC Thread#5" [stack: 0x0000007c83f00000,0x0000007c84000000] [id=17244]
  0x00000201533de7d0 GCTaskThread "GC Thread#6" [stack: 0x0000007c84000000,0x0000007c84100000] [id=15448]
  0x00000201533dda60 GCTaskThread "GC Thread#7" [stack: 0x0000007c84100000,0x0000007c84200000] [id=16524]
  0x00000201533de270 GCTaskThread "GC Thread#8" [stack: 0x0000007c84200000,0x0000007c84300000] [id=17272]
  0x00000201533dea80 GCTaskThread "GC Thread#9" [stack: 0x0000007c84300000,0x0000007c84400000] [id=17208]
  0x0000020133553210 ConcurrentGCThread "G1 Main Marker" [stack: 0x0000007c81e00000,0x0000007c81f00000] [id=4872]
  0x0000020133553c20 ConcurrentGCThread "G1 Conc#0" [stack: 0x0000007c81f00000,0x0000007c82000000] [id=5680]
  0x00000201533ddd10 ConcurrentGCThread "G1 Conc#1" [stack: 0x0000007c84400000,0x0000007c84500000] [id=17240]
  0x00000201533ddfc0 ConcurrentGCThread "G1 Conc#2" [stack: 0x0000007c84500000,0x0000007c84600000] [id=14028]
  0x00000201335ae4b0 ConcurrentGCThread "G1 Refine#0" [stack: 0x0000007c82000000,0x0000007c82100000] [id=15812]
  0x000002014d5f7830 ConcurrentGCThread "G1 Service" [stack: 0x0000007c82100000,0x0000007c82200000] [id=14332]

Threads with active compile tasks:

VM state: at safepoint (normal execution)

VM Mutex/Monitor currently owned by a thread:  ([mutex/lock_event])
[0x00000201334e2430] Threads_lock - owner thread: 0x000002014d7a3dc0
[0x00000201334e28b0] Heap_lock - owner thread: 0x000002015384db00

Heap address: 0x0000000080000000, size: 2048 MB, Compressed Oops mode: 32-bit

CDS archive(s) not mapped
Compressed class space mapped at: 0x0000000100000000-0x0000000140000000, reserved size: 1073741824
Narrow klass base: 0x0000000000000000, Narrow klass shift: 3, Narrow klass range: 0x140000000

GC Precious Log:
 CPUs: 12 total, 12 available
 Memory: 7916M
 Large Page Support: Disabled
 NUMA Support: Disabled
 Compressed Oops: Enabled (32-bit)
 Heap Region Size: 1M
 Heap Min Capacity: 8M
 Heap Initial Capacity: 124M
 Heap Max Capacity: 2G
 Pre-touch: Disabled
 Parallel Workers: 10
 Concurrent Workers: 3
 Concurrent Refinement Workers: 10
 Periodic GC: Disabled

Heap:
 garbage-first heap   total 126976K, used 65606K [0x0000000080000000, 0x0000000100000000)
  region size 1024K, 2 young (2048K), 2 survivors (2048K)
 Metaspace       used 54968K, committed 55552K, reserved 1114112K
  class space    used 7339K, committed 7616K, reserved 1048576K

Heap Regions: E=young(eden), S=young(survivor), O=old, HS=humongous(starts), HC=humongous(continues), CS=collection set, F=free, OA=open archive, CA=closed archive, TAMS=top-at-mark-start (previous, next)
|   0|0x0000000080000000, 0x0000000080100000, 0x0000000080100000|100%|HS|  |TAMS 0x0000000080100000, 0x0000000080100000| Complete 
|   1|0x0000000080100000, 0x0000000080200000, 0x0000000080200000|100%|HC|  |TAMS 0x0000000080200000, 0x0000000080200000| Complete 
|   2|0x0000000080200000, 0x0000000080300000, 0x0000000080300000|100%|HC|  |TAMS 0x0000000080300000, 0x0000000080300000| Complete 
|   3|0x0000000080300000, 0x0000000080400000, 0x0000000080400000|100%|HC|  |TAMS 0x0000000080400000, 0x0000000080400000| Complete 
|   4|0x0000000080400000, 0x0000000080500000, 0x0000000080500000|100%| O|  |TAMS 0x0000000080500000, 0x0000000080500000| Untracked 
|   5|0x0000000080500000, 0x0000000080600000, 0x0000000080600000|100%| O|  |TAMS 0x0000000080600000, 0x0000000080600000| Untracked 
|   6|0x0000000080600000, 0x0000000080700000, 0x0000000080700000|100%| O|  |TAMS 0x0000000080700000, 0x0000000080700000| Untracked 
|   7|0x0000000080700000, 0x0000000080800000, 0x0000000080800000|100%| O|  |TAMS 0x0000000080800000, 0x0000000080800000| Untracked 
|   8|0x0000000080800000, 0x0000000080900000, 0x0000000080900000|100%| O|  |TAMS 0x0000000080900000, 0x0000000080900000| Untracked 
|   9|0x0000000080900000, 0x0000000080a00000, 0x0000000080a00000|100%| O|  |TAMS 0x0000000080a00000, 0x0000000080a00000| Untracked 
|  10|0x0000000080a00000, 0x0000000080b00000, 0x0000000080b00000|100%| O|  |TAMS 0x0000000080b00000, 0x0000000080b00000| Untracked 
|  11|0x0000000080b00000, 0x0000000080c00000, 0x0000000080c00000|100%| O|  |TAMS 0x0000000080c00000, 0x0000000080c00000| Untracked 
|  12|0x0000000080c00000, 0x0000000080d00000, 0x0000000080d00000|100%| O|  |TAMS 0x0000000080d00000, 0x0000000080d00000| Untracked 
|  13|0x0000000080d00000, 0x0000000080e00000, 0x0000000080e00000|100%| O|  |TAMS 0x0000000080e00000, 0x0000000080e00000| Untracked 
|  14|0x0000000080e00000, 0x0000000080f00000, 0x0000000080f00000|100%| O|  |TAMS 0x0000000080f00000, 0x0000000080f00000| Untracked 
|  15|0x0000000080f00000, 0x0000000081000000, 0x0000000081000000|100%| O|  |TAMS 0x0000000081000000, 0x0000000081000000| Untracked 
|  16|0x0000000081000000, 0x0000000081100000, 0x0000000081100000|100%| O|  |TAMS 0x0000000081100000, 0x0000000081100000| Untracked 
|  17|0x0000000081100000, 0x0000000081200000, 0x0000000081200000|100%| O|  |TAMS 0x0000000081200000, 0x0000000081200000| Untracked 
|  18|0x0000000081200000, 0x0000000081300000, 0x0000000081300000|100%| O|  |TAMS 0x0000000081300000, 0x0000000081300000| Untracked 
|  19|0x0000000081300000, 0x0000000081400000, 0x0000000081400000|100%| O|  |TAMS 0x0000000081400000, 0x0000000081400000| Untracked 
|  20|0x0000000081400000, 0x0000000081500000, 0x0000000081500000|100%| O|  |TAMS 0x0000000081500000, 0x0000000081500000| Untracked 
|  21|0x0000000081500000, 0x0000000081600000, 0x0000000081600000|100%|HS|  |TAMS 0x0000000081600000, 0x0000000081600000| Complete 
|  22|0x0000000081600000, 0x0000000081700000, 0x0000000081700000|100%|HC|  |TAMS 0x0000000081700000, 0x0000000081700000| Complete 
|  23|0x0000000081700000, 0x0000000081800000, 0x0000000081800000|100%|HS|  |TAMS 0x0000000081800000, 0x0000000081800000| Complete 
|  24|0x0000000081800000, 0x0000000081900000, 0x0000000081900000|100%|HC|  |TAMS 0x0000000081900000, 0x0000000081900000| Complete 
|  25|0x0000000081900000, 0x0000000081a00000, 0x0000000081a00000|100%|HC|  |TAMS 0x0000000081a00000, 0x0000000081a00000| Complete 
|  26|0x0000000081a00000, 0x0000000081b00000, 0x0000000081b00000|100%|HS|  |TAMS 0x0000000081b00000, 0x0000000081b00000| Complete 
|  27|0x0000000081b00000, 0x0000000081c00000, 0x0000000081c00000|100%|HC|  |TAMS 0x0000000081c00000, 0x0000000081c00000| Complete 
|  28|0x0000000081c00000, 0x0000000081d00000, 0x0000000081d00000|100%| O|  |TAMS 0x0000000081d00000, 0x0000000081d00000| Untracked 
|  29|0x0000000081d00000, 0x0000000081e00000, 0x0000000081e00000|100%| O|  |TAMS 0x0000000081e00000, 0x0000000081e00000| Untracked 
|  30|0x0000000081e00000, 0x0000000081f00000, 0x0000000081f00000|100%| O|  |TAMS 0x0000000081f00000, 0x0000000081f00000| Untracked 
|  31|0x0000000081f00000, 0x0000000082000000, 0x0000000082000000|100%| O|  |TAMS 0x0000000082000000, 0x0000000082000000| Untracked 
|  32|0x0000000082000000, 0x0000000082100000, 0x0000000082100000|100%| O|  |TAMS 0x0000000082100000, 0x0000000082100000| Untracked 
|  33|0x0000000082100000, 0x0000000082200000, 0x0000000082200000|100%| O|  |TAMS 0x0000000082200000, 0x0000000082200000| Untracked 
|  34|0x0000000082200000, 0x0000000082300000, 0x0000000082300000|100%| O|  |TAMS 0x0000000082300000, 0x0000000082300000| Untracked 
|  35|0x0000000082300000, 0x0000000082400000, 0x0000000082400000|100%| O|  |TAMS 0x0000000082400000, 0x0000000082400000| Untracked 
|  36|0x0000000082400000, 0x0000000082500000, 0x0000000082500000|100%| O|  |TAMS 0x0000000082500000, 0x0000000082500000| Untracked 
|  37|0x0000000082500000, 0x0000000082600000, 0x0000000082600000|100%| O|  |TAMS 0x0000000082600000, 0x0000000082600000| Untracked 
|  38|0x0000000082600000, 0x0000000082700000, 0x0000000082700000|100%| O|  |TAMS 0x0000000082700000, 0x0000000082700000| Untracked 
|  39|0x0000000082700000, 0x0000000082800000, 0x0000000082800000|100%| O|  |TAMS 0x0000000082800000, 0x0000000082800000| Untracked 
|  40|0x0000000082800000, 0x0000000082900000, 0x0000000082900000|100%| O|  |TAMS 0x0000000082900000, 0x0000000082900000| Untracked 
|  41|0x0000000082900000, 0x0000000082a00000, 0x0000000082a00000|100%|HS|  |TAMS 0x0000000082a00000, 0x0000000082a00000| Complete 
|  42|0x0000000082a00000, 0x0000000082b00000, 0x0000000082b00000|100%|HC|  |TAMS 0x0000000082b00000, 0x0000000082b00000| Complete 
|  43|0x0000000082b00000, 0x0000000082c00000, 0x0000000082c00000|100%|HC|  |TAMS 0x0000000082c00000, 0x0000000082c00000| Complete 
|  44|0x0000000082c00000, 0x0000000082d00000, 0x0000000082d00000|100%|HS|  |TAMS 0x0000000082d00000, 0x0000000082d00000| Complete 
|  45|0x0000000082d00000, 0x0000000082e00000, 0x0000000082e00000|100%|HC|  |TAMS 0x0000000082e00000, 0x0000000082e00000| Complete 
|  46|0x0000000082e00000, 0x0000000082f00000, 0x0000000082f00000|100%| O|  |TAMS 0x0000000082f00000, 0x0000000082f00000| Untracked 
|  47|0x0000000082f00000, 0x0000000083000000, 0x0000000083000000|100%| O|  |TAMS 0x0000000083000000, 0x0000000083000000| Untracked 
|  48|0x0000000083000000, 0x0000000083100000, 0x0000000083100000|100%| O|  |TAMS 0x0000000083100000, 0x0000000083100000| Untracked 
|  49|0x0000000083100000, 0x0000000083200000, 0x0000000083200000|100%| O|  |TAMS 0x0000000083200000, 0x0000000083200000| Untracked 
|  50|0x0000000083200000, 0x0000000083300000, 0x0000000083300000|100%| O|  |TAMS 0x0000000083300000, 0x0000000083300000| Untracked 
|  51|0x0000000083300000, 0x0000000083400000, 0x0000000083400000|100%| O|  |TAMS 0x0000000083400000, 0x0000000083400000| Untracked 
|  52|0x0000000083400000, 0x0000000083500000, 0x0000000083500000|100%| O|  |TAMS 0x0000000083500000, 0x0000000083500000| Untracked 
|  53|0x0000000083500000, 0x0000000083600000, 0x0000000083600000|100%| O|  |TAMS 0x0000000083600000, 0x0000000083600000| Untracked 
|  54|0x0000000083600000, 0x0000000083700000, 0x0000000083700000|100%| O|  |TAMS 0x000000008364be00, 0x0000000083700000| Untracked 
|  55|0x0000000083700000, 0x0000000083800000, 0x0000000083800000|100%| O|  |TAMS 0x0000000083700000, 0x0000000083800000| Untracked 
|  56|0x0000000083800000, 0x0000000083900000, 0x0000000083900000|100%| O|  |TAMS 0x0000000083800000, 0x00000000838c9200| Untracked 
|  57|0x0000000083900000, 0x0000000083a00000, 0x0000000083a00000|100%|HS|  |TAMS 0x0000000083900000, 0x0000000083a00000| Complete 
|  58|0x0000000083a00000, 0x0000000083b00000, 0x0000000083b00000|100%|HS|  |TAMS 0x0000000083a00000, 0x0000000083b00000| Complete 
|  59|0x0000000083b00000, 0x0000000083c00000, 0x0000000083c00000|100%|HS|  |TAMS 0x0000000083b00000, 0x0000000083c00000| Complete 
|  60|0x0000000083c00000, 0x0000000083d00000, 0x0000000083d00000|100%| O|  |TAMS 0x0000000083c00000, 0x0000000083c00000| Untracked 
|  61|0x0000000083d00000, 0x0000000083e00000, 0x0000000083e00000|100%| O|  |TAMS 0x0000000083d00000, 0x0000000083d00000| Untracked 
|  62|0x0000000083e00000, 0x0000000083e88e00, 0x0000000083f00000| 53%| O|  |TAMS 0x0000000083e00000, 0x0000000083e00000| Untracked 
|  63|0x0000000083f00000, 0x0000000083f00000, 0x0000000084000000|  0%| F|  |TAMS 0x0000000083f00000, 0x0000000083f00000| Untracked 
|  64|0x0000000084000000, 0x0000000084000000, 0x0000000084100000|  0%| F|  |TAMS 0x0000000084000000, 0x0000000084000000| Untracked 
|  65|0x0000000084100000, 0x0000000084100000, 0x0000000084200000|  0%| F|  |TAMS 0x0000000084100000, 0x0000000084100000| Untracked 
|  66|0x0000000084200000, 0x0000000084200000, 0x0000000084300000|  0%| F|  |TAMS 0x0000000084200000, 0x0000000084200000| Untracked 
|  67|0x0000000084300000, 0x0000000084300000, 0x0000000084400000|  0%| F|  |TAMS 0x0000000084300000, 0x0000000084300000| Untracked 
|  68|0x0000000084400000, 0x0000000084400000, 0x0000000084500000|  0%| F|  |TAMS 0x0000000084400000, 0x0000000084400000| Untracked 
|  69|0x0000000084500000, 0x0000000084500000, 0x0000000084600000|  0%| F|  |TAMS 0x0000000084500000, 0x0000000084500000| Untracked 
|  70|0x0000000084600000, 0x0000000084600000, 0x0000000084700000|  0%| F|  |TAMS 0x0000000084600000, 0x0000000084600000| Untracked 
|  71|0x0000000084700000, 0x0000000084700000, 0x0000000084800000|  0%| F|  |TAMS 0x0000000084700000, 0x0000000084700000| Untracked 
|  72|0x0000000084800000, 0x0000000084800000, 0x0000000084900000|  0%| F|  |TAMS 0x0000000084800000, 0x0000000084800000| Untracked 
|  73|0x0000000084900000, 0x0000000084900000, 0x0000000084a00000|  0%| F|  |TAMS 0x0000000084900000, 0x0000000084900000| Untracked 
|  74|0x0000000084a00000, 0x0000000084a00000, 0x0000000084b00000|  0%| F|  |TAMS 0x0000000084a00000, 0x0000000084a00000| Untracked 
|  75|0x0000000084b00000, 0x0000000084b00000, 0x0000000084c00000|  0%| F|  |TAMS 0x0000000084b00000, 0x0000000084b00000| Untracked 
|  76|0x0000000084c00000, 0x0000000084c00000, 0x0000000084d00000|  0%| F|  |TAMS 0x0000000084c00000, 0x0000000084c00000| Untracked 
|  77|0x0000000084d00000, 0x0000000084d00000, 0x0000000084e00000|  0%| F|  |TAMS 0x0000000084d00000, 0x0000000084d00000| Untracked 
|  78|0x0000000084e00000, 0x0000000084e00000, 0x0000000084f00000|  0%| F|  |TAMS 0x0000000084e00000, 0x0000000084e00000| Untracked 
|  79|0x0000000084f00000, 0x0000000084f00000, 0x0000000085000000|  0%| F|  |TAMS 0x0000000084f00000, 0x0000000084f00000| Untracked 
|  80|0x0000000085000000, 0x0000000085000000, 0x0000000085100000|  0%| F|  |TAMS 0x0000000085000000, 0x0000000085000000| Untracked 
|  81|0x0000000085100000, 0x0000000085100000, 0x0000000085200000|  0%| F|  |TAMS 0x0000000085100000, 0x0000000085100000| Untracked 
|  82|0x0000000085200000, 0x0000000085200000, 0x0000000085300000|  0%| F|  |TAMS 0x0000000085200000, 0x0000000085200000| Untracked 
|  83|0x0000000085300000, 0x0000000085300000, 0x0000000085400000|  0%| F|  |TAMS 0x0000000085300000, 0x0000000085300000| Untracked 
|  84|0x0000000085400000, 0x0000000085400000, 0x0000000085500000|  0%| F|  |TAMS 0x0000000085400000, 0x0000000085400000| Untracked 
|  85|0x0000000085500000, 0x0000000085500000, 0x0000000085600000|  0%| F|  |TAMS 0x0000000085500000, 0x0000000085500000| Untracked 
|  86|0x0000000085600000, 0x0000000085600000, 0x0000000085700000|  0%| F|  |TAMS 0x0000000085600000, 0x0000000085600000| Untracked 
|  87|0x0000000085700000, 0x0000000085700000, 0x0000000085800000|  0%| F|  |TAMS 0x0000000085700000, 0x0000000085700000| Untracked 
|  88|0x0000000085800000, 0x0000000085800000, 0x0000000085900000|  0%| F|  |TAMS 0x0000000085800000, 0x0000000085800000| Untracked 
|  89|0x0000000085900000, 0x0000000085900000, 0x0000000085a00000|  0%| F|  |TAMS 0x0000000085900000, 0x0000000085900000| Untracked 
|  90|0x0000000085a00000, 0x0000000085a00000, 0x0000000085b00000|  0%| F|  |TAMS 0x0000000085a00000, 0x0000000085a00000| Untracked 
|  91|0x0000000085b00000, 0x0000000085b00000, 0x0000000085c00000|  0%| F|  |TAMS 0x0000000085b00000, 0x0000000085b00000| Untracked 
|  92|0x0000000085c00000, 0x0000000085c00000, 0x0000000085d00000|  0%| F|  |TAMS 0x0000000085c00000, 0x0000000085c00000| Untracked 
|  93|0x0000000085d00000, 0x0000000085d00000, 0x0000000085e00000|  0%| F|  |TAMS 0x0000000085d00000, 0x0000000085d00000| Untracked 
|  94|0x0000000085e00000, 0x0000000085e00000, 0x0000000085f00000|  0%| F|  |TAMS 0x0000000085e00000, 0x0000000085e00000| Untracked 
|  95|0x0000000085f00000, 0x0000000085f00000, 0x0000000086000000|  0%| F|  |TAMS 0x0000000085f00000, 0x0000000085f00000| Untracked 
|  96|0x0000000086000000, 0x0000000086000000, 0x0000000086100000|  0%| F|  |TAMS 0x0000000086000000, 0x0000000086000000| Untracked 
|  97|0x0000000086100000, 0x0000000086100000, 0x0000000086200000|  0%| F|  |TAMS 0x0000000086100000, 0x0000000086100000| Untracked 
|  98|0x0000000086200000, 0x0000000086200000, 0x0000000086300000|  0%| F|  |TAMS 0x0000000086200000, 0x0000000086200000| Untracked 
|  99|0x0000000086300000, 0x0000000086300000, 0x0000000086400000|  0%| F|  |TAMS 0x0000000086300000, 0x0000000086300000| Untracked 
| 100|0x0000000086400000, 0x0000000086400000, 0x0000000086500000|  0%| F|  |TAMS 0x0000000086400000, 0x0000000086400000| Untracked 
| 101|0x0000000086500000, 0x0000000086500000, 0x0000000086600000|  0%| F|  |TAMS 0x0000000086500000, 0x0000000086500000| Untracked 
| 102|0x0000000086600000, 0x0000000086600000, 0x0000000086700000|  0%| F|  |TAMS 0x0000000086600000, 0x0000000086600000| Untracked 
| 103|0x0000000086700000, 0x0000000086700000, 0x0000000086800000|  0%| F|  |TAMS 0x0000000086700000, 0x0000000086700000| Untracked 
| 104|0x0000000086800000, 0x0000000086800000, 0x0000000086900000|  0%| F|  |TAMS 0x0000000086800000, 0x0000000086800000| Untracked 
| 105|0x0000000086900000, 0x0000000086900000, 0x0000000086a00000|  0%| F|  |TAMS 0x0000000086900000, 0x0000000086900000| Untracked 
| 106|0x0000000086a00000, 0x0000000086a00000, 0x0000000086b00000|  0%| F|  |TAMS 0x0000000086a00000, 0x0000000086a00000| Untracked 
| 107|0x0000000086b00000, 0x0000000086b00000, 0x0000000086c00000|  0%| F|  |TAMS 0x0000000086b00000, 0x0000000086b00000| Untracked 
| 108|0x0000000086c00000, 0x0000000086c00000, 0x0000000086d00000|  0%| F|  |TAMS 0x0000000086c00000, 0x0000000086c00000| Untracked 
| 109|0x0000000086d00000, 0x0000000086d00000, 0x0000000086e00000|  0%| F|  |TAMS 0x0000000086d00000, 0x0000000086d00000| Untracked 
| 110|0x0000000086e00000, 0x0000000086e00000, 0x0000000086f00000|  0%| F|  |TAMS 0x0000000086e00000, 0x0000000086e00000| Untracked 
| 111|0x0000000086f00000, 0x0000000086f00000, 0x0000000087000000|  0%| F|  |TAMS 0x0000000086f00000, 0x0000000086f00000| Untracked 
| 112|0x0000000087000000, 0x0000000087000000, 0x0000000087100000|  0%| F|  |TAMS 0x0000000087000000, 0x0000000087000000| Untracked 
| 113|0x0000000087100000, 0x0000000087188c20, 0x0000000087200000| 53%| S|CS|TAMS 0x0000000087100000, 0x0000000087100000| Complete 
| 114|0x0000000087200000, 0x0000000087300000, 0x0000000087300000|100%| S|CS|TAMS 0x0000000087200000, 0x0000000087200000| Complete 
| 115|0x0000000087300000, 0x0000000087300000, 0x0000000087400000|  0%| F|  |TAMS 0x0000000087300000, 0x0000000087300000| Untracked 
| 116|0x0000000087400000, 0x0000000087400000, 0x0000000087500000|  0%| F|  |TAMS 0x0000000087400000, 0x0000000087400000| Untracked 
| 117|0x0000000087500000, 0x0000000087500000, 0x0000000087600000|  0%| F|  |TAMS 0x0000000087500000, 0x0000000087500000| Untracked 
| 118|0x0000000087600000, 0x0000000087600000, 0x0000000087700000|  0%| F|  |TAMS 0x0000000087600000, 0x0000000087600000| Untracked 
| 119|0x0000000087700000, 0x0000000087700000, 0x0000000087800000|  0%| F|  |TAMS 0x0000000087700000, 0x0000000087700000| Untracked 
| 120|0x0000000087800000, 0x0000000087800000, 0x0000000087900000|  0%| F|  |TAMS 0x0000000087800000, 0x0000000087800000| Untracked 
| 121|0x0000000087900000, 0x0000000087900000, 0x0000000087a00000|  0%| F|  |TAMS 0x0000000087900000, 0x0000000087900000| Untracked 
| 122|0x0000000087a00000, 0x0000000087a00000, 0x0000000087b00000|  0%| F|  |TAMS 0x0000000087a00000, 0x0000000087a00000| Untracked 
| 123|0x0000000087b00000, 0x0000000087b00000, 0x0000000087c00000|  0%| F|  |TAMS 0x0000000087b00000, 0x0000000087b00000| Untracked 

Card table byte_map: [0x0000020146310000,0x0000020146710000] _byte_map_base: 0x0000020145f10000

Marking Bits (Prev, Next): (CMBitMap*) 0x0000020133542920, (CMBitMap*) 0x00000201335428e0
 Prev Bits: [0x0000020148b10000, 0x000002014ab10000)
 Next Bits: [0x0000020146b10000, 0x0000020148b10000)

Polling page: 0x00000201314d0000

Metaspace:

Usage:
  Non-class:     46.51 MB used.
      Class:      7.17 MB used.
       Both:     53.68 MB used.

Virtual space:
  Non-class space:       64.00 MB reserved,      46.81 MB ( 73%) committed,  1 nodes.
      Class space:        1.00 GB reserved,       7.44 MB ( <1%) committed,  1 nodes.
             Both:        1.06 GB reserved,      54.25 MB (  5%) committed. 

Chunk freelists:
   Non-Class:  580.00 KB
       Class:  8.45 MB
        Both:  9.02 MB

MaxMetaspaceSize: unlimited
CompressedClassSpaceSize: 1.00 GB
Initial GC threshold: 21.00 MB
Current GC threshold: 90.44 MB
CDS: off
MetaspaceReclaimPolicy: balanced
 - commit_granule_bytes: 65536.
 - commit_granule_words: 8192.
 - virtual_space_node_default_size: 8388608.
 - enlarge_chunks_in_place: 1.
 - new_chunks_are_fully_committed: 0.
 - uncommit_free_chunks: 1.
 - use_allocation_guard: 0.
 - handle_deallocations: 1.


Internal statistics:

num_allocs_failed_limit: 6.
num_arena_births: 582.
num_arena_deaths: 0.
num_vsnodes_births: 2.
num_vsnodes_deaths: 0.
num_space_committed: 868.
num_space_uncommitted: 0.
num_chunks_returned_to_freelist: 6.
num_chunks_taken_from_freelist: 2450.
num_chunk_merges: 6.
num_chunk_splits: 1579.
num_chunks_enlarged: 1019.
num_inconsistent_stats: 0.

CodeHeap 'non-profiled nmethods': size=120000Kb used=3019Kb max_used=3659Kb free=116980Kb
 bounds [0x000002013e490000, 0x000002013e830000, 0x00000201459c0000]
CodeHeap 'profiled nmethods': size=120000Kb used=9904Kb max_used=11001Kb free=110095Kb
 bounds [0x00000201369c0000, 0x0000020137480000, 0x000002013def0000]
CodeHeap 'non-nmethods': size=5760Kb used=2320Kb max_used=2377Kb free=3439Kb
 bounds [0x000002013def0000, 0x000002013e160000, 0x000002013e490000]
 total_blobs=6134 nmethods=5299 adapters=747
 compilation: enabled
              stopped_count=0, restarted_count=0
 full_count=0

Compilation events (20 events):
Event: 6.350 Thread 0x000002014d7be6a0 6110   !   3       java.util.jar.JarFile::getBytes (186 bytes)
Event: 6.351 Thread 0x000002014d7be6a0 nmethod 6110 0x0000020136ad3e10 code [0x0000020136ad41a0, 0x0000020136ad55a8]
Event: 6.354 Thread 0x000002014d7be6a0 6111       3       java.util.jar.Manifest::read (415 bytes)
Event: 6.355 Thread 0x000002014d7be6a0 nmethod 6111 0x0000020136a5b110 code [0x0000020136a5b620, 0x0000020136a5dd38]
Event: 6.357 Thread 0x000002014d7be6a0 6112       3       jdk.internal.loader.URLClassPath$3::run (172 bytes)
Event: 6.357 Thread 0x000002014d7be6a0 nmethod 6112 0x0000020136aa9410 code [0x0000020136aa9740, 0x0000020136aaa8c8]
Event: 6.357 Thread 0x000002014d7be6a0 6115   !   3       jdk.internal.loader.URLClassPath$JarLoader$1::run (175 bytes)
Event: 6.358 Thread 0x000002014d7be6a0 nmethod 6115 0x0000020136ba1c90 code [0x0000020136ba1ec0, 0x0000020136ba2618]
Event: 6.358 Thread 0x000002014d7be6a0 6113       3       jdk.internal.loader.URLClassPath$JarLoader::<init> (67 bytes)
Event: 6.358 Thread 0x000002014d7be6a0 nmethod 6113 0x0000020136fcd190 code [0x0000020136fcd420, 0x0000020136fce018]
Event: 6.358 Thread 0x000002014d7be6a0 6114       3       jdk.internal.loader.URLClassPath$Loader::<init> (10 bytes)
Event: 6.358 Thread 0x000002014d7be6a0 nmethod 6114 0x0000020136fccd90 code [0x0000020136fccf20, 0x0000020136fcd0d8]
Event: 6.358 Thread 0x000002014d7be6a0 6116       3       jdk.internal.loader.URLClassPath$JarLoader::getJarFile (102 bytes)
Event: 6.358 Thread 0x000002014d7be6a0 nmethod 6116 0x0000020136f4a410 code [0x0000020136f4a6e0, 0x0000020136f4b3c8]
Event: 6.358 Thread 0x000002014d7be6a0 6117       3       jdk.internal.loader.URLClassPath$JarLoader::isOptimizable (10 bytes)
Event: 6.359 Thread 0x000002014d7be6a0 nmethod 6117 0x0000020136fcc910 code [0x0000020136fccac0, 0x0000020136fccc28]
Event: 6.360 Thread 0x000002014d7bdbf0 6118   !   4       java.util.zip.ZipFile$ZipFileInflaterInputStream::close (67 bytes)
Event: 6.363 Thread 0x000002014dc76ab0 6119       4       sun.net.www.protocol.jar.Handler::checkNestedProtocol (18 bytes)
Event: 6.368 Thread 0x000002014dc76ab0 nmethod 6119 0x000002013e6b9a10 code [0x000002013e6b9bc0, 0x000002013e6ba1d8]
Event: 6.369 Thread 0x000002014d7bdbf0 nmethod 6118 0x000002013e548e90 code [0x000002013e549080, 0x000002013e549d30]

GC Heap History (20 events):
Event: 2.164 GC heap after
{Heap after GC invocations=5 (full 0):
 garbage-first heap   total 68608K, used 20031K [0x0000000080000000, 0x0000000100000000)
  region size 1024K, 3 young (3072K), 3 survivors (3072K)
 Metaspace       used 26166K, committed 26432K, reserved 1114112K
  class space    used 3442K, committed 3584K, reserved 1048576K
}
Event: 2.176 GC heap before
{Heap before GC invocations=5 (full 0):
 garbage-first heap   total 68608K, used 21055K [0x0000000080000000, 0x0000000100000000)
  region size 1024K, 4 young (4096K), 3 survivors (3072K)
 Metaspace       used 26281K, committed 26560K, reserved 1114112K
  class space    used 3462K, committed 3584K, reserved 1048576K
}
Event: 2.179 GC heap after
{Heap after GC invocations=6 (full 0):
 garbage-first heap   total 68608K, used 20116K [0x0000000080000000, 0x0000000100000000)
  region size 1024K, 1 young (1024K), 1 survivors (1024K)
 Metaspace       used 26281K, committed 26560K, reserved 1114112K
  class space    used 3462K, committed 3584K, reserved 1048576K
}
Event: 2.797 GC heap before
{Heap before GC invocations=6 (full 0):
 garbage-first heap   total 68608K, used 52884K [0x0000000080000000, 0x0000000100000000)
  region size 1024K, 27 young (27648K), 1 survivors (1024K)
 Metaspace       used 29760K, committed 30080K, reserved 1114112K
  class space    used 4072K, committed 4224K, reserved 1048576K
}
Event: 2.801 GC heap after
{Heap after GC invocations=7 (full 0):
 garbage-first heap   total 119808K, used 32652K [0x0000000080000000, 0x0000000100000000)
  region size 1024K, 4 young (4096K), 4 survivors (4096K)
 Metaspace       used 29760K, committed 30080K, reserved 1114112K
  class space    used 4072K, committed 4224K, reserved 1048576K
}
Event: 3.427 GC heap before
{Heap before GC invocations=7 (full 0):
 garbage-first heap   total 119808K, used 70540K [0x0000000080000000, 0x0000000100000000)
  region size 1024K, 42 young (43008K), 4 survivors (4096K)
 Metaspace       used 35653K, committed 35968K, reserved 1114112K
  class space    used 4974K, committed 5120K, reserved 1048576K
}
Event: 3.431 GC heap after
{Heap after GC invocations=8 (full 0):
 garbage-first heap   total 119808K, used 34843K [0x0000000080000000, 0x0000000100000000)
  region size 1024K, 2 young (2048K), 2 survivors (2048K)
 Metaspace       used 35653K, committed 35968K, reserved 1114112K
  class space    used 4974K, committed 5120K, reserved 1048576K
}
Event: 4.170 GC heap before
{Heap before GC invocations=9 (full 0):
 garbage-first heap   total 119808K, used 89115K [0x0000000080000000, 0x0000000100000000)
  region size 1024K, 53 young (54272K), 2 survivors (2048K)
 Metaspace       used 44130K, committed 44608K, reserved 1114112K
  class space    used 5798K, committed 6016K, reserved 1048576K
}
Event: 4.179 GC heap after
{Heap after GC invocations=10 (full 0):
 garbage-first heap   total 119808K, used 40836K [0x0000000080000000, 0x0000000100000000)
  region size 1024K, 7 young (7168K), 7 survivors (7168K)
 Metaspace       used 44130K, committed 44608K, reserved 1114112K
  class space    used 5798K, committed 6016K, reserved 1048576K
}
Event: 4.195 GC heap before
{Heap before GC invocations=10 (full 0):
 garbage-first heap   total 119808K, used 41860K [0x0000000080000000, 0x0000000100000000)
  region size 1024K, 8 young (8192K), 7 survivors (7168K)
 Metaspace       used 44250K, committed 44672K, reserved 1114112K
  class space    used 5823K, committed 6016K, reserved 1048576K
}
Event: 4.203 GC heap after
{Heap after GC invocations=11 (full 0):
 garbage-first heap   total 119808K, used 41112K [0x0000000080000000, 0x0000000100000000)
  region size 1024K, 1 young (1024K), 1 survivors (1024K)
 Metaspace       used 44250K, committed 44672K, reserved 1114112K
  class space    used 5823K, committed 6016K, reserved 1048576K
}
Event: 4.914 GC heap before
{Heap before GC invocations=11 (full 0):
 garbage-first heap   total 119808K, used 92312K [0x0000000080000000, 0x0000000100000000)
  region size 1024K, 46 young (47104K), 1 survivors (1024K)
 Metaspace       used 49066K, committed 49536K, reserved 1114112K
  class space    used 6410K, committed 6592K, reserved 1048576K
}
Event: 4.920 GC heap after
{Heap after GC invocations=12 (full 0):
 garbage-first heap   total 119808K, used 51798K [0x0000000080000000, 0x0000000100000000)
  region size 1024K, 6 young (6144K), 6 survivors (6144K)
 Metaspace       used 49066K, committed 49536K, reserved 1114112K
  class space    used 6410K, committed 6592K, reserved 1048576K
}
Event: 5.554 GC heap before
{Heap before GC invocations=12 (full 0):
 garbage-first heap   total 119808K, used 91734K [0x0000000080000000, 0x0000000100000000)
  region size 1024K, 45 young (46080K), 6 survivors (6144K)
 Metaspace       used 52315K, committed 52800K, reserved 1114112K
  class space    used 6974K, committed 7168K, reserved 1048576K
}
Event: 5.561 GC heap after
{Heap after GC invocations=13 (full 0):
 garbage-first heap   total 119808K, used 55728K [0x0000000080000000, 0x0000000100000000)
  region size 1024K, 4 young (4096K), 4 survivors (4096K)
 Metaspace       used 52315K, committed 52800K, reserved 1114112K
  class space    used 6974K, committed 7168K, reserved 1048576K
}
Event: 6.136 GC heap before
{Heap before GC invocations=13 (full 0):
 garbage-first heap   total 119808K, used 92592K [0x0000000080000000, 0x0000000100000000)
  region size 1024K, 40 young (40960K), 4 survivors (4096K)
 Metaspace       used 54726K, committed 55296K, reserved 1114112K
  class space    used 7327K, committed 7616K, reserved 1048576K
}
Event: 6.140 GC heap after
{Heap after GC invocations=14 (full 0):
 garbage-first heap   total 119808K, used 58671K [0x0000000080000000, 0x0000000100000000)
  region size 1024K, 3 young (3072K), 3 survivors (3072K)
 Metaspace       used 54726K, committed 55296K, reserved 1114112K
  class space    used 7327K, committed 7616K, reserved 1048576K
}
Event: 6.322 GC heap before
{Heap before GC invocations=14 (full 0):
 garbage-first heap   total 119808K, used 71983K [0x0000000080000000, 0x0000000100000000)
  region size 1024K, 18 young (18432K), 3 survivors (3072K)
 Metaspace       used 54964K, committed 55552K, reserved 1114112K
  class space    used 7339K, committed 7616K, reserved 1048576K
}
Event: 6.327 GC heap after
{Heap after GC invocations=15 (full 0):
 garbage-first heap   total 119808K, used 61456K [0x0000000080000000, 0x0000000100000000)
  region size 1024K, 4 young (4096K), 4 survivors (4096K)
 Metaspace       used 54964K, committed 55552K, reserved 1114112K
  class space    used 7339K, committed 7616K, reserved 1048576K
}
Event: 6.375 GC heap before
{Heap before GC invocations=16 (full 0):
 garbage-first heap   total 119808K, used 65552K [0x0000000080000000, 0x0000000100000000)
  region size 1024K, 6 young (6144K), 4 survivors (4096K)
 Metaspace       used 54968K, committed 55552K, reserved 1114112K
  class space    used 7339K, committed 7616K, reserved 1048576K
}

Dll operation events (2 events):
Event: 0.005 Loaded shared library C:\Program Files\Android\Android Studio\jbr\bin\java.dll
Event: 0.276 Loaded shared library C:\Program Files\Android\Android Studio\jbr\bin\verify.dll

Deoptimization events (20 events):
Event: 6.128 Thread 0x000002015555d370 DEOPT PACKING pc=0x000002013e812834 sp=0x0000007c89ffdf00
Event: 6.128 Thread 0x000002015555d370 DEOPT UNPACKING pc=0x000002013df469a3 sp=0x0000007c89ffdeb0 mode 2
Event: 6.146 Thread 0x0000020152200cd0 DEOPT PACKING pc=0x0000020136f76243 sp=0x0000007c830fe960
Event: 6.146 Thread 0x0000020152200cd0 DEOPT UNPACKING pc=0x000002013df47143 sp=0x0000007c830fdde8 mode 0
Event: 6.187 Thread 0x000002015384db00 Uncommon trap: trap_request=0xffffff45 fr.pc=0x000002013e713e30 relative=0x0000000000000370
Event: 6.187 Thread 0x000002015384db00 Uncommon trap: reason=unstable_if action=reinterpret pc=0x000002013e713e30 method=org.gradle.internal.snapshot.PathUtil.equalChars(CCLorg/gradle/internal/snapshot/CaseSensitivity;)Z @ 40 c2
Event: 6.187 Thread 0x000002015384db00 DEOPT PACKING pc=0x000002013e713e30 sp=0x0000007c83bf7d80
Event: 6.187 Thread 0x000002015384db00 DEOPT UNPACKING pc=0x000002013df469a3 sp=0x0000007c83bf7d10 mode 2
Event: 6.294 Thread 0x000002015384db00 DEOPT PACKING pc=0x0000020136b23893 sp=0x0000007c83bf8ad0
Event: 6.294 Thread 0x000002015384db00 DEOPT UNPACKING pc=0x000002013df47143 sp=0x0000007c83bf8008 mode 0
Event: 6.294 Thread 0x000002015384db00 DEOPT PACKING pc=0x000002013738d8d1 sp=0x0000007c83bf8a50
Event: 6.294 Thread 0x000002015384db00 DEOPT UNPACKING pc=0x000002013df47143 sp=0x0000007c83bf7f48 mode 0
Event: 6.296 Thread 0x000002015384db00 DEOPT PACKING pc=0x0000020136b23893 sp=0x0000007c83bf8ad0
Event: 6.296 Thread 0x000002015384db00 DEOPT UNPACKING pc=0x000002013df47143 sp=0x0000007c83bf8008 mode 0
Event: 6.296 Thread 0x000002015384db00 DEOPT PACKING pc=0x000002013738d8d1 sp=0x0000007c83bf8a50
Event: 6.296 Thread 0x000002015384db00 DEOPT UNPACKING pc=0x000002013df47143 sp=0x0000007c83bf7f48 mode 0
Event: 6.302 Thread 0x000002015384db00 Uncommon trap: trap_request=0xffffffc6 fr.pc=0x000002013e6de3f0 relative=0x0000000000003a90
Event: 6.302 Thread 0x000002015384db00 Uncommon trap: reason=bimorphic_or_optimized_type_check action=maybe_recompile pc=0x000002013e6de3f0 method=java.util.AbstractCollection.addAll(Ljava/util/Collection;)Z @ 29 c2
Event: 6.302 Thread 0x000002015384db00 DEOPT PACKING pc=0x000002013e6de3f0 sp=0x0000007c83bfaef0
Event: 6.302 Thread 0x000002015384db00 DEOPT UNPACKING pc=0x000002013df469a3 sp=0x0000007c83bfaee0 mode 2

Classes unloaded (0 events):
No events

Classes redefined (0 events):
No events

Internal exceptions (20 events):
Event: 5.580 Thread 0x000002015384db00 Exception <a 'java/lang/ClassNotFoundException'{0x0000000087bf63c0}: org/gradle/plugin/use/internal/PluginRequestCollector$PluginDependenciesSpecImplCustomizer> (0x0000000087bf63c0) 
thrown [s\src\hotspot\share\classfile\systemDictionary.cpp, line 256]
Event: 5.583 Thread 0x000002015384db00 Exception <a 'java/lang/ClassNotFoundException'{0x000000008732ff80}: org/gradle/plugin/use/internal/PluginRequestCollector$PluginDependencySpecImplBeanInfo> (0x000000008732ff80) 
thrown [s\src\hotspot\share\classfile\systemDictionary.cpp, line 256]
Event: 5.583 Thread 0x000002015384db00 Exception <a 'java/lang/ClassNotFoundException'{0x0000000087341d90}: org/gradle/plugin/use/internal/PluginRequestCollector$PluginDependencySpecImplCustomizer> (0x0000000087341d90) 
thrown [s\src\hotspot\share\classfile\systemDictionary.cpp, line 256]
Event: 5.731 Thread 0x000002015384db00 Exception <a 'java/lang/NoSuchMethodError'{0x0000000086a104b0}: 'java.lang.Object java.lang.invoke.DirectMethodHandle$Holder.newInvokeSpecial(java.lang.Object, java.lang.Object, java.lang.Object, java.lang.Object, java.lang.Object, int)'> (0x0000000086a104b0) 
thrown [s\src\hotspot\share\interpreter\linkResolver.cpp, line 771]
Event: 5.731 Thread 0x000002015384db00 Exception <a 'java/lang/NoSuchMethodError'{0x0000000086a15b08}: 'java.lang.Object java.lang.invoke.DirectMethodHandle$Holder.invokeSpecial(java.lang.Object, java.lang.Object, java.lang.Object, java.lang.Object, java.lang.Object, java.lang.Object, int)'> (0x0000000086a15b08) 
thrown [s\src\hotspot\share\interpreter\linkResolver.cpp, line 771]
Event: 5.746 Thread 0x000002015384db00 Exception <a 'java/lang/NoSuchMethodError'{0x0000000086aadea0}: 'void java.lang.invoke.DirectMethodHandle$Holder.invokeStatic(java.lang.Object, java.lang.Object, java.lang.Object, int, java.lang.Object)'> (0x0000000086aadea0) 
thrown [s\src\hotspot\share\interpreter\linkResolver.cpp, line 771]
Event: 5.775 Thread 0x000002015384db00 Exception <a 'java/lang/NoSuchMethodError'{0x000000008697c788}: 'java.lang.Object java.lang.invoke.DelegatingMethodHandle$Holder.reinvoke_L(java.lang.Object, java.lang.Object, java.lang.Object, java.lang.Object, java.lang.Object, java.lang.Object, java.lang.Object, java.lang.Object, java.lang.Object, java.lang.Object, java.lang.Object, java.lang.Object, java.lang.Object, java.lang.Object, java.lang.Object, java.lang.Object, java.lang.Object, java.lang.Object, java.lang.Object, java.lang.Object, java.lang.O
Event: 5.776 Thread 0x000002015384db00 Exception <a 'java/lang/NoSuchMethodError'{0x00000000869995d8}: 'java.lang.Object java.lang.invoke.Invokers$Holder.invoker(java.lang.Object, java.lang.Object, java.lang.Object, java.lang.Object, java.lang.Object, java.lang.Object, java.lang.Object, java.lang.Object, java.lang.Object, java.lang.Object, java.lang.Object, java.lang.Object, java.lang.Object, java.lang.Object, java.lang.Object, java.lang.Object, java.lang.Object, java.lang.Object, java.lang.Object, java.lang.Object, java.lang.Object)'> (0x00000
Event: 5.776 Thread 0x000002015384db00 Exception <a 'java/lang/NoSuchMethodError'{0x00000000869a0808}: 'java.lang.Object java.lang.invoke.DelegatingMethodHandle$Holder.delegate(java.lang.Object, java.lang.Object, java.lang.Object, java.lang.Object, java.lang.Object, java.lang.Object, java.lang.Object, java.lang.Object, java.lang.Object, java.lang.Object, java.lang.Object, java.lang.Object, java.lang.Object, java.lang.Object, java.lang.Object, java.lang.Object, java.lang.Object, java.lang.Object, java.lang.Object, java.lang.Object, java.lang.Obj
Event: 5.782 Thread 0x000002015384db00 Exception <a 'java/lang/NoSuchMethodError'{0x0000000086810e28}: 'java.lang.Object java.lang.invoke.DirectMethodHandle$Holder.invokeStatic(java.lang.Object, java.lang.Object, java.lang.Object, java.lang.Object, java.lang.Object, java.lang.Object, java.lang.Object, java.lang.Object, java.lang.Object, java.lang.Object, java.lang.Object, java.lang.Object, java.lang.Object, java.lang.Object, java.lang.Object, java.lang.Object, java.lang.Object)'> (0x0000000086810e28) 
thrown [s\src\hotspot\share\interpreter\lin
Event: 5.784 Thread 0x000002015384db00 Exception <a 'java/lang/NoSuchMethodError'{0x0000000086838f98}: 'java.lang.Object java.lang.invoke.DirectMethodHandle$Holder.invokeStatic(java.lang.Object, java.lang.Object, java.lang.Object, java.lang.Object, java.lang.Object, java.lang.Object, java.lang.Object, java.lang.Object, java.lang.Object, java.lang.Object, java.lang.Object, java.lang.Object, java.lang.Object, java.lang.Object, java.lang.Object, java.lang.Object, java.lang.Object, java.lang.Object)'> (0x0000000086838f98) 
thrown [s\src\hotspot\sha
Event: 5.786 Thread 0x000002015384db00 Exception <a 'java/lang/NoSuchMethodError'{0x0000000086861b68}: 'java.lang.Object java.lang.invoke.DirectMethodHandle$Holder.invokeStatic(java.lang.Object, java.lang.Object, java.lang.Object, java.lang.Object, java.lang.Object, java.lang.Object, java.lang.Object, java.lang.Object, java.lang.Object, java.lang.Object, java.lang.Object, java.lang.Object, java.lang.Object, java.lang.Object, java.lang.Object, java.lang.Object, java.lang.Object, java.lang.Object, java.lang.Object)'> (0x0000000086861b68) 
thrown 
Event: 5.789 Thread 0x000002015384db00 Exception <a 'java/lang/NoSuchMethodError'{0x000000008688bc10}: 'java.lang.Object java.lang.invoke.DirectMethodHandle$Holder.invokeStatic(java.lang.Object, java.lang.Object, java.lang.Object, java.lang.Object, java.lang.Object, java.lang.Object, java.lang.Object, java.lang.Object, java.lang.Object, java.lang.Object, java.lang.Object, java.lang.Object, java.lang.Object, java.lang.Object, java.lang.Object, java.lang.Object, java.lang.Object, java.lang.Object, java.lang.Object, java.lang.Object)'> (0x00000000
Event: 5.791 Thread 0x000002015384db00 Exception <a 'java/lang/NoSuchMethodError'{0x00000000868b6ac8}: 'java.lang.Object java.lang.invoke.DirectMethodHandle$Holder.invokeStatic(java.lang.Object, java.lang.Object, java.lang.Object, java.lang.Object, java.lang.Object, java.lang.Object, java.lang.Object, java.lang.Object, java.lang.Object, java.lang.Object, java.lang.Object, java.lang.Object, java.lang.Object, java.lang.Object, java.lang.Object, java.lang.Object, java.lang.Object, java.lang.Object, java.lang.Object, java.lang.Object, java.lang.Obj
Event: 5.793 Thread 0x000002015384db00 Exception <a 'java/lang/NoSuchMethodError'{0x00000000868e2320}: 'java.lang.Object java.lang.invoke.DirectMethodHandle$Holder.invokeStatic(java.lang.Object, java.lang.Object, java.lang.Object, java.lang.Object, java.lang.Object, java.lang.Object, java.lang.Object, java.lang.Object, java.lang.Object, java.lang.Object, java.lang.Object, java.lang.Object, java.lang.Object, java.lang.Object, java.lang.Object, java.lang.Object, java.lang.Object, java.lang.Object, java.lang.Object, java.lang.Object, java.lang.Obj
Event: 5.796 Thread 0x000002015384db00 Exception <a 'java/lang/NoSuchMethodError'{0x000000008670fac0}: 'java.lang.Object java.lang.invoke.DirectMethodHandle$Holder.invokeStatic(java.lang.Object, java.lang.Object, java.lang.Object, java.lang.Object, java.lang.Object, java.lang.Object, java.lang.Object, java.lang.Object, java.lang.Object, java.lang.Object, java.lang.Object, java.lang.Object, java.lang.Object, java.lang.Object, java.lang.Object, java.lang.Object, java.lang.Object, java.lang.Object, java.lang.Object, java.lang.Object, java.lang.Obj
Event: 5.799 Thread 0x000002015384db00 Exception <a 'java/lang/NoSuchMethodError'{0x000000008673e668}: 'java.lang.Object java.lang.invoke.DirectMethodHandle$Holder.invokeStatic(java.lang.Object, java.lang.Object, java.lang.Object, java.lang.Object, java.lang.Object, java.lang.Object, java.lang.Object, java.lang.Object, java.lang.Object, java.lang.Object, java.lang.Object, java.lang.Object, java.lang.Object, java.lang.Object, java.lang.Object, java.lang.Object, java.lang.Object, java.lang.Object, java.lang.Object, java.lang.Object, java.lang.Obj
Event: 6.032 Thread 0x000002015384db00 Implicit null exception at 0x000002013e800fef to 0x000002013e801238
Event: 6.313 Thread 0x000002015384db00 Exception <a 'java/lang/ClassNotFoundException'{0x00000000866293b0}: build_6h99htvma3vzjloxfwkuju3uzBeanInfo> (0x00000000866293b0) 
thrown [s\src\hotspot\share\classfile\systemDictionary.cpp, line 256]
Event: 6.313 Thread 0x000002015384db00 Exception <a 'java/lang/ClassNotFoundException'{0x000000008662fbe8}: build_6h99htvma3vzjloxfwkuju3uzCustomizer> (0x000000008662fbe8) 
thrown [s\src\hotspot\share\classfile\systemDictionary.cpp, line 256]

VM Operations (20 events):
Event: 5.962 Executing VM operation: ICBufferFull done
Event: 6.057 Executing VM operation: HandshakeAllThreads
Event: 6.057 Executing VM operation: HandshakeAllThreads done
Event: 6.082 Executing VM operation: HandshakeAllThreads
Event: 6.082 Executing VM operation: HandshakeAllThreads done
Event: 6.101 Executing VM operation: HandshakeAllThreads
Event: 6.102 Executing VM operation: HandshakeAllThreads done
Event: 6.102 Executing VM operation: ICBufferFull
Event: 6.102 Executing VM operation: ICBufferFull done
Event: 6.136 Executing VM operation: G1CollectForAllocation
Event: 6.141 Executing VM operation: G1CollectForAllocation done
Event: 6.311 Executing VM operation: ICBufferFull
Event: 6.312 Executing VM operation: ICBufferFull done
Event: 6.322 Executing VM operation: G1TryInitiateConcMark
Event: 6.327 Executing VM operation: G1TryInitiateConcMark done
Event: 6.341 Executing VM operation: G1Concurrent
Event: 6.344 Executing VM operation: G1Concurrent done
Event: 6.352 Executing VM operation: G1Concurrent
Event: 6.352 Executing VM operation: G1Concurrent done
Event: 6.374 Executing VM operation: G1TryInitiateConcMark

Events (20 events):
Event: 6.110 Thread 0x000002014d929030 flushing nmethod 0x0000020137334e90
Event: 6.110 Thread 0x000002014d929030 flushing nmethod 0x000002013733b590
Event: 6.110 Thread 0x000002014d929030 flushing nmethod 0x0000020137362710
Event: 6.110 Thread 0x000002014d929030 flushing nmethod 0x0000020137389b90
Event: 6.110 Thread 0x000002014d929030 flushing nmethod 0x000002013738de10
Event: 6.110 Thread 0x000002014d929030 flushing nmethod 0x000002013738e610
Event: 6.110 Thread 0x000002014d929030 flushing nmethod 0x000002013738ec90
Event: 6.110 Thread 0x000002014d929030 flushing nmethod 0x000002013738f010
Event: 6.110 Thread 0x000002014d929030 flushing nmethod 0x0000020137392690
Event: 6.111 Thread 0x000002014d929030 flushing nmethod 0x00000201373afc90
Event: 6.111 Thread 0x000002014d929030 flushing nmethod 0x00000201373b0690
Event: 6.111 Thread 0x000002014d929030 flushing nmethod 0x00000201373b3790
Event: 6.111 Thread 0x000002014d929030 flushing nmethod 0x00000201373b6610
Event: 6.111 Thread 0x000002014d929030 flushing nmethod 0x00000201373b6a90
Event: 6.111 Thread 0x000002014d929030 flushing nmethod 0x00000201373ba110
Event: 6.111 Thread 0x000002014d929030 flushing nmethod 0x00000201373bb410
Event: 6.111 Thread 0x000002014d929030 flushing nmethod 0x00000201373bba90
Event: 6.111 Thread 0x000002014d929030 flushing nmethod 0x00000201373bc290
Event: 6.111 Thread 0x000002014d929030 flushing nmethod 0x00000201373bc710
Event: 6.111 Thread 0x000002014d929030 flushing nmethod 0x00000201373dc290


Dynamic libraries:
0x00007ff604020000 - 0x00007ff60402a000 	C:\Program Files\Android\Android Studio\jbr\bin\java.exe
0x00007ffc97c10000 - 0x00007ffc97e27000 	C:\WINDOWS\SYSTEM32\ntdll.dll
0x00007ffc95f20000 - 0x00007ffc95fe4000 	C:\WINDOWS\System32\KERNEL32.DLL
0x00007ffc95530000 - 0x00007ffc958d6000 	C:\WINDOWS\System32\KERNELBASE.dll
0x00007ffc95220000 - 0x00007ffc95331000 	C:\WINDOWS\System32\ucrtbase.dll
0x00007ffc1da90000 - 0x00007ffc1daa7000 	C:\Program Files\Android\Android Studio\jbr\bin\jli.dll
0x00007ffc830c0000 - 0x00007ffc830db000 	C:\Program Files\Android\Android Studio\jbr\bin\VCRUNTIME140.dll
0x00007ffc71080000 - 0x00007ffc71313000 	C:\WINDOWS\WinSxS\amd64_microsoft.windows.common-controls_6595b64144ccf1df_6.0.22621.2506_none_270c5ae97388e100\COMCTL32.dll
0x00007ffc95ff0000 - 0x00007ffc9619e000 	C:\WINDOWS\System32\USER32.dll
0x00007ffc96720000 - 0x00007ffc967c7000 	C:\WINDOWS\System32\msvcrt.dll
0x00007ffc97ae0000 - 0x00007ffc97b09000 	C:\WINDOWS\System32\GDI32.dll
0x00007ffc95500000 - 0x00007ffc95526000 	C:\WINDOWS\System32\win32u.dll
0x00007ffc95340000 - 0x00007ffc95458000 	C:\WINDOWS\System32\gdi32full.dll
0x00007ffc95460000 - 0x00007ffc954fa000 	C:\WINDOWS\System32\msvcp_win.dll
0x00007ffc97b10000 - 0x00007ffc97b41000 	C:\WINDOWS\System32\IMM32.DLL
0x00007ffc8d780000 - 0x00007ffc8d78c000 	C:\Program Files\Android\Android Studio\jbr\bin\vcruntime140_1.dll
0x00007ffc63170000 - 0x00007ffc631fd000 	C:\Program Files\Android\Android Studio\jbr\bin\msvcp140.dll
0x00007ffc03dc0000 - 0x00007ffc04a40000 	C:\Program Files\Android\Android Studio\jbr\bin\server\jvm.dll
0x00007ffc97820000 - 0x00007ffc978d1000 	C:\WINDOWS\System32\ADVAPI32.dll
0x00007ffc971e0000 - 0x00007ffc97285000 	C:\WINDOWS\System32\sechost.dll
0x00007ffc978e0000 - 0x00007ffc979f7000 	C:\WINDOWS\System32\RPCRT4.dll
0x00007ffc8a880000 - 0x00007ffc8a8b4000 	C:\WINDOWS\SYSTEM32\WINMM.dll
0x00007ffc8c720000 - 0x00007ffc8c729000 	C:\WINDOWS\SYSTEM32\WSOCK32.dll
0x00007ffc7ddb0000 - 0x00007ffc7ddba000 	C:\WINDOWS\SYSTEM32\VERSION.dll
0x00007ffc97b50000 - 0x00007ffc97bc1000 	C:\WINDOWS\System32\WS2_32.dll
0x00007ffc94030000 - 0x00007ffc94048000 	C:\WINDOWS\SYSTEM32\kernel.appcore.dll
0x00007ffc8aa10000 - 0x00007ffc8aa1a000 	C:\Program Files\Android\Android Studio\jbr\bin\jimage.dll
0x00007ffc92850000 - 0x00007ffc92a83000 	C:\WINDOWS\SYSTEM32\DBGHELP.DLL
0x00007ffc95b90000 - 0x00007ffc95f19000 	C:\WINDOWS\System32\combase.dll
0x00007ffc96350000 - 0x00007ffc96427000 	C:\WINDOWS\System32\OLEAUT32.dll
0x00007ffc6e420000 - 0x00007ffc6e452000 	C:\WINDOWS\SYSTEM32\dbgcore.DLL
0x00007ffc958e0000 - 0x00007ffc9595a000 	C:\WINDOWS\System32\bcryptPrimitives.dll
0x00007ffc8a9e0000 - 0x00007ffc8aa05000 	C:\Program Files\Android\Android Studio\jbr\bin\java.dll
0x00007ffc8a9c0000 - 0x00007ffc8a9d8000 	C:\Program Files\Android\Android Studio\jbr\bin\zip.dll
0x00007ffc96930000 - 0x00007ffc9718a000 	C:\WINDOWS\System32\SHELL32.dll
0x00007ffc92e60000 - 0x00007ffc93756000 	C:\WINDOWS\SYSTEM32\windows.storage.dll
0x00007ffc92d20000 - 0x00007ffc92e5e000 	C:\WINDOWS\SYSTEM32\wintypes.dll
0x00007ffc965c0000 - 0x00007ffc966b3000 	C:\WINDOWS\System32\SHCORE.dll
0x00007ffc966c0000 - 0x00007ffc9671e000 	C:\WINDOWS\System32\shlwapi.dll
0x00007ffc94eb0000 - 0x00007ffc94ed6000 	C:\WINDOWS\SYSTEM32\profapi.dll
0x00007ffc8a9a0000 - 0x00007ffc8a9b9000 	C:\Program Files\Android\Android Studio\jbr\bin\net.dll
0x00007ffc8cc30000 - 0x00007ffc8cd67000 	C:\WINDOWS\SYSTEM32\WINHTTP.dll
0x00007ffc944a0000 - 0x00007ffc94509000 	C:\WINDOWS\system32\mswsock.dll
0x00007ffc8a980000 - 0x00007ffc8a996000 	C:\Program Files\Android\Android Studio\jbr\bin\nio.dll
0x00007ffc8a8d0000 - 0x00007ffc8a8e0000 	C:\Program Files\Android\Android Studio\jbr\bin\verify.dll
0x00007ffc8c730000 - 0x00007ffc8c757000 	C:\Users\PMLS\.gradle\native\68d5fa5c4cc2d200863cafc0d521ce42e7d3e7ee720ec0a83991735586a16f82\windows-amd64\native-platform.dll
0x00007ffc597e0000 - 0x00007ffc59924000 	C:\Users\PMLS\.gradle\native\e376f236ea51e6404a007f0833ffe2c6e607c4080706a723a18a27aeea778392\windows-amd64\native-platform-file-events.dll
0x00007ffc8a8e0000 - 0x00007ffc8a8e9000 	C:\Program Files\Android\Android Studio\jbr\bin\management.dll
0x00007ffc8a8c0000 - 0x00007ffc8a8cb000 	C:\Program Files\Android\Android Studio\jbr\bin\management_ext.dll
0x00007ffc97ad0000 - 0x00007ffc97ad8000 	C:\WINDOWS\System32\PSAPI.DLL
0x00007ffc947f0000 - 0x00007ffc9480b000 	C:\WINDOWS\SYSTEM32\CRYPTSP.dll
0x00007ffc93f90000 - 0x00007ffc93fc5000 	C:\WINDOWS\system32\rsaenh.dll
0x00007ffc94540000 - 0x00007ffc9456c000 	C:\WINDOWS\SYSTEM32\USERENV.dll
0x00007ffc94930000 - 0x00007ffc94958000 	C:\WINDOWS\SYSTEM32\bcrypt.dll
0x00007ffc947d0000 - 0x00007ffc947dc000 	C:\WINDOWS\SYSTEM32\CRYPTBASE.dll
0x00007ffc93a30000 - 0x00007ffc93a5d000 	C:\WINDOWS\SYSTEM32\IPHLPAPI.DLL
0x00007ffc97290000 - 0x00007ffc97299000 	C:\WINDOWS\System32\NSI.dll
0x00007ffc8c6f0000 - 0x00007ffc8c709000 	C:\WINDOWS\SYSTEM32\dhcpcsvc6.DLL
0x00007ffc8c650000 - 0x00007ffc8c66f000 	C:\WINDOWS\SYSTEM32\dhcpcsvc.DLL
0x00007ffc93aa0000 - 0x00007ffc93b99000 	C:\WINDOWS\SYSTEM32\DNSAPI.dll
0x00007ffc71ad0000 - 0x00007ffc71ad8000 	C:\WINDOWS\system32\wshunix.dll

dbghelp: loaded successfully - version: 4.0.5 - missing functions: none
symbol engine: initialized successfully - sym options: 0x614 - pdb path: .;C:\Program Files\Android\Android Studio\jbr\bin;C:\WINDOWS\SYSTEM32;C:\WINDOWS\WinSxS\amd64_microsoft.windows.common-controls_6595b64144ccf1df_6.0.22621.2506_none_270c5ae97388e100;C:\Program Files\Android\Android Studio\jbr\bin\server;C:\Users\PMLS\.gradle\native\68d5fa5c4cc2d200863cafc0d521ce42e7d3e7ee720ec0a83991735586a16f82\windows-amd64;C:\Users\PMLS\.gradle\native\e376f236ea51e6404a007f0833ffe2c6e607c4080706a723a18a27aeea778392\windows-amd64

VM Arguments:
jvm_args: --add-opens=java.base/java.util=ALL-UNNAMED --add-opens=java.base/java.lang=ALL-UNNAMED --add-opens=java.base/java.lang.invoke=ALL-UNNAMED --add-opens=java.prefs/java.util.prefs=ALL-UNNAMED --add-opens=java.base/java.nio.charset=ALL-UNNAMED --add-opens=java.base/java.net=ALL-UNNAMED --add-opens=java.base/java.util.concurrent.atomic=ALL-UNNAMED -Xmx2048m -Dfile.encoding=UTF-8 -Duser.country=US -Duser.language=en -Duser.variant 
java_command: org.gradle.launcher.daemon.bootstrap.GradleDaemon 8.0
java_class_path (initial): C:\Users\PMLS\.gradle\wrapper\dists\gradle-8.0-bin\ca5e32bp14vu59qr306oxotwh\gradle-8.0\lib\gradle-launcher-8.0.jar
Launcher Type: SUN_STANDARD

[Global flags]
     intx CICompilerCount                          = 4                                         {product} {ergonomic}
     uint ConcGCThreads                            = 3                                         {product} {ergonomic}
     uint G1ConcRefinementThreads                  = 10                                        {product} {ergonomic}
   size_t G1HeapRegionSize                         = 1048576                                   {product} {ergonomic}
    uintx GCDrainStackTargetSize                   = 64                                        {product} {ergonomic}
   size_t InitialHeapSize                          = 130023424                                 {product} {ergonomic}
   size_t MarkStackSize                            = 4194304                                   {product} {ergonomic}
   size_t MaxHeapSize                              = 2147483648                                {product} {command line}
   size_t MaxNewSize                               = 1287651328                                {product} {ergonomic}
   size_t MinHeapDeltaBytes                        = 1048576                                   {product} {ergonomic}
   size_t MinHeapSize                              = 8388608                                   {product} {ergonomic}
    uintx NonNMethodCodeHeapSize                   = 5839372                                {pd product} {ergonomic}
    uintx NonProfiledCodeHeapSize                  = 122909434                              {pd product} {ergonomic}
    uintx ProfiledCodeHeapSize                     = 122909434                              {pd product} {ergonomic}
    uintx ReservedCodeCacheSize                    = 251658240                              {pd product} {ergonomic}
     bool SegmentedCodeCache                       = true                                      {product} {ergonomic}
   size_t SoftMaxHeapSize                          = 2147483648                             {manageable} {ergonomic}
     bool UseCompressedClassPointers               = true                           {product lp64_product} {ergonomic}
     bool UseCompressedOops                        = true                           {product lp64_product} {ergonomic}
     bool UseG1GC                                  = true                                      {product} {ergonomic}
     bool UseLargePagesIndividualAllocation        = false                                  {pd product} {ergonomic}

Logging:
Log output configuration:
 #0: stdout all=warning uptime,level,tags
 #1: stderr all=off uptime,level,tags

Environment Variables:
PATH=C:\WINDOWS\system32;C:\WINDOWS;C:\WINDOWS\System32\Wbem;C:\WINDOWS\System32\WindowsPowerShell\v1.0\;C:\WINDOWS\System32\OpenSSH\;C:\Users\PMLS\AppData\Local\Microsoft\WindowsApps;;C:\Users\PMLS\AppData\Local\Programs\Microsoft VS Code\bin
USERNAME=Muhammad Noman Khan
OS=Windows_NT
PROCESSOR_IDENTIFIER=Intel64 Family 6 Model 154 Stepping 4, GenuineIntel
TMP=C:\Users\PMLS\AppData\Local\Temp
TEMP=C:\Users\PMLS\AppData\Local\Temp


JNI global refs:
JNI global refs: 24, weak refs: 0

JNI global refs memory usage: 843, weak refs: 841

OOME stack traces (most recent first):
Classloader memory used:
Loader org.gradle.internal.classloader.VisitableURLClassLoader                         : 3192K
Loader bootstrap                                                                       : 2415K
Loader org.gradle.initialization.MixInLegacyTypesClassLoader                           : 957K
Loader org.gradle.internal.classloader.VisitableURLClassLoader                         : 161K
Loader jdk.internal.loader.ClassLoaders$PlatformClassLoader                            : 66025B
Loader jdk.internal.reflect.DelegatingClassLoader                                      : 26293B
Loader jdk.internal.loader.ClassLoaders$AppClassLoader                                 : 25771B
Loader org.gradle.groovy.scripts.internal.DefaultScriptCompilationHandler$ScriptClassLoader: 21662B
Loader org.codehaus.groovy.runtime.callsite.CallSiteClassLoader                        : 8668B

Classes loaded by more than one classloader:
Class org.gradle.internal.Cast                                                        : loaded 3 times (x 69B)
Class org.gradle.api.GradleException                                                  : loaded 3 times (x 80B)
Class org.jetbrains.plugins.gradle.model.MavenRepositoryModel                         : loaded 2 times (x 68B)
Class org.gradle.internal.classpath.ClassPath                                         : loaded 2 times (x 68B)
Class org.gradle.api.internal.classpath.DefaultModuleRegistry                         : loaded 2 times (x 84B)
Class ijinit_3jrq5wc2yg4odx2et17o49uk5                                                : loaded 2 times (x 177B)
Class com.intellij.openapi.externalSystem.model.ExternalSystemException               : loaded 2 times (x 84B)
Class org.gradle.api.Action                                                           : loaded 2 times (x 68B)
Class org.jetbrains.kotlin.idea.gradleTooling.model.samWithReceiver.SamWithReceiverModel: loaded 2 times (x 68B)
Class org.jetbrains.plugins.gradle.model.ExternalProject                              : loaded 2 times (x 68B)
Class org.jetbrains.plugins.gradle.model.IntelliJSettings                             : loaded 2 times (x 68B)
Class org.jetbrains.kotlin.idea.gradleTooling.KotlinMPPGradleModel                    : loaded 2 times (x 68B)
Class org.gradle.api.internal.DefaultClassPathProvider                                : loaded 2 times (x 74B)
Class org.gradle.internal.installation.GradleInstallation$1                           : loaded 2 times (x 73B)
Class org.gradle.internal.exceptions.DefaultMultiCauseException                       : loaded 2 times (x 85B)
Class org.gradle.tooling.model.UnsupportedMethodException                             : loaded 2 times (x 80B)
Class org.gradle.util.GradleVersion                                                   : loaded 2 times (x 81B)
Class org.gradle.internal.classloader.FilteringClassLoader                            : loaded 2 times (x 102B)
Class org.gradle.tooling.model.Model                                                  : loaded 2 times (x 68B)
Class org.gradle.internal.classpath.DefaultClassPath$ImmutableUniqueList$Builder      : loaded 2 times (x 73B)
Class org.jetbrains.kotlin.idea.gradleTooling.KotlinSourceSetContainer                : loaded 2 times (x 68B)
Class org.gradle.internal.classloader.ClassLoaderVisitor                              : loaded 2 times (x 74B)
Class org.gradle.internal.time.DefaultCountdownTimer                                  : loaded 2 times (x 86B)
Class org.gradle.internal.service.DefaultServiceLocator                               : loaded 2 times (x 81B)
Class org.gradle.internal.service.UnknownServiceException                             : loaded 2 times (x 81B)
Class org.jetbrains.plugins.gradle.model.DependencyAccessorsModel                     : loaded 2 times (x 68B)
Class org.gradle.internal.classloader.DefaultClassLoaderFactory                       : loaded 2 times (x 80B)
Class settings_3mom7878h1zm86xzfxzejz2ol                                              : loaded 2 times (x 177B)
Class org.jetbrains.plugins.gradle.model.GradleExtensions                             : loaded 2 times (x 68B)
Class org.jetbrains.plugins.gradle.model.VersionCatalogsModel                         : loaded 2 times (x 68B)
Class org.gradle.internal.classloader.VisitableURLClassLoader$Spec                    : loaded 2 times (x 72B)
Class org.gradle.tooling.model.ProjectModel                                           : loaded 2 times (x 68B)
Class org.gradle.internal.time.MonotonicClock                                         : loaded 2 times (x 75B)
Class org.gradle.tooling.internal.gradle.DefaultProjectIdentifier                     : loaded 2 times (x 84B)
Class org.gradle.api.internal.classpath.ModuleRegistry                                : loaded 2 times (x 68B)
Class org.jetbrains.plugins.gradle.model.RepositoriesModel                            : loaded 2 times (x 68B)
Class org.gradle.api.internal.ClassPathProvider                                       : loaded 2 times (x 68B)
Class org.gradle.internal.classloader.ClasspathUtil$1                                 : loaded 2 times (x 74B)
Class org.gradle.internal.classloader.ClassLoaderFactory                              : loaded 2 times (x 68B)
Class org.gradle.api.internal.classpath.ManifestUtil                                  : loaded 2 times (x 69B)
Class org.gradle.api.specs.Spec                                                       : loaded 2 times (x 68B)
Class org.gradle.tooling.internal.gradle.GradleBuildIdentity                          : loaded 2 times (x 68B)
Class org.gradle.internal.IoActions                                                   : loaded 2 times (x 69B)
Class sync_studio_tooling1709_cbmxgmk5edr8us9ibb7zvx4qe                               : loaded 2 times (x 177B)
Class org.gradle.api.internal.classpath.EffectiveClassPath                            : loaded 2 times (x 88B)
Class settings_3mom7878h1zm86xzfxzejz2ol$_run_closure1                                : loaded 2 times (x 134B)
Class org.jetbrains.kotlin.idea.gradleTooling.model.annotation.AnnotationBasedPluginModel: loaded 2 times (x 68B)
Class org.jetbrains.kotlin.idea.gradleTooling.model.assignment.AssignmentModel        : loaded 2 times (x 68B)
Class org.gradle.internal.installation.CurrentGradleInstallation                      : loaded 2 times (x 71B)
Class org.gradle.internal.installation.CurrentGradleInstallationLocator               : loaded 2 times (x 69B)
Class org.gradle.api.internal.classpath.Module                                        : loaded 2 times (x 68B)
Class org.gradle.internal.service.CachingServiceLocator                               : loaded 2 times (x 80B)
Class org.gradle.internal.time.Timer                                                  : loaded 2 times (x 68B)
Class org.jetbrains.plugins.gradle.model.tests.ExternalTestsModel                     : loaded 2 times (x 68B)
Class org.jetbrains.kotlin.idea.gradleTooling.KotlinDslScriptAdditionalTask           : loaded 2 times (x 68B)
Class org.gradle.internal.classpath.DefaultClassPath                                  : loaded 2 times (x 88B)
Class com.intellij.openapi.externalSystem.model.project.dependencies.ProjectDependencies: loaded 2 times (x 68B)
Class org.jetbrains.kotlin.idea.gradleTooling.PrepareKotlinIdeImportTaskModel         : loaded 2 times (x 68B)
Class org.gradle.internal.impldep.com.google.common.base.Preconditions                : loaded 2 times (x 69B)
Class org.gradle.internal.time.Time                                                   : loaded 2 times (x 69B)
Class org.gradle.internal.time.TimeSource$1                                           : loaded 2 times (x 75B)
Class org.gradle.internal.classloader.SystemClassLoaderSpec                           : loaded 2 times (x 69B)
Class kotlin.Function                                                                 : loaded 2 times (x 68B)
Class org.gradle.api.UncheckedIOException                                             : loaded 2 times (x 80B)
Class settings_3mom7878h1zm86xzfxzejz2ol$_run_closure1$_closure2                      : loaded 2 times (x 134B)
Class org.gradle.tooling.internal.gradle.GradleProjectIdentity                        : loaded 2 times (x 68B)
Class org.gradle.internal.time.CountdownTimer                                         : loaded 2 times (x 68B)
Class org.gradle.internal.time.Clock                                                  : loaded 2 times (x 68B)
Class org.gradle.internal.classloader.ClasspathUtil                                   : loaded 2 times (x 69B)
Class org.gradle.tooling.model.BuildIdentifier                                        : loaded 2 times (x 68B)
Class org.gradle.api.internal.DefaultClassPathRegistry                                : loaded 2 times (x 74B)
Class org.gradle.api.internal.classpath.DefaultModuleRegistry$DefaultModule           : loaded 2 times (x 84B)
Class org.gradle.internal.time.TimeSource                                             : loaded 2 times (x 68B)
Class org.jetbrains.kotlin.android.synthetic.idea.AndroidExtensionsGradleModel        : loaded 2 times (x 68B)
Class org.gradle.api.internal.classpath.UnknownModuleException                        : loaded 2 times (x 80B)
Class org.jetbrains.plugins.gradle.model.IntelliJProjectSettings                      : loaded 2 times (x 68B)
Class org.gradle.internal.service.ServiceLookupException                              : loaded 2 times (x 80B)
Class sync_studio_tooling1709_cbmxgmk5edr8us9ibb7zvx4qe$_run_closure1                 : loaded 2 times (x 134B)
Class org.gradle.cache.GlobalCache                                                    : loaded 2 times (x 68B)
Class org.jetbrains.kotlin.idea.gradleTooling.model.lombok.LombokModel                : loaded 2 times (x 68B)
Class org.gradle.tooling.model.ProjectIdentifier                                      : loaded 2 times (x 68B)
Class [Lorg.gradle.api.internal.ClassPathProvider;                                    : loaded 2 times (x 67B)
Class org.gradle.internal.operations.MultipleBuildOperationFailures                   : loaded 2 times (x 85B)
Class org.gradle.util.internal.GUtil                                                  : loaded 2 times (x 69B)
Class org.jetbrains.plugins.gradle.model.AnnotationProcessingModel                    : loaded 2 times (x 68B)
Class org.gradle.internal.classloader.ClassLoaderSpec                                 : loaded 2 times (x 69B)
Class org.jetbrains.plugins.gradle.model.BuildScriptClasspathModel                    : loaded 2 times (x 68B)
Class org.gradle.internal.classloader.VisitableURLClassLoader                         : loaded 2 times (x 114B)
Class org.gradle.internal.installation.GradleInstallation                             : loaded 2 times (x 73B)
Class org.gradle.api.internal.ClassPathRegistry                                       : loaded 2 times (x 68B)
Class org.gradle.internal.classloader.ClassLoaderHierarchy                            : loaded 2 times (x 68B)
Class org.gradle.internal.exceptions.MultiCauseException                              : loaded 2 times (x 68B)
Class org.jetbrains.kotlin.idea.gradleTooling.model.parcelize.ParcelizeGradleModel    : loaded 2 times (x 68B)
Class org.gradle.internal.InternalTransformer                                         : loaded 2 times (x 68B)
Class org.jetbrains.kotlin.idea.gradleTooling.model.noarg.NoArgModel                  : loaded 2 times (x 68B)
Class org.jetbrains.kotlin.idea.gradleTooling.KotlinGradleModel                       : loaded 2 times (x 68B)
Class org.gradle.tooling.internal.gradle.DefaultBuildIdentifier                       : loaded 2 times (x 77B)
Class org.gradle.internal.service.ServiceLocator                                      : loaded 2 times (x 68B)
Class org.jetbrains.kotlin.idea.gradleTooling.model.allopen.AllOpenModel              : loaded 2 times (x 68B)
Class org.gradle.internal.classpath.DefaultClassPath$ImmutableUniqueList              : loaded 2 times (x 159B)
Class org.gradle.internal.time.DefaultTimer                                           : loaded 2 times (x 78B)


---------------  S Y S T E M  ---------------

OS:
 Windows 11 , 64 bit Build 22621 (10.0.22621.2506)
OS uptime: 0 days 0:02 hours
Hyper-V role detected

CPU: total 12 (initial active 12) (6 cores per cpu, 2 threads per core) family 6 model 154 stepping 4 microcode 0x424, cx8, cmov, fxsr, ht, mmx, 3dnowpref, sse, sse2, sse3, ssse3, sse4.1, sse4.2, popcnt, lzcnt, tsc, tscinvbit, avx, avx2, aes, erms, clmul, bmi1, bmi2, adx, sha, fma, vzeroupper, clflush, clflushopt, clwb, hv

Memory: 4k page, system-wide physical 7916M (743M free)
TotalPageFile size 7916M (AvailPageFile size 81M)
current process WorkingSet (physical memory assigned to process): 328M, peak: 328M
current process commit charge ("private bytes"): 376M, peak: 487M

vm_info: OpenJDK 64-Bit Server VM (17.0.7+0-b2043.56-10550314) for windows-amd64 JRE (17.0.7+0-b2043.56-10550314), built on Jul 24 2023 18:27:45 by "androidbuild" with MS VC++ 16.10 / 16.11 (VS2019)

END.
